<?xml version="1.0" encoding="UTF-8"?>
<TestRun id="d618770f-c5a5-413d-991c-3969ad4077cd" name="Balaji.venkat@GSR-D076 2016-03-17 12:49:36" runUser="GSRCHENNAI\Balaji.venkat" xmlns="http://microsoft.com/schemas/VisualStudio/TeamTest/2010">
  <TestSettings name="Mytest" id="74b88cc8-9025-4f4b-81e8-1920425503d5">
    <Description>These are default test settings for a local test run.</Description>
    <Execution>
      <Timeouts runTimeout="9000000" testTimeout="0" />
      <TestTypeSpecific>
        <UnitTestRunConfig testTypeId="13cdc9d9-ddb5-4fa4-a97d-d965ccfc6d4b">
          <AssemblyResolution>
            <TestDirectory useLoadContext="true" />
          </AssemblyResolution>
        </UnitTestRunConfig>
      </TestTypeSpecific>
      <AgentRule name="LocalMachineDefaultRole">
      </AgentRule>
    </Execution>
    <Deployment runDeploymentRoot="Balaji.venkat_GSR-D076 2016-03-17 12_49_36" />
    <Properties />
  </TestSettings>
  <Times creation="2016-03-17T12:49:36.6226105+05:30" queuing="2016-03-17T12:49:37.3668337+05:30" start="2016-03-17T12:49:37.4498586+05:30" finish="2016-03-17T14:22:43.2173212+05:30" />
  <ResultSummary outcome="Completed">
    <Counters total="64" executed="64" passed="64" error="0" failed="0" timeout="0" aborted="0" inconclusive="0" passedButRunAborted="0" notRunnable="0" notExecuted="0" disconnected="0" warning="0" completed="0" inProgress="0" pending="0" />
  </ResultSummary>
  <TestDefinitions>
    <UnitTest name="ACC_PasscodeValidation" storage="c:\users\balaji.venkat\source\workspaces\theranos.test-automation\references\internal\.me android\theranos.automation.me.android.dll" id="db5bcda4-3d5b-50b9-1d71-a73a2dd9fcc6">
      <TestMethod codeBase="c:/users/balaji.venkat/source/workspaces/theranos.test-automation/references/internal/.me android/Theranos.Automation.ME.Android.DLL" adapterTypeName="Microsoft.VisualStudio.TestTools.TestTypes.Unit.UnitTestAdapter, Microsoft.VisualStudio.QualityTools.Tips.UnitTest.Adapter, Version=12.0.0.0, Culture=neutral, PublicKeyToken=b03f5f7f11d50a3a" className="Theranos.Automation.ME.Android.TestScenarios.Accountsceanrios, Theranos.Automation.ME.Android, Version=1.0.0.0, Culture=neutral, PublicKeyToken=null" name="ACC_PasscodeValidation" />
    </UnitTest>
    <UnitTest name="DashBoardToTestMenuPage" storage="c:\users\balaji.venkat\source\workspaces\theranos.test-automation\references\internal\.me android\theranos.automation.me.android.dll" id="6655f3f2-6ecd-881a-992e-4095f7a8da73">
      <TestMethod codeBase="c:/users/balaji.venkat/source/workspaces/theranos.test-automation/references/internal/.me android/Theranos.Automation.ME.Android.DLL" adapterTypeName="Microsoft.VisualStudio.TestTools.TestTypes.Unit.UnitTestAdapter, Microsoft.VisualStudio.QualityTools.Tips.UnitTest.Adapter, Version=12.0.0.0, Culture=neutral, PublicKeyToken=b03f5f7f11d50a3a" className="Theranos.Automation.ME.Android.TestSuite.UserInfoSuite, Theranos.Automation.ME.Android, Version=1.0.0.0, Culture=neutral, PublicKeyToken=null" name="DashBoardToTestMenuPage" />
    </UnitTest>
    <UnitTest name="SequentialLogin" storage="c:\users\balaji.venkat\source\workspaces\theranos.test-automation\references\internal\.me android\theranos.automation.me.android.dll" id="989b1802-c266-c125-2fc0-760eb8aabd85">
      <TestMethod codeBase="c:/users/balaji.venkat/source/workspaces/theranos.test-automation/references/internal/.me android/Theranos.Automation.ME.Android.DLL" adapterTypeName="Microsoft.VisualStudio.TestTools.TestTypes.Unit.UnitTestAdapter, Microsoft.VisualStudio.QualityTools.Tips.UnitTest.Adapter, Version=12.0.0.0, Culture=neutral, PublicKeyToken=b03f5f7f11d50a3a" className="Theranos.Automation.ME.Android.TestSuite.LoginSuite, Theranos.Automation.ME.Android, Version=1.0.0.0, Culture=neutral, PublicKeyToken=null" name="SequentialLogin" />
    </UnitTest>
    <UnitTest name="Need_RetrieveActiveUserName" storage="c:\users\balaji.venkat\source\workspaces\theranos.test-automation\references\internal\.me android\theranos.automation.me.android.dll" id="9fd85355-1564-a6bc-15ff-38a9bb7b83c8">
      <TestMethod codeBase="c:/users/balaji.venkat/source/workspaces/theranos.test-automation/references/internal/.me android/Theranos.Automation.ME.Android.DLL" adapterTypeName="Microsoft.VisualStudio.TestTools.TestTypes.Unit.UnitTestAdapter, Microsoft.VisualStudio.QualityTools.Tips.UnitTest.Adapter, Version=12.0.0.0, Culture=neutral, PublicKeyToken=b03f5f7f11d50a3a" className="Theranos.Automation.ME.Android.TestSuite.NeedHelpSuite, Theranos.Automation.ME.Android, Version=1.0.0.0, Culture=neutral, PublicKeyToken=null" name="Need_RetrieveActiveUserName" />
    </UnitTest>
    <UnitTest name="ACC_BasicInfoGender" storage="c:\users\balaji.venkat\source\workspaces\theranos.test-automation\references\internal\.me android\theranos.automation.me.android.dll" id="f576ea37-5a88-6123-5781-97fe663fe864">
      <TestMethod codeBase="c:/users/balaji.venkat/source/workspaces/theranos.test-automation/references/internal/.me android/Theranos.Automation.ME.Android.DLL" adapterTypeName="Microsoft.VisualStudio.TestTools.TestTypes.Unit.UnitTestAdapter, Microsoft.VisualStudio.QualityTools.Tips.UnitTest.Adapter, Version=12.0.0.0, Culture=neutral, PublicKeyToken=b03f5f7f11d50a3a" className="Theranos.Automation.ME.Android.TestScenarios.BasicInfoScenarios, Theranos.Automation.ME.Android, Version=1.0.0.0, Culture=neutral, PublicKeyToken=null" name="ACC_BasicInfoGender" />
    </UnitTest>
    <UnitTest name="SignUpInValidPasswordSevenChar" storage="c:\users\balaji.venkat\source\workspaces\theranos.test-automation\references\internal\.me android\theranos.automation.me.android.dll" id="4f73a148-a955-8e75-fc71-c876124e4ebd">
      <TestMethod codeBase="c:/users/balaji.venkat/source/workspaces/theranos.test-automation/references/internal/.me android/Theranos.Automation.ME.Android.DLL" adapterTypeName="Microsoft.VisualStudio.TestTools.TestTypes.Unit.UnitTestAdapter, Microsoft.VisualStudio.QualityTools.Tips.UnitTest.Adapter, Version=12.0.0.0, Culture=neutral, PublicKeyToken=b03f5f7f11d50a3a" className="Theranos.Automation.ME.Android.TestSuite.AccountCreationSuite, Theranos.Automation.ME.Android, Version=1.0.0.0, Culture=neutral, PublicKeyToken=null" name="SignUpInValidPasswordSevenChar" />
    </UnitTest>
    <UnitTest name="SignupnewAccount" storage="c:\users\balaji.venkat\source\workspaces\theranos.test-automation\references\internal\.me android\theranos.automation.me.android.dll" id="70880c55-0789-9f0f-beac-8fb1e771c12f">
      <TestMethod codeBase="c:/users/balaji.venkat/source/workspaces/theranos.test-automation/references/internal/.me android/Theranos.Automation.ME.Android.DLL" adapterTypeName="Microsoft.VisualStudio.TestTools.TestTypes.Unit.UnitTestAdapter, Microsoft.VisualStudio.QualityTools.Tips.UnitTest.Adapter, Version=12.0.0.0, Culture=neutral, PublicKeyToken=b03f5f7f11d50a3a" className="Theranos.Automation.ME.Android.TestSuite.AccountCreationSuite, Theranos.Automation.ME.Android, Version=1.0.0.0, Culture=neutral, PublicKeyToken=null" name="SignupnewAccount" />
    </UnitTest>
    <UnitTest name="SignUpInValidPasswordNoLower" storage="c:\users\balaji.venkat\source\workspaces\theranos.test-automation\references\internal\.me android\theranos.automation.me.android.dll" id="7fd4ecc5-2233-b7c3-f51f-f56f6f461ecd">
      <TestMethod codeBase="c:/users/balaji.venkat/source/workspaces/theranos.test-automation/references/internal/.me android/Theranos.Automation.ME.Android.DLL" adapterTypeName="Microsoft.VisualStudio.TestTools.TestTypes.Unit.UnitTestAdapter, Microsoft.VisualStudio.QualityTools.Tips.UnitTest.Adapter, Version=12.0.0.0, Culture=neutral, PublicKeyToken=b03f5f7f11d50a3a" className="Theranos.Automation.ME.Android.TestSuite.AccountCreationSuite, Theranos.Automation.ME.Android, Version=1.0.0.0, Culture=neutral, PublicKeyToken=null" name="SignUpInValidPasswordNoLower" />
    </UnitTest>
    <UnitTest name="SignUpTwoSecurityAns" storage="c:\users\balaji.venkat\source\workspaces\theranos.test-automation\references\internal\.me android\theranos.automation.me.android.dll" id="b294483f-c217-e473-2d53-4e0fae69125a">
      <TestMethod codeBase="c:/users/balaji.venkat/source/workspaces/theranos.test-automation/references/internal/.me android/Theranos.Automation.ME.Android.DLL" adapterTypeName="Microsoft.VisualStudio.TestTools.TestTypes.Unit.UnitTestAdapter, Microsoft.VisualStudio.QualityTools.Tips.UnitTest.Adapter, Version=12.0.0.0, Culture=neutral, PublicKeyToken=b03f5f7f11d50a3a" className="Theranos.Automation.ME.Android.TestSuite.AccountCreationSuite, Theranos.Automation.ME.Android, Version=1.0.0.0, Culture=neutral, PublicKeyToken=null" name="SignUpTwoSecurityAns" />
    </UnitTest>
    <UnitTest name="SignUpInValidPasswordNoNumeric" storage="c:\users\balaji.venkat\source\workspaces\theranos.test-automation\references\internal\.me android\theranos.automation.me.android.dll" id="61455770-3368-2c6a-17e1-688edc00b2d0">
      <TestMethod codeBase="c:/users/balaji.venkat/source/workspaces/theranos.test-automation/references/internal/.me android/Theranos.Automation.ME.Android.DLL" adapterTypeName="Microsoft.VisualStudio.TestTools.TestTypes.Unit.UnitTestAdapter, Microsoft.VisualStudio.QualityTools.Tips.UnitTest.Adapter, Version=12.0.0.0, Culture=neutral, PublicKeyToken=b03f5f7f11d50a3a" className="Theranos.Automation.ME.Android.TestSuite.AccountCreationSuite, Theranos.Automation.ME.Android, Version=1.0.0.0, Culture=neutral, PublicKeyToken=null" name="SignUpInValidPasswordNoNumeric" />
    </UnitTest>
    <UnitTest name="UNACC_PasswordUpdate" storage="c:\users\balaji.venkat\source\workspaces\theranos.test-automation\references\internal\.me android\theranos.automation.me.android.dll" id="da687907-31b4-7282-68fd-54be3225d44b">
      <TestMethod codeBase="c:/users/balaji.venkat/source/workspaces/theranos.test-automation/references/internal/.me android/Theranos.Automation.ME.Android.DLL" adapterTypeName="Microsoft.VisualStudio.TestTools.TestTypes.Unit.UnitTestAdapter, Microsoft.VisualStudio.QualityTools.Tips.UnitTest.Adapter, Version=12.0.0.0, Culture=neutral, PublicKeyToken=b03f5f7f11d50a3a" className="Theranos.Automation.ME.Android.TestScenarios.UnLinkAccScenario, Theranos.Automation.ME.Android, Version=1.0.0.0, Culture=neutral, PublicKeyToken=null" name="UNACC_PasswordUpdate" />
    </UnitTest>
    <UnitTest name="CheckTestDisplayInCart" storage="c:\users\balaji.venkat\source\workspaces\theranos.test-automation\references\internal\.me android\theranos.automation.me.android.dll" id="8d3913ba-f58e-cbd0-b95d-8b1ee1ae4c5d">
      <TestMethod codeBase="c:/users/balaji.venkat/source/workspaces/theranos.test-automation/references/internal/.me android/Theranos.Automation.ME.Android.DLL" adapterTypeName="Microsoft.VisualStudio.TestTools.TestTypes.Unit.UnitTestAdapter, Microsoft.VisualStudio.QualityTools.Tips.UnitTest.Adapter, Version=12.0.0.0, Culture=neutral, PublicKeyToken=b03f5f7f11d50a3a" className="Theranos.Automation.ME.Android.TestSuite.UserInfoSuite, Theranos.Automation.ME.Android, Version=1.0.0.0, Culture=neutral, PublicKeyToken=null" name="CheckTestDisplayInCart" />
    </UnitTest>
    <UnitTest name="ACC_LinkedAccountMailingAddress" storage="c:\users\balaji.venkat\source\workspaces\theranos.test-automation\references\internal\.me android\theranos.automation.me.android.dll" id="0f6c464b-affb-2010-23bc-236b32ffba73">
      <TestMethod codeBase="c:/users/balaji.venkat/source/workspaces/theranos.test-automation/references/internal/.me android/Theranos.Automation.ME.Android.DLL" adapterTypeName="Microsoft.VisualStudio.TestTools.TestTypes.Unit.UnitTestAdapter, Microsoft.VisualStudio.QualityTools.Tips.UnitTest.Adapter, Version=12.0.0.0, Culture=neutral, PublicKeyToken=b03f5f7f11d50a3a" className="Theranos.Automation.ME.Android.TestScenarios.BasicInfoScenarios, Theranos.Automation.ME.Android, Version=1.0.0.0, Culture=neutral, PublicKeyToken=null" name="ACC_LinkedAccountMailingAddress" />
    </UnitTest>
    <UnitTest name="Inactiveacc" storage="c:\users\balaji.venkat\source\workspaces\theranos.test-automation\references\internal\.me android\theranos.automation.me.android.dll" id="8249f2ad-f341-5bb4-ef2a-60b4af4ce21c">
      <TestMethod codeBase="c:/users/balaji.venkat/source/workspaces/theranos.test-automation/references/internal/.me android/Theranos.Automation.ME.Android.DLL" adapterTypeName="Microsoft.VisualStudio.TestTools.TestTypes.Unit.UnitTestAdapter, Microsoft.VisualStudio.QualityTools.Tips.UnitTest.Adapter, Version=12.0.0.0, Culture=neutral, PublicKeyToken=b03f5f7f11d50a3a" className="Theranos.Automation.ME.Android.TestSuite.LoginSuite, Theranos.Automation.ME.Android, Version=1.0.0.0, Culture=neutral, PublicKeyToken=null" name="Inactiveacc" />
    </UnitTest>
    <UnitTest name="ACC_AddInsurancepage" storage="c:\users\balaji.venkat\source\workspaces\theranos.test-automation\references\internal\.me android\theranos.automation.me.android.dll" id="90e9f033-4b8e-3b48-a6ac-7942dd37120d">
      <TestMethod codeBase="c:/users/balaji.venkat/source/workspaces/theranos.test-automation/references/internal/.me android/Theranos.Automation.ME.Android.DLL" adapterTypeName="Microsoft.VisualStudio.TestTools.TestTypes.Unit.UnitTestAdapter, Microsoft.VisualStudio.QualityTools.Tips.UnitTest.Adapter, Version=12.0.0.0, Culture=neutral, PublicKeyToken=b03f5f7f11d50a3a" className="Theranos.Automation.ME.Android.TestScenarios.InsuranceScenarios, Theranos.Automation.ME.Android, Version=1.0.0.0, Culture=neutral, PublicKeyToken=null" name="ACC_AddInsurancepage" />
    </UnitTest>
    <UnitTest name="ACC_ProvisionalAccountMailingAddress" storage="c:\users\balaji.venkat\source\workspaces\theranos.test-automation\references\internal\.me android\theranos.automation.me.android.dll" id="8cb20ed2-9e09-e655-0df8-025b71cc2015">
      <TestMethod codeBase="c:/users/balaji.venkat/source/workspaces/theranos.test-automation/references/internal/.me android/Theranos.Automation.ME.Android.DLL" adapterTypeName="Microsoft.VisualStudio.TestTools.TestTypes.Unit.UnitTestAdapter, Microsoft.VisualStudio.QualityTools.Tips.UnitTest.Adapter, Version=12.0.0.0, Culture=neutral, PublicKeyToken=b03f5f7f11d50a3a" className="Theranos.Automation.ME.Android.TestScenarios.BasicInfoScenarios, Theranos.Automation.ME.Android, Version=1.0.0.0, Culture=neutral, PublicKeyToken=null" name="ACC_ProvisionalAccountMailingAddress" />
    </UnitTest>
    <UnitTest name="ACC_RemoveInsurance" storage="c:\users\balaji.venkat\source\workspaces\theranos.test-automation\references\internal\.me android\theranos.automation.me.android.dll" id="dcec2015-1b49-7efa-f771-8ba5b3470cf3">
      <TestMethod codeBase="c:/users/balaji.venkat/source/workspaces/theranos.test-automation/references/internal/.me android/Theranos.Automation.ME.Android.DLL" adapterTypeName="Microsoft.VisualStudio.TestTools.TestTypes.Unit.UnitTestAdapter, Microsoft.VisualStudio.QualityTools.Tips.UnitTest.Adapter, Version=12.0.0.0, Culture=neutral, PublicKeyToken=b03f5f7f11d50a3a" className="Theranos.Automation.ME.Android.TestScenarios.InsuranceScenarios, Theranos.Automation.ME.Android, Version=1.0.0.0, Culture=neutral, PublicKeyToken=null" name="ACC_RemoveInsurance" />
    </UnitTest>
    <UnitTest name="ACC_PasswordUpdate" storage="c:\users\balaji.venkat\source\workspaces\theranos.test-automation\references\internal\.me android\theranos.automation.me.android.dll" id="66990e9c-8465-0fe5-3d63-e7a4c19712cc">
      <TestMethod codeBase="c:/users/balaji.venkat/source/workspaces/theranos.test-automation/references/internal/.me android/Theranos.Automation.ME.Android.DLL" adapterTypeName="Microsoft.VisualStudio.TestTools.TestTypes.Unit.UnitTestAdapter, Microsoft.VisualStudio.QualityTools.Tips.UnitTest.Adapter, Version=12.0.0.0, Culture=neutral, PublicKeyToken=b03f5f7f11d50a3a" className="Theranos.Automation.ME.Android.TestScenarios.Accountsceanrios, Theranos.Automation.ME.Android, Version=1.0.0.0, Culture=neutral, PublicKeyToken=null" name="ACC_PasswordUpdate" />
    </UnitTest>
    <UnitTest name="LSLoginValid" storage="c:\users\balaji.venkat\source\workspaces\theranos.test-automation\references\internal\.me android\theranos.automation.me.android.dll" id="e792d3b7-ea23-574e-4a45-55ad581e0fde">
      <TestMethod codeBase="c:/users/balaji.venkat/source/workspaces/theranos.test-automation/references/internal/.me android/Theranos.Automation.ME.Android.DLL" adapterTypeName="Microsoft.VisualStudio.TestTools.TestTypes.Unit.UnitTestAdapter, Microsoft.VisualStudio.QualityTools.Tips.UnitTest.Adapter, Version=12.0.0.0, Culture=neutral, PublicKeyToken=b03f5f7f11d50a3a" className="Theranos.Automation.ME.Android.TestSuite.LoginSuite, Theranos.Automation.ME.Android, Version=1.0.0.0, Culture=neutral, PublicKeyToken=null" name="LSLoginValid" />
    </UnitTest>
    <UnitTest name="UNACC_PasscodeValidation" storage="c:\users\balaji.venkat\source\workspaces\theranos.test-automation\references\internal\.me android\theranos.automation.me.android.dll" id="325e9054-5a64-92ed-5852-1ed6bd3f7009">
      <TestMethod codeBase="c:/users/balaji.venkat/source/workspaces/theranos.test-automation/references/internal/.me android/Theranos.Automation.ME.Android.DLL" adapterTypeName="Microsoft.VisualStudio.TestTools.TestTypes.Unit.UnitTestAdapter, Microsoft.VisualStudio.QualityTools.Tips.UnitTest.Adapter, Version=12.0.0.0, Culture=neutral, PublicKeyToken=b03f5f7f11d50a3a" className="Theranos.Automation.ME.Android.TestScenarios.UnLinkAccScenario, Theranos.Automation.ME.Android, Version=1.0.0.0, Culture=neutral, PublicKeyToken=null" name="UNACC_PasscodeValidation" />
    </UnitTest>
    <UnitTest name="ActiveOrderDelete" storage="c:\users\balaji.venkat\source\workspaces\theranos.test-automation\references\internal\.me android\theranos.automation.me.android.dll" id="aaaa7ebf-c2cc-a95d-2084-545c1056e6ad">
      <TestMethod codeBase="c:/users/balaji.venkat/source/workspaces/theranos.test-automation/references/internal/.me android/Theranos.Automation.ME.Android.DLL" adapterTypeName="Microsoft.VisualStudio.TestTools.TestTypes.Unit.UnitTestAdapter, Microsoft.VisualStudio.QualityTools.Tips.UnitTest.Adapter, Version=12.0.0.0, Culture=neutral, PublicKeyToken=b03f5f7f11d50a3a" className="Theranos.Automation.ME.Android.TestSuite.UserInfoSuite, Theranos.Automation.ME.Android, Version=1.0.0.0, Culture=neutral, PublicKeyToken=null" name="ActiveOrderDelete" />
    </UnitTest>
    <UnitTest name="DashBoardtoFindCenter" storage="c:\users\balaji.venkat\source\workspaces\theranos.test-automation\references\internal\.me android\theranos.automation.me.android.dll" id="9300ebd3-f2e3-13d4-5dee-6a9fd6f73915">
      <TestMethod codeBase="c:/users/balaji.venkat/source/workspaces/theranos.test-automation/references/internal/.me android/Theranos.Automation.ME.Android.DLL" adapterTypeName="Microsoft.VisualStudio.TestTools.TestTypes.Unit.UnitTestAdapter, Microsoft.VisualStudio.QualityTools.Tips.UnitTest.Adapter, Version=12.0.0.0, Culture=neutral, PublicKeyToken=b03f5f7f11d50a3a" className="Theranos.Automation.ME.Android.TestScenarios.Accountsceanrios, Theranos.Automation.ME.Android, Version=1.0.0.0, Culture=neutral, PublicKeyToken=null" name="DashBoardtoFindCenter" />
    </UnitTest>
    <UnitTest name="DashBoardtoOrderPage" storage="c:\users\balaji.venkat\source\workspaces\theranos.test-automation\references\internal\.me android\theranos.automation.me.android.dll" id="27423179-3846-9ce8-93a9-e3bd1a5c465f">
      <TestMethod codeBase="c:/users/balaji.venkat/source/workspaces/theranos.test-automation/references/internal/.me android/Theranos.Automation.ME.Android.DLL" adapterTypeName="Microsoft.VisualStudio.TestTools.TestTypes.Unit.UnitTestAdapter, Microsoft.VisualStudio.QualityTools.Tips.UnitTest.Adapter, Version=12.0.0.0, Culture=neutral, PublicKeyToken=b03f5f7f11d50a3a" className="Theranos.Automation.ME.Android.TestScenarios.Accountsceanrios, Theranos.Automation.ME.Android, Version=1.0.0.0, Culture=neutral, PublicKeyToken=null" name="DashBoardtoOrderPage" />
    </UnitTest>
    <UnitTest name="ACC_BasicInfoScripts" storage="c:\users\balaji.venkat\source\workspaces\theranos.test-automation\references\internal\.me android\theranos.automation.me.android.dll" id="624d94f3-30ca-b531-a5fc-a0d676c92875">
      <TestMethod codeBase="c:/users/balaji.venkat/source/workspaces/theranos.test-automation/references/internal/.me android/Theranos.Automation.ME.Android.DLL" adapterTypeName="Microsoft.VisualStudio.TestTools.TestTypes.Unit.UnitTestAdapter, Microsoft.VisualStudio.QualityTools.Tips.UnitTest.Adapter, Version=12.0.0.0, Culture=neutral, PublicKeyToken=b03f5f7f11d50a3a" className="Theranos.Automation.ME.Android.TestScenarios.BasicInfoScenarios, Theranos.Automation.ME.Android, Version=1.0.0.0, Culture=neutral, PublicKeyToken=null" name="ACC_BasicInfoScripts" />
    </UnitTest>
    <UnitTest name="CheckCenterIsDisplayed" storage="c:\users\balaji.venkat\source\workspaces\theranos.test-automation\references\internal\.me android\theranos.automation.me.android.dll" id="0c06edc6-1278-6d5b-2eb6-bc4ff74abcdc">
      <TestMethod codeBase="c:/users/balaji.venkat/source/workspaces/theranos.test-automation/references/internal/.me android/Theranos.Automation.ME.Android.DLL" adapterTypeName="Microsoft.VisualStudio.TestTools.TestTypes.Unit.UnitTestAdapter, Microsoft.VisualStudio.QualityTools.Tips.UnitTest.Adapter, Version=12.0.0.0, Culture=neutral, PublicKeyToken=b03f5f7f11d50a3a" className="Theranos.Automation.ME.Android.TestSuite.UserInfoSuite, Theranos.Automation.ME.Android, Version=1.0.0.0, Culture=neutral, PublicKeyToken=null" name="CheckCenterIsDisplayed" />
    </UnitTest>
    <UnitTest name="InvaildCredetial" storage="c:\users\balaji.venkat\source\workspaces\theranos.test-automation\references\internal\.me android\theranos.automation.me.android.dll" id="7c375b8f-36d7-0539-791c-7506b4e7fc12">
      <TestMethod codeBase="c:/users/balaji.venkat/source/workspaces/theranos.test-automation/references/internal/.me android/Theranos.Automation.ME.Android.DLL" adapterTypeName="Microsoft.VisualStudio.TestTools.TestTypes.Unit.UnitTestAdapter, Microsoft.VisualStudio.QualityTools.Tips.UnitTest.Adapter, Version=12.0.0.0, Culture=neutral, PublicKeyToken=b03f5f7f11d50a3a" className="Theranos.Automation.ME.Android.TestSuite.LoginSuite, Theranos.Automation.ME.Android, Version=1.0.0.0, Culture=neutral, PublicKeyToken=null" name="InvaildCredetial" />
    </UnitTest>
    <UnitTest name="Need_RetrieveNonActiveUserName" storage="c:\users\balaji.venkat\source\workspaces\theranos.test-automation\references\internal\.me android\theranos.automation.me.android.dll" id="2de22715-1289-d8bc-bd24-3617be722687">
      <TestMethod codeBase="c:/users/balaji.venkat/source/workspaces/theranos.test-automation/references/internal/.me android/Theranos.Automation.ME.Android.DLL" adapterTypeName="Microsoft.VisualStudio.TestTools.TestTypes.Unit.UnitTestAdapter, Microsoft.VisualStudio.QualityTools.Tips.UnitTest.Adapter, Version=12.0.0.0, Culture=neutral, PublicKeyToken=b03f5f7f11d50a3a" className="Theranos.Automation.ME.Android.TestSuite.NeedHelpSuite, Theranos.Automation.ME.Android, Version=1.0.0.0, Culture=neutral, PublicKeyToken=null" name="Need_RetrieveNonActiveUserName" />
    </UnitTest>
    <OrderedTest name="FullSuite" storage="c:\users\balaji.venkat\source\workspaces\theranos.test-automation\references\internal\.me android\fullsuite.orderedtest" id="674397a9-5ddb-44e4-9ab9-46a85687b85c" continueAfterFailure="true">
      <Execution id="9184c227-6e75-418e-b280-7ca28828642a" />
      <TestLinks>
        <TestLink id="70880c55-0789-9f0f-beac-8fb1e771c12f" name="SignupnewAccount" storage="..\..\..\..\..\references\internal\.me android\theranos.automation.me.android.dll" type="Microsoft.VisualStudio.TestTools.TestTypes.Unit.UnitTestElement, Microsoft.VisualStudio.QualityTools.Tips.UnitTest.ObjectModel, Version=12.0.0.0, Culture=neutral, PublicKeyToken=b03f5f7f11d50a3a" />
        <TestLink id="889f91a9-ea03-8011-03e8-98e0c21f6c89" name="SignUpInvalidEmail" storage="..\..\..\..\..\references\internal\.me android\theranos.automation.me.android.dll" type="Microsoft.VisualStudio.TestTools.TestTypes.Unit.UnitTestElement, Microsoft.VisualStudio.QualityTools.Tips.UnitTest.ObjectModel, Version=12.0.0.0, Culture=neutral, PublicKeyToken=b03f5f7f11d50a3a" />
        <TestLink id="158fcc65-7fa0-4eec-8ae9-e02a29d72de2" name="SignUpInvalidUserName" storage="..\..\..\..\..\references\internal\.me android\theranos.automation.me.android.dll" type="Microsoft.VisualStudio.TestTools.TestTypes.Unit.UnitTestElement, Microsoft.VisualStudio.QualityTools.Tips.UnitTest.ObjectModel, Version=12.0.0.0, Culture=neutral, PublicKeyToken=b03f5f7f11d50a3a" />
        <TestLink id="58ae38a2-2812-5a47-dc5e-927d47aa4939" name="SignUpAgeValidation" storage="..\..\..\..\..\references\internal\.me android\theranos.automation.me.android.dll" type="Microsoft.VisualStudio.TestTools.TestTypes.Unit.UnitTestElement, Microsoft.VisualStudio.QualityTools.Tips.UnitTest.ObjectModel, Version=12.0.0.0, Culture=neutral, PublicKeyToken=b03f5f7f11d50a3a" />
        <TestLink id="4f73a148-a955-8e75-fc71-c876124e4ebd" name="SignUpInValidPasswordSevenChar" storage="..\..\..\..\..\references\internal\.me android\theranos.automation.me.android.dll" type="Microsoft.VisualStudio.TestTools.TestTypes.Unit.UnitTestElement, Microsoft.VisualStudio.QualityTools.Tips.UnitTest.ObjectModel, Version=12.0.0.0, Culture=neutral, PublicKeyToken=b03f5f7f11d50a3a" />
        <TestLink id="4f75e710-ecba-fcf1-0433-199dc8a286a1" name="SignUpInValidPasswordNoUpper" storage="..\..\..\..\..\references\internal\.me android\theranos.automation.me.android.dll" type="Microsoft.VisualStudio.TestTools.TestTypes.Unit.UnitTestElement, Microsoft.VisualStudio.QualityTools.Tips.UnitTest.ObjectModel, Version=12.0.0.0, Culture=neutral, PublicKeyToken=b03f5f7f11d50a3a" />
        <TestLink id="7fd4ecc5-2233-b7c3-f51f-f56f6f461ecd" name="SignUpInValidPasswordNoLower" storage="..\..\..\..\..\references\internal\.me android\theranos.automation.me.android.dll" type="Microsoft.VisualStudio.TestTools.TestTypes.Unit.UnitTestElement, Microsoft.VisualStudio.QualityTools.Tips.UnitTest.ObjectModel, Version=12.0.0.0, Culture=neutral, PublicKeyToken=b03f5f7f11d50a3a" />
        <TestLink id="61455770-3368-2c6a-17e1-688edc00b2d0" name="SignUpInValidPasswordNoNumeric" storage="..\..\..\..\..\references\internal\.me android\theranos.automation.me.android.dll" type="Microsoft.VisualStudio.TestTools.TestTypes.Unit.UnitTestElement, Microsoft.VisualStudio.QualityTools.Tips.UnitTest.ObjectModel, Version=12.0.0.0, Culture=neutral, PublicKeyToken=b03f5f7f11d50a3a" />
        <TestLink id="1e7f0bca-8dd4-ee82-b049-953c400bbd15" name="SignUpSigleSecurityAns" storage="..\..\..\..\..\references\internal\.me android\theranos.automation.me.android.dll" type="Microsoft.VisualStudio.TestTools.TestTypes.Unit.UnitTestElement, Microsoft.VisualStudio.QualityTools.Tips.UnitTest.ObjectModel, Version=12.0.0.0, Culture=neutral, PublicKeyToken=b03f5f7f11d50a3a" />
        <TestLink id="b294483f-c217-e473-2d53-4e0fae69125a" name="SignUpTwoSecurityAns" storage="..\..\..\..\..\references\internal\.me android\theranos.automation.me.android.dll" type="Microsoft.VisualStudio.TestTools.TestTypes.Unit.UnitTestElement, Microsoft.VisualStudio.QualityTools.Tips.UnitTest.ObjectModel, Version=12.0.0.0, Culture=neutral, PublicKeyToken=b03f5f7f11d50a3a" />
        <TestLink id="e792d3b7-ea23-574e-4a45-55ad581e0fde" name="LSLoginValid" storage="..\..\..\..\..\references\internal\.me android\theranos.automation.me.android.dll" type="Microsoft.VisualStudio.TestTools.TestTypes.Unit.UnitTestElement, Microsoft.VisualStudio.QualityTools.Tips.UnitTest.ObjectModel, Version=12.0.0.0, Culture=neutral, PublicKeyToken=b03f5f7f11d50a3a" />
        <TestLink id="543ccd34-0e45-5154-976b-b9e93abeb5ea" name="InvaildUser" storage="..\..\..\..\..\references\internal\.me android\theranos.automation.me.android.dll" type="Microsoft.VisualStudio.TestTools.TestTypes.Unit.UnitTestElement, Microsoft.VisualStudio.QualityTools.Tips.UnitTest.ObjectModel, Version=12.0.0.0, Culture=neutral, PublicKeyToken=b03f5f7f11d50a3a" />
        <TestLink id="e2a3957f-5181-d032-924a-62c968d680ff" name="InvaildPass" storage="..\..\..\..\..\references\internal\.me android\theranos.automation.me.android.dll" type="Microsoft.VisualStudio.TestTools.TestTypes.Unit.UnitTestElement, Microsoft.VisualStudio.QualityTools.Tips.UnitTest.ObjectModel, Version=12.0.0.0, Culture=neutral, PublicKeyToken=b03f5f7f11d50a3a" />
        <TestLink id="7c375b8f-36d7-0539-791c-7506b4e7fc12" name="InvaildCredetial" storage="..\..\..\..\..\references\internal\.me android\theranos.automation.me.android.dll" type="Microsoft.VisualStudio.TestTools.TestTypes.Unit.UnitTestElement, Microsoft.VisualStudio.QualityTools.Tips.UnitTest.ObjectModel, Version=12.0.0.0, Culture=neutral, PublicKeyToken=b03f5f7f11d50a3a" />
        <TestLink id="8249f2ad-f341-5bb4-ef2a-60b4af4ce21c" name="Inactiveacc" storage="..\..\..\..\..\references\internal\.me android\theranos.automation.me.android.dll" type="Microsoft.VisualStudio.TestTools.TestTypes.Unit.UnitTestElement, Microsoft.VisualStudio.QualityTools.Tips.UnitTest.ObjectModel, Version=12.0.0.0, Culture=neutral, PublicKeyToken=b03f5f7f11d50a3a" />
        <TestLink id="989b1802-c266-c125-2fc0-760eb8aabd85" name="SequentialLogin" storage="..\..\..\..\..\references\internal\.me android\theranos.automation.me.android.dll" type="Microsoft.VisualStudio.TestTools.TestTypes.Unit.UnitTestElement, Microsoft.VisualStudio.QualityTools.Tips.UnitTest.ObjectModel, Version=12.0.0.0, Culture=neutral, PublicKeyToken=b03f5f7f11d50a3a" />
        <TestLink id="4746ff04-4012-0365-e7aa-6d77b8e103ea" name="Need_ActivateLink" storage="..\..\..\..\..\references\internal\.me android\theranos.automation.me.android.dll" type="Microsoft.VisualStudio.TestTools.TestTypes.Unit.UnitTestElement, Microsoft.VisualStudio.QualityTools.Tips.UnitTest.ObjectModel, Version=12.0.0.0, Culture=neutral, PublicKeyToken=b03f5f7f11d50a3a" />
        <TestLink id="9e63a5a4-33c0-6c6b-5601-33334771d4c7" name="Need_PasswordResetValidUser" storage="..\..\..\..\..\references\internal\.me android\theranos.automation.me.android.dll" type="Microsoft.VisualStudio.TestTools.TestTypes.Unit.UnitTestElement, Microsoft.VisualStudio.QualityTools.Tips.UnitTest.ObjectModel, Version=12.0.0.0, Culture=neutral, PublicKeyToken=b03f5f7f11d50a3a" />
        <TestLink id="9d1201a3-7793-5b83-88c8-ec84de8653d7" name="Need_PasswordResetInValidUser" storage="..\..\..\..\..\references\internal\.me android\theranos.automation.me.android.dll" type="Microsoft.VisualStudio.TestTools.TestTypes.Unit.UnitTestElement, Microsoft.VisualStudio.QualityTools.Tips.UnitTest.ObjectModel, Version=12.0.0.0, Culture=neutral, PublicKeyToken=b03f5f7f11d50a3a" />
        <TestLink id="9fd85355-1564-a6bc-15ff-38a9bb7b83c8" name="Need_RetrieveActiveUserName" storage="..\..\..\..\..\references\internal\.me android\theranos.automation.me.android.dll" type="Microsoft.VisualStudio.TestTools.TestTypes.Unit.UnitTestElement, Microsoft.VisualStudio.QualityTools.Tips.UnitTest.ObjectModel, Version=12.0.0.0, Culture=neutral, PublicKeyToken=b03f5f7f11d50a3a" />
        <TestLink id="2de22715-1289-d8bc-bd24-3617be722687" name="Need_RetrieveNonActiveUserName" storage="..\..\..\..\..\references\internal\.me android\theranos.automation.me.android.dll" type="Microsoft.VisualStudio.TestTools.TestTypes.Unit.UnitTestElement, Microsoft.VisualStudio.QualityTools.Tips.UnitTest.ObjectModel, Version=12.0.0.0, Culture=neutral, PublicKeyToken=b03f5f7f11d50a3a" />
        <TestLink id="c7136218-6793-7cf8-e600-6f485679c49a" name="ACC_AccountUserName" storage="..\..\..\..\..\references\internal\.me android\theranos.automation.me.android.dll" type="Microsoft.VisualStudio.TestTools.TestTypes.Unit.UnitTestElement, Microsoft.VisualStudio.QualityTools.Tips.UnitTest.ObjectModel, Version=12.0.0.0, Culture=neutral, PublicKeyToken=b03f5f7f11d50a3a" />
        <TestLink id="66990e9c-8465-0fe5-3d63-e7a4c19712cc" name="ACC_PasswordUpdate" storage="..\..\..\..\..\references\internal\.me android\theranos.automation.me.android.dll" type="Microsoft.VisualStudio.TestTools.TestTypes.Unit.UnitTestElement, Microsoft.VisualStudio.QualityTools.Tips.UnitTest.ObjectModel, Version=12.0.0.0, Culture=neutral, PublicKeyToken=b03f5f7f11d50a3a" />
        <TestLink id="e555a28a-4aa9-bc38-3888-c06cf0ecd50c" name="ACC_AccountInvalidEmail" storage="..\..\..\..\..\references\internal\.me android\theranos.automation.me.android.dll" type="Microsoft.VisualStudio.TestTools.TestTypes.Unit.UnitTestElement, Microsoft.VisualStudio.QualityTools.Tips.UnitTest.ObjectModel, Version=12.0.0.0, Culture=neutral, PublicKeyToken=b03f5f7f11d50a3a" />
        <TestLink id="db5bcda4-3d5b-50b9-1d71-a73a2dd9fcc6" name="ACC_PasscodeValidation" storage="..\..\..\..\..\references\internal\.me android\theranos.automation.me.android.dll" type="Microsoft.VisualStudio.TestTools.TestTypes.Unit.UnitTestElement, Microsoft.VisualStudio.QualityTools.Tips.UnitTest.ObjectModel, Version=12.0.0.0, Culture=neutral, PublicKeyToken=b03f5f7f11d50a3a" />
        <TestLink id="8130bb48-5ce0-f810-0813-10950657ff71" name="ACC_PasscodeReset" storage="..\..\..\..\..\references\internal\.me android\theranos.automation.me.android.dll" type="Microsoft.VisualStudio.TestTools.TestTypes.Unit.UnitTestElement, Microsoft.VisualStudio.QualityTools.Tips.UnitTest.ObjectModel, Version=12.0.0.0, Culture=neutral, PublicKeyToken=b03f5f7f11d50a3a" />
        <TestLink id="2ea676a6-f8a7-548e-5c5a-cf087a590188" name="ACC_PasswordCondition" storage="..\..\..\..\..\references\internal\.me android\theranos.automation.me.android.dll" type="Microsoft.VisualStudio.TestTools.TestTypes.Unit.UnitTestElement, Microsoft.VisualStudio.QualityTools.Tips.UnitTest.ObjectModel, Version=12.0.0.0, Culture=neutral, PublicKeyToken=b03f5f7f11d50a3a" />
        <TestLink id="d527593a-fe98-dc75-d213-3698f792261f" name="ACC_InvalidPasswordCondition" storage="..\..\..\..\..\references\internal\.me android\theranos.automation.me.android.dll" type="Microsoft.VisualStudio.TestTools.TestTypes.Unit.UnitTestElement, Microsoft.VisualStudio.QualityTools.Tips.UnitTest.ObjectModel, Version=12.0.0.0, Culture=neutral, PublicKeyToken=b03f5f7f11d50a3a" />
        <TestLink id="9300ebd3-f2e3-13d4-5dee-6a9fd6f73915" name="DashBoardtoFindCenter" storage="..\..\..\..\..\references\internal\.me android\theranos.automation.me.android.dll" type="Microsoft.VisualStudio.TestTools.TestTypes.Unit.UnitTestElement, Microsoft.VisualStudio.QualityTools.Tips.UnitTest.ObjectModel, Version=12.0.0.0, Culture=neutral, PublicKeyToken=b03f5f7f11d50a3a" />
        <TestLink id="27423179-3846-9ce8-93a9-e3bd1a5c465f" name="DashBoardtoOrderPage" storage="..\..\..\..\..\references\internal\.me android\theranos.automation.me.android.dll" type="Microsoft.VisualStudio.TestTools.TestTypes.Unit.UnitTestElement, Microsoft.VisualStudio.QualityTools.Tips.UnitTest.ObjectModel, Version=12.0.0.0, Culture=neutral, PublicKeyToken=b03f5f7f11d50a3a" />
        <TestLink id="479d8eda-940d-84fe-d364-a2265aa0b06f" name="DashBoardtoResultPage" storage="..\..\..\..\..\references\internal\.me android\theranos.automation.me.android.dll" type="Microsoft.VisualStudio.TestTools.TestTypes.Unit.UnitTestElement, Microsoft.VisualStudio.QualityTools.Tips.UnitTest.ObjectModel, Version=12.0.0.0, Culture=neutral, PublicKeyToken=b03f5f7f11d50a3a" />
        <TestLink id="624d94f3-30ca-b531-a5fc-a0d676c92875" name="ACC_BasicInfoScripts" storage="..\..\..\..\..\references\internal\.me android\theranos.automation.me.android.dll" type="Microsoft.VisualStudio.TestTools.TestTypes.Unit.UnitTestElement, Microsoft.VisualStudio.QualityTools.Tips.UnitTest.ObjectModel, Version=12.0.0.0, Culture=neutral, PublicKeyToken=b03f5f7f11d50a3a" />
        <TestLink id="e38add73-8d08-5754-a27d-59d0299ed03f" name="ACC_BasicInfoDateOfBirth" storage="..\..\..\..\..\references\internal\.me android\theranos.automation.me.android.dll" type="Microsoft.VisualStudio.TestTools.TestTypes.Unit.UnitTestElement, Microsoft.VisualStudio.QualityTools.Tips.UnitTest.ObjectModel, Version=12.0.0.0, Culture=neutral, PublicKeyToken=b03f5f7f11d50a3a" />
        <TestLink id="f576ea37-5a88-6123-5781-97fe663fe864" name="ACC_BasicInfoGender" storage="..\..\..\..\..\references\internal\.me android\theranos.automation.me.android.dll" type="Microsoft.VisualStudio.TestTools.TestTypes.Unit.UnitTestElement, Microsoft.VisualStudio.QualityTools.Tips.UnitTest.ObjectModel, Version=12.0.0.0, Culture=neutral, PublicKeyToken=b03f5f7f11d50a3a" />
        <TestLink id="0f6c464b-affb-2010-23bc-236b32ffba73" name="ACC_LinkedAccountMailingAddress" storage="..\..\..\..\..\references\internal\.me android\theranos.automation.me.android.dll" type="Microsoft.VisualStudio.TestTools.TestTypes.Unit.UnitTestElement, Microsoft.VisualStudio.QualityTools.Tips.UnitTest.ObjectModel, Version=12.0.0.0, Culture=neutral, PublicKeyToken=b03f5f7f11d50a3a" />
        <TestLink id="8cb20ed2-9e09-e655-0df8-025b71cc2015" name="ACC_ProvisionalAccountMailingAddress" storage="..\..\..\..\..\references\internal\.me android\theranos.automation.me.android.dll" type="Microsoft.VisualStudio.TestTools.TestTypes.Unit.UnitTestElement, Microsoft.VisualStudio.QualityTools.Tips.UnitTest.ObjectModel, Version=12.0.0.0, Culture=neutral, PublicKeyToken=b03f5f7f11d50a3a" />
        <TestLink id="e2a12225-a31b-af62-194e-03846916e179" name="ACC_LinkedAccountBasicInfoPage" storage="..\..\..\..\..\references\internal\.me android\theranos.automation.me.android.dll" type="Microsoft.VisualStudio.TestTools.TestTypes.Unit.UnitTestElement, Microsoft.VisualStudio.QualityTools.Tips.UnitTest.ObjectModel, Version=12.0.0.0, Culture=neutral, PublicKeyToken=b03f5f7f11d50a3a" />
        <TestLink id="94956bce-696c-f536-4e02-996b699e2cd8" name="ACC_BasicInfoMobile" storage="..\..\..\..\..\references\internal\.me android\theranos.automation.me.android.dll" type="Microsoft.VisualStudio.TestTools.TestTypes.Unit.UnitTestElement, Microsoft.VisualStudio.QualityTools.Tips.UnitTest.ObjectModel, Version=12.0.0.0, Culture=neutral, PublicKeyToken=b03f5f7f11d50a3a" />
        <TestLink id="0a79ba54-8eec-7d34-1e58-946e3eee66bc" name="ACC_AddEmergencyContactspage" storage="..\..\..\..\..\references\internal\.me android\theranos.automation.me.android.dll" type="Microsoft.VisualStudio.TestTools.TestTypes.Unit.UnitTestElement, Microsoft.VisualStudio.QualityTools.Tips.UnitTest.ObjectModel, Version=12.0.0.0, Culture=neutral, PublicKeyToken=b03f5f7f11d50a3a" />
        <TestLink id="7e7c90fc-969e-96a3-8b58-c71d8b8fad68" name="ACC_EditEmergencyContact" storage="..\..\..\..\..\references\internal\.me android\theranos.automation.me.android.dll" type="Microsoft.VisualStudio.TestTools.TestTypes.Unit.UnitTestElement, Microsoft.VisualStudio.QualityTools.Tips.UnitTest.ObjectModel, Version=12.0.0.0, Culture=neutral, PublicKeyToken=b03f5f7f11d50a3a" />
        <TestLink id="bbaafe45-fde4-0324-bcfd-cfae721056b7" name="ACC_RemoveEmergencyValidation" storage="..\..\..\..\..\references\internal\.me android\theranos.automation.me.android.dll" type="Microsoft.VisualStudio.TestTools.TestTypes.Unit.UnitTestElement, Microsoft.VisualStudio.QualityTools.Tips.UnitTest.ObjectModel, Version=12.0.0.0, Culture=neutral, PublicKeyToken=b03f5f7f11d50a3a" />
        <TestLink id="70de5acc-bc15-c4e2-2565-55efb0a991e9" name="ACC_RemoveEmergencyContact" storage="..\..\..\..\..\references\internal\.me android\theranos.automation.me.android.dll" type="Microsoft.VisualStudio.TestTools.TestTypes.Unit.UnitTestElement, Microsoft.VisualStudio.QualityTools.Tips.UnitTest.ObjectModel, Version=12.0.0.0, Culture=neutral, PublicKeyToken=b03f5f7f11d50a3a" />
        <TestLink id="90e9f033-4b8e-3b48-a6ac-7942dd37120d" name="ACC_AddInsurancepage" storage="..\..\..\..\..\references\internal\.me android\theranos.automation.me.android.dll" type="Microsoft.VisualStudio.TestTools.TestTypes.Unit.UnitTestElement, Microsoft.VisualStudio.QualityTools.Tips.UnitTest.ObjectModel, Version=12.0.0.0, Culture=neutral, PublicKeyToken=b03f5f7f11d50a3a" />
        <TestLink id="dcec2015-1b49-7efa-f771-8ba5b3470cf3" name="ACC_RemoveInsurance" storage="..\..\..\..\..\references\internal\.me android\theranos.automation.me.android.dll" type="Microsoft.VisualStudio.TestTools.TestTypes.Unit.UnitTestElement, Microsoft.VisualStudio.QualityTools.Tips.UnitTest.ObjectModel, Version=12.0.0.0, Culture=neutral, PublicKeyToken=b03f5f7f11d50a3a" />
        <TestLink id="a203b0cc-6ee1-5edc-b5bb-527c8417a6d3" name="ACC_SelectedInsuranceDisplayed" storage="..\..\..\..\..\references\internal\.me android\theranos.automation.me.android.dll" type="Microsoft.VisualStudio.TestTools.TestTypes.Unit.UnitTestElement, Microsoft.VisualStudio.QualityTools.Tips.UnitTest.ObjectModel, Version=12.0.0.0, Culture=neutral, PublicKeyToken=b03f5f7f11d50a3a" />
        <TestLink id="bc516d39-e9f6-596c-5837-4e34f8ebb376" name="UNACC_AccountUserName" storage="..\..\..\..\..\references\internal\.me android\theranos.automation.me.android.dll" type="Microsoft.VisualStudio.TestTools.TestTypes.Unit.UnitTestElement, Microsoft.VisualStudio.QualityTools.Tips.UnitTest.ObjectModel, Version=12.0.0.0, Culture=neutral, PublicKeyToken=b03f5f7f11d50a3a" />
        <TestLink id="325e9054-5a64-92ed-5852-1ed6bd3f7009" name="UNACC_PasscodeValidation" storage="..\..\..\..\..\references\internal\.me android\theranos.automation.me.android.dll" type="Microsoft.VisualStudio.TestTools.TestTypes.Unit.UnitTestElement, Microsoft.VisualStudio.QualityTools.Tips.UnitTest.ObjectModel, Version=12.0.0.0, Culture=neutral, PublicKeyToken=b03f5f7f11d50a3a" />
        <TestLink id="da687907-31b4-7282-68fd-54be3225d44b" name="UNACC_PasswordUpdate" storage="..\..\..\..\..\references\internal\.me android\theranos.automation.me.android.dll" type="Microsoft.VisualStudio.TestTools.TestTypes.Unit.UnitTestElement, Microsoft.VisualStudio.QualityTools.Tips.UnitTest.ObjectModel, Version=12.0.0.0, Culture=neutral, PublicKeyToken=b03f5f7f11d50a3a" />
        <TestLink id="82a2a729-dfd1-806d-baf7-2bafc15d08d2" name="UserInfo" storage="..\..\..\..\..\references\internal\.me android\theranos.automation.me.android.dll" type="Microsoft.VisualStudio.TestTools.TestTypes.Unit.UnitTestElement, Microsoft.VisualStudio.QualityTools.Tips.UnitTest.ObjectModel, Version=12.0.0.0, Culture=neutral, PublicKeyToken=b03f5f7f11d50a3a" />
        <TestLink id="acb6b506-cb09-7909-9552-d80eaa15bef2" name="TwoCptTest" storage="..\..\..\..\..\references\internal\.me android\theranos.automation.me.android.dll" type="Microsoft.VisualStudio.TestTools.TestTypes.Unit.UnitTestElement, Microsoft.VisualStudio.QualityTools.Tips.UnitTest.ObjectModel, Version=12.0.0.0, Culture=neutral, PublicKeyToken=b03f5f7f11d50a3a" />
        <TestLink id="aaaa7ebf-c2cc-a95d-2084-545c1056e6ad" name="ActiveOrderDelete" storage="..\..\..\..\..\references\internal\.me android\theranos.automation.me.android.dll" type="Microsoft.VisualStudio.TestTools.TestTypes.Unit.UnitTestElement, Microsoft.VisualStudio.QualityTools.Tips.UnitTest.ObjectModel, Version=12.0.0.0, Culture=neutral, PublicKeyToken=b03f5f7f11d50a3a" />
        <TestLink id="98b8dc63-8b91-581f-1abc-979b22e03024" name="RemoveOrderFromCart" storage="..\..\..\..\..\references\internal\.me android\theranos.automation.me.android.dll" type="Microsoft.VisualStudio.TestTools.TestTypes.Unit.UnitTestElement, Microsoft.VisualStudio.QualityTools.Tips.UnitTest.ObjectModel, Version=12.0.0.0, Culture=neutral, PublicKeyToken=b03f5f7f11d50a3a" />
        <TestLink id="6655f3f2-6ecd-881a-992e-4095f7a8da73" name="DashBoardToTestMenuPage" storage="..\..\..\..\..\references\internal\.me android\theranos.automation.me.android.dll" type="Microsoft.VisualStudio.TestTools.TestTypes.Unit.UnitTestElement, Microsoft.VisualStudio.QualityTools.Tips.UnitTest.ObjectModel, Version=12.0.0.0, Culture=neutral, PublicKeyToken=b03f5f7f11d50a3a" />
        <TestLink id="48925ac1-c46a-08d7-9f9c-99c6b480d667" name="CheckCartEnable" storage="..\..\..\..\..\references\internal\.me android\theranos.automation.me.android.dll" type="Microsoft.VisualStudio.TestTools.TestTypes.Unit.UnitTestElement, Microsoft.VisualStudio.QualityTools.Tips.UnitTest.ObjectModel, Version=12.0.0.0, Culture=neutral, PublicKeyToken=b03f5f7f11d50a3a" />
        <TestLink id="aaa5c40f-72a6-2358-440a-9f16894f172b" name="CheckAddedTestDetails" storage="..\..\..\..\..\references\internal\.me android\theranos.automation.me.android.dll" type="Microsoft.VisualStudio.TestTools.TestTypes.Unit.UnitTestElement, Microsoft.VisualStudio.QualityTools.Tips.UnitTest.ObjectModel, Version=12.0.0.0, Culture=neutral, PublicKeyToken=b03f5f7f11d50a3a" />
        <TestLink id="187f7ddc-5d4e-d2a6-8ba4-6fa2fc2fc89b" name="AddTestWithCPT" storage="..\..\..\..\..\references\internal\.me android\theranos.automation.me.android.dll" type="Microsoft.VisualStudio.TestTools.TestTypes.Unit.UnitTestElement, Microsoft.VisualStudio.QualityTools.Tips.UnitTest.ObjectModel, Version=12.0.0.0, Culture=neutral, PublicKeyToken=b03f5f7f11d50a3a" />
        <TestLink id="b1f34c68-ea8c-545d-351f-419aeb8c9adf" name="CheckFastingTestDetails" storage="..\..\..\..\..\references\internal\.me android\theranos.automation.me.android.dll" type="Microsoft.VisualStudio.TestTools.TestTypes.Unit.UnitTestElement, Microsoft.VisualStudio.QualityTools.Tips.UnitTest.ObjectModel, Version=12.0.0.0, Culture=neutral, PublicKeyToken=b03f5f7f11d50a3a" />
        <TestLink id="8d3913ba-f58e-cbd0-b95d-8b1ee1ae4c5d" name="CheckTestDisplayInCart" storage="..\..\..\..\..\references\internal\.me android\theranos.automation.me.android.dll" type="Microsoft.VisualStudio.TestTools.TestTypes.Unit.UnitTestElement, Microsoft.VisualStudio.QualityTools.Tips.UnitTest.ObjectModel, Version=12.0.0.0, Culture=neutral, PublicKeyToken=b03f5f7f11d50a3a" />
        <TestLink id="b3adeec5-cd82-5121-754d-7a279018361c" name="CheckStateIsAdded" storage="..\..\..\..\..\references\internal\.me android\theranos.automation.me.android.dll" type="Microsoft.VisualStudio.TestTools.TestTypes.Unit.UnitTestElement, Microsoft.VisualStudio.QualityTools.Tips.UnitTest.ObjectModel, Version=12.0.0.0, Culture=neutral, PublicKeyToken=b03f5f7f11d50a3a" />
        <TestLink id="0c06edc6-1278-6d5b-2eb6-bc4ff74abcdc" name="CheckCenterIsDisplayed" storage="..\..\..\..\..\references\internal\.me android\theranos.automation.me.android.dll" type="Microsoft.VisualStudio.TestTools.TestTypes.Unit.UnitTestElement, Microsoft.VisualStudio.QualityTools.Tips.UnitTest.ObjectModel, Version=12.0.0.0, Culture=neutral, PublicKeyToken=b03f5f7f11d50a3a" />
        <TestLink id="825ce4d4-ac01-03d6-e029-3fcd6fc3e4da" name="CheckPanelTest" storage="..\..\..\..\..\references\internal\.me android\theranos.automation.me.android.dll" type="Microsoft.VisualStudio.TestTools.TestTypes.Unit.UnitTestElement, Microsoft.VisualStudio.QualityTools.Tips.UnitTest.ObjectModel, Version=12.0.0.0, Culture=neutral, PublicKeyToken=b03f5f7f11d50a3a" />
        <TestLink id="0c06edc6-1278-6d5b-2eb6-bc4ff74abcdc" name="CheckCenterIsDisplayed" storage="..\..\..\..\..\references\internal\.me android\theranos.automation.me.android.dll" type="Microsoft.VisualStudio.TestTools.TestTypes.Unit.UnitTestElement, Microsoft.VisualStudio.QualityTools.Tips.UnitTest.ObjectModel, Version=12.0.0.0, Culture=neutral, PublicKeyToken=b03f5f7f11d50a3a" />
        <TestLink id="67f1bfae-78d0-af22-4548-7e4bae53adff" name="CheckCenterLocations" storage="..\..\..\..\..\references\internal\.me android\theranos.automation.me.android.dll" type="Microsoft.VisualStudio.TestTools.TestTypes.Unit.UnitTestElement, Microsoft.VisualStudio.QualityTools.Tips.UnitTest.ObjectModel, Version=12.0.0.0, Culture=neutral, PublicKeyToken=b03f5f7f11d50a3a" />
      </TestLinks>
    </OrderedTest>
    <UnitTest name="CheckCenterLocations" storage="c:\users\balaji.venkat\source\workspaces\theranos.test-automation\references\internal\.me android\theranos.automation.me.android.dll" id="67f1bfae-78d0-af22-4548-7e4bae53adff">
      <TestMethod codeBase="c:/users/balaji.venkat/source/workspaces/theranos.test-automation/references/internal/.me android/Theranos.Automation.ME.Android.DLL" adapterTypeName="Microsoft.VisualStudio.TestTools.TestTypes.Unit.UnitTestAdapter, Microsoft.VisualStudio.QualityTools.Tips.UnitTest.Adapter, Version=12.0.0.0, Culture=neutral, PublicKeyToken=b03f5f7f11d50a3a" className="Theranos.Automation.ME.Android.TestScenarios.Accountsceanrios, Theranos.Automation.ME.Android, Version=1.0.0.0, Culture=neutral, PublicKeyToken=null" name="CheckCenterLocations" />
    </UnitTest>
    <UnitTest name="ACC_BasicInfoDateOfBirth" storage="c:\users\balaji.venkat\source\workspaces\theranos.test-automation\references\internal\.me android\theranos.automation.me.android.dll" id="e38add73-8d08-5754-a27d-59d0299ed03f">
      <TestMethod codeBase="c:/users/balaji.venkat/source/workspaces/theranos.test-automation/references/internal/.me android/Theranos.Automation.ME.Android.DLL" adapterTypeName="Microsoft.VisualStudio.TestTools.TestTypes.Unit.UnitTestAdapter, Microsoft.VisualStudio.QualityTools.Tips.UnitTest.Adapter, Version=12.0.0.0, Culture=neutral, PublicKeyToken=b03f5f7f11d50a3a" className="Theranos.Automation.ME.Android.TestScenarios.BasicInfoScenarios, Theranos.Automation.ME.Android, Version=1.0.0.0, Culture=neutral, PublicKeyToken=null" name="ACC_BasicInfoDateOfBirth" />
    </UnitTest>
    <UnitTest name="UserInfo" storage="c:\users\balaji.venkat\source\workspaces\theranos.test-automation\references\internal\.me android\theranos.automation.me.android.dll" id="82a2a729-dfd1-806d-baf7-2bafc15d08d2">
      <TestMethod codeBase="c:/users/balaji.venkat/source/workspaces/theranos.test-automation/references/internal/.me android/Theranos.Automation.ME.Android.DLL" adapterTypeName="Microsoft.VisualStudio.TestTools.TestTypes.Unit.UnitTestAdapter, Microsoft.VisualStudio.QualityTools.Tips.UnitTest.Adapter, Version=12.0.0.0, Culture=neutral, PublicKeyToken=b03f5f7f11d50a3a" className="Theranos.Automation.ME.Android.TestSuite.UserInfoSuite, Theranos.Automation.ME.Android, Version=1.0.0.0, Culture=neutral, PublicKeyToken=null" name="UserInfo" />
    </UnitTest>
    <UnitTest name="SignUpSigleSecurityAns" storage="c:\users\balaji.venkat\source\workspaces\theranos.test-automation\references\internal\.me android\theranos.automation.me.android.dll" id="1e7f0bca-8dd4-ee82-b049-953c400bbd15">
      <TestMethod codeBase="c:/users/balaji.venkat/source/workspaces/theranos.test-automation/references/internal/.me android/Theranos.Automation.ME.Android.DLL" adapterTypeName="Microsoft.VisualStudio.TestTools.TestTypes.Unit.UnitTestAdapter, Microsoft.VisualStudio.QualityTools.Tips.UnitTest.Adapter, Version=12.0.0.0, Culture=neutral, PublicKeyToken=b03f5f7f11d50a3a" className="Theranos.Automation.ME.Android.TestSuite.AccountCreationSuite, Theranos.Automation.ME.Android, Version=1.0.0.0, Culture=neutral, PublicKeyToken=null" name="SignUpSigleSecurityAns" />
    </UnitTest>
    <UnitTest name="SignUpInvalidUserName" storage="c:\users\balaji.venkat\source\workspaces\theranos.test-automation\references\internal\.me android\theranos.automation.me.android.dll" id="158fcc65-7fa0-4eec-8ae9-e02a29d72de2">
      <TestMethod codeBase="c:/users/balaji.venkat/source/workspaces/theranos.test-automation/references/internal/.me android/Theranos.Automation.ME.Android.DLL" adapterTypeName="Microsoft.VisualStudio.TestTools.TestTypes.Unit.UnitTestAdapter, Microsoft.VisualStudio.QualityTools.Tips.UnitTest.Adapter, Version=12.0.0.0, Culture=neutral, PublicKeyToken=b03f5f7f11d50a3a" className="Theranos.Automation.ME.Android.TestSuite.AccountCreationSuite, Theranos.Automation.ME.Android, Version=1.0.0.0, Culture=neutral, PublicKeyToken=null" name="SignUpInvalidUserName" />
    </UnitTest>
    <UnitTest name="DashBoardtoResultPage" storage="c:\users\balaji.venkat\source\workspaces\theranos.test-automation\references\internal\.me android\theranos.automation.me.android.dll" id="479d8eda-940d-84fe-d364-a2265aa0b06f">
      <TestMethod codeBase="c:/users/balaji.venkat/source/workspaces/theranos.test-automation/references/internal/.me android/Theranos.Automation.ME.Android.DLL" adapterTypeName="Microsoft.VisualStudio.TestTools.TestTypes.Unit.UnitTestAdapter, Microsoft.VisualStudio.QualityTools.Tips.UnitTest.Adapter, Version=12.0.0.0, Culture=neutral, PublicKeyToken=b03f5f7f11d50a3a" className="Theranos.Automation.ME.Android.TestScenarios.Accountsceanrios, Theranos.Automation.ME.Android, Version=1.0.0.0, Culture=neutral, PublicKeyToken=null" name="DashBoardtoResultPage" />
    </UnitTest>
    <UnitTest name="ACC_InvalidPasswordCondition" storage="c:\users\balaji.venkat\source\workspaces\theranos.test-automation\references\internal\.me android\theranos.automation.me.android.dll" id="d527593a-fe98-dc75-d213-3698f792261f">
      <TestMethod codeBase="c:/users/balaji.venkat/source/workspaces/theranos.test-automation/references/internal/.me android/Theranos.Automation.ME.Android.DLL" adapterTypeName="Microsoft.VisualStudio.TestTools.TestTypes.Unit.UnitTestAdapter, Microsoft.VisualStudio.QualityTools.Tips.UnitTest.Adapter, Version=12.0.0.0, Culture=neutral, PublicKeyToken=b03f5f7f11d50a3a" className="Theranos.Automation.ME.Android.TestScenarios.Accountsceanrios, Theranos.Automation.ME.Android, Version=1.0.0.0, Culture=neutral, PublicKeyToken=null" name="ACC_InvalidPasswordCondition" />
    </UnitTest>
    <UnitTest name="ACC_PasscodeReset" storage="c:\users\balaji.venkat\source\workspaces\theranos.test-automation\references\internal\.me android\theranos.automation.me.android.dll" id="8130bb48-5ce0-f810-0813-10950657ff71">
      <TestMethod codeBase="c:/users/balaji.venkat/source/workspaces/theranos.test-automation/references/internal/.me android/Theranos.Automation.ME.Android.DLL" adapterTypeName="Microsoft.VisualStudio.TestTools.TestTypes.Unit.UnitTestAdapter, Microsoft.VisualStudio.QualityTools.Tips.UnitTest.Adapter, Version=12.0.0.0, Culture=neutral, PublicKeyToken=b03f5f7f11d50a3a" className="Theranos.Automation.ME.Android.TestScenarios.Accountsceanrios, Theranos.Automation.ME.Android, Version=1.0.0.0, Culture=neutral, PublicKeyToken=null" name="ACC_PasscodeReset" />
    </UnitTest>
    <UnitTest name="SignUpInValidPasswordNoUpper" storage="c:\users\balaji.venkat\source\workspaces\theranos.test-automation\references\internal\.me android\theranos.automation.me.android.dll" id="4f75e710-ecba-fcf1-0433-199dc8a286a1">
      <TestMethod codeBase="c:/users/balaji.venkat/source/workspaces/theranos.test-automation/references/internal/.me android/Theranos.Automation.ME.Android.DLL" adapterTypeName="Microsoft.VisualStudio.TestTools.TestTypes.Unit.UnitTestAdapter, Microsoft.VisualStudio.QualityTools.Tips.UnitTest.Adapter, Version=12.0.0.0, Culture=neutral, PublicKeyToken=b03f5f7f11d50a3a" className="Theranos.Automation.ME.Android.TestSuite.AccountCreationSuite, Theranos.Automation.ME.Android, Version=1.0.0.0, Culture=neutral, PublicKeyToken=null" name="SignUpInValidPasswordNoUpper" />
    </UnitTest>
    <UnitTest name="ACC_RemoveEmergencyContact" storage="c:\users\balaji.venkat\source\workspaces\theranos.test-automation\references\internal\.me android\theranos.automation.me.android.dll" id="70de5acc-bc15-c4e2-2565-55efb0a991e9">
      <TestMethod codeBase="c:/users/balaji.venkat/source/workspaces/theranos.test-automation/references/internal/.me android/Theranos.Automation.ME.Android.DLL" adapterTypeName="Microsoft.VisualStudio.TestTools.TestTypes.Unit.UnitTestAdapter, Microsoft.VisualStudio.QualityTools.Tips.UnitTest.Adapter, Version=12.0.0.0, Culture=neutral, PublicKeyToken=b03f5f7f11d50a3a" className="Theranos.Automation.ME.Android.TestScenarios.BasicInfoScenarios, Theranos.Automation.ME.Android, Version=1.0.0.0, Culture=neutral, PublicKeyToken=null" name="ACC_RemoveEmergencyContact" />
    </UnitTest>
    <UnitTest name="AddTestWithCPT" storage="c:\users\balaji.venkat\source\workspaces\theranos.test-automation\references\internal\.me android\theranos.automation.me.android.dll" id="187f7ddc-5d4e-d2a6-8ba4-6fa2fc2fc89b">
      <TestMethod codeBase="c:/users/balaji.venkat/source/workspaces/theranos.test-automation/references/internal/.me android/Theranos.Automation.ME.Android.DLL" adapterTypeName="Microsoft.VisualStudio.TestTools.TestTypes.Unit.UnitTestAdapter, Microsoft.VisualStudio.QualityTools.Tips.UnitTest.Adapter, Version=12.0.0.0, Culture=neutral, PublicKeyToken=b03f5f7f11d50a3a" className="Theranos.Automation.ME.Android.TestSuite.UserInfoSuite, Theranos.Automation.ME.Android, Version=1.0.0.0, Culture=neutral, PublicKeyToken=null" name="AddTestWithCPT" />
    </UnitTest>
    <UnitTest name="Need_ActivateLink" storage="c:\users\balaji.venkat\source\workspaces\theranos.test-automation\references\internal\.me android\theranos.automation.me.android.dll" id="4746ff04-4012-0365-e7aa-6d77b8e103ea">
      <TestMethod codeBase="c:/users/balaji.venkat/source/workspaces/theranos.test-automation/references/internal/.me android/Theranos.Automation.ME.Android.DLL" adapterTypeName="Microsoft.VisualStudio.TestTools.TestTypes.Unit.UnitTestAdapter, Microsoft.VisualStudio.QualityTools.Tips.UnitTest.Adapter, Version=12.0.0.0, Culture=neutral, PublicKeyToken=b03f5f7f11d50a3a" className="Theranos.Automation.ME.Android.TestSuite.NeedHelpSuite, Theranos.Automation.ME.Android, Version=1.0.0.0, Culture=neutral, PublicKeyToken=null" name="Need_ActivateLink" />
    </UnitTest>
    <UnitTest name="SignUpAgeValidation" storage="c:\users\balaji.venkat\source\workspaces\theranos.test-automation\references\internal\.me android\theranos.automation.me.android.dll" id="58ae38a2-2812-5a47-dc5e-927d47aa4939">
      <TestMethod codeBase="c:/users/balaji.venkat/source/workspaces/theranos.test-automation/references/internal/.me android/Theranos.Automation.ME.Android.DLL" adapterTypeName="Microsoft.VisualStudio.TestTools.TestTypes.Unit.UnitTestAdapter, Microsoft.VisualStudio.QualityTools.Tips.UnitTest.Adapter, Version=12.0.0.0, Culture=neutral, PublicKeyToken=b03f5f7f11d50a3a" className="Theranos.Automation.ME.Android.TestSuite.AccountCreationSuite, Theranos.Automation.ME.Android, Version=1.0.0.0, Culture=neutral, PublicKeyToken=null" name="SignUpAgeValidation" />
    </UnitTest>
    <UnitTest name="CheckAddedTestDetails" storage="c:\users\balaji.venkat\source\workspaces\theranos.test-automation\references\internal\.me android\theranos.automation.me.android.dll" id="aaa5c40f-72a6-2358-440a-9f16894f172b">
      <TestMethod codeBase="c:/users/balaji.venkat/source/workspaces/theranos.test-automation/references/internal/.me android/Theranos.Automation.ME.Android.DLL" adapterTypeName="Microsoft.VisualStudio.TestTools.TestTypes.Unit.UnitTestAdapter, Microsoft.VisualStudio.QualityTools.Tips.UnitTest.Adapter, Version=12.0.0.0, Culture=neutral, PublicKeyToken=b03f5f7f11d50a3a" className="Theranos.Automation.ME.Android.TestSuite.UserInfoSuite, Theranos.Automation.ME.Android, Version=1.0.0.0, Culture=neutral, PublicKeyToken=null" name="CheckAddedTestDetails" />
    </UnitTest>
    <UnitTest name="InvaildPass" storage="c:\users\balaji.venkat\source\workspaces\theranos.test-automation\references\internal\.me android\theranos.automation.me.android.dll" id="e2a3957f-5181-d032-924a-62c968d680ff">
      <TestMethod codeBase="c:/users/balaji.venkat/source/workspaces/theranos.test-automation/references/internal/.me android/Theranos.Automation.ME.Android.DLL" adapterTypeName="Microsoft.VisualStudio.TestTools.TestTypes.Unit.UnitTestAdapter, Microsoft.VisualStudio.QualityTools.Tips.UnitTest.Adapter, Version=12.0.0.0, Culture=neutral, PublicKeyToken=b03f5f7f11d50a3a" className="Theranos.Automation.ME.Android.TestSuite.LoginSuite, Theranos.Automation.ME.Android, Version=1.0.0.0, Culture=neutral, PublicKeyToken=null" name="InvaildPass" />
    </UnitTest>
    <UnitTest name="Need_PasswordResetInValidUser" storage="c:\users\balaji.venkat\source\workspaces\theranos.test-automation\references\internal\.me android\theranos.automation.me.android.dll" id="9d1201a3-7793-5b83-88c8-ec84de8653d7">
      <TestMethod codeBase="c:/users/balaji.venkat/source/workspaces/theranos.test-automation/references/internal/.me android/Theranos.Automation.ME.Android.DLL" adapterTypeName="Microsoft.VisualStudio.TestTools.TestTypes.Unit.UnitTestAdapter, Microsoft.VisualStudio.QualityTools.Tips.UnitTest.Adapter, Version=12.0.0.0, Culture=neutral, PublicKeyToken=b03f5f7f11d50a3a" className="Theranos.Automation.ME.Android.TestSuite.NeedHelpSuite, Theranos.Automation.ME.Android, Version=1.0.0.0, Culture=neutral, PublicKeyToken=null" name="Need_PasswordResetInValidUser" />
    </UnitTest>
    <UnitTest name="ACC_RemoveEmergencyValidation" storage="c:\users\balaji.venkat\source\workspaces\theranos.test-automation\references\internal\.me android\theranos.automation.me.android.dll" id="bbaafe45-fde4-0324-bcfd-cfae721056b7">
      <TestMethod codeBase="c:/users/balaji.venkat/source/workspaces/theranos.test-automation/references/internal/.me android/Theranos.Automation.ME.Android.DLL" adapterTypeName="Microsoft.VisualStudio.TestTools.TestTypes.Unit.UnitTestAdapter, Microsoft.VisualStudio.QualityTools.Tips.UnitTest.Adapter, Version=12.0.0.0, Culture=neutral, PublicKeyToken=b03f5f7f11d50a3a" className="Theranos.Automation.ME.Android.TestScenarios.BasicInfoScenarios, Theranos.Automation.ME.Android, Version=1.0.0.0, Culture=neutral, PublicKeyToken=null" name="ACC_RemoveEmergencyValidation" />
    </UnitTest>
    <UnitTest name="TwoCptTest" storage="c:\users\balaji.venkat\source\workspaces\theranos.test-automation\references\internal\.me android\theranos.automation.me.android.dll" id="acb6b506-cb09-7909-9552-d80eaa15bef2">
      <TestMethod codeBase="c:/users/balaji.venkat/source/workspaces/theranos.test-automation/references/internal/.me android/Theranos.Automation.ME.Android.DLL" adapterTypeName="Microsoft.VisualStudio.TestTools.TestTypes.Unit.UnitTestAdapter, Microsoft.VisualStudio.QualityTools.Tips.UnitTest.Adapter, Version=12.0.0.0, Culture=neutral, PublicKeyToken=b03f5f7f11d50a3a" className="Theranos.Automation.ME.Android.TestSuite.UserInfoSuite, Theranos.Automation.ME.Android, Version=1.0.0.0, Culture=neutral, PublicKeyToken=null" name="TwoCptTest" />
    </UnitTest>
    <UnitTest name="SignUpInvalidEmail" storage="c:\users\balaji.venkat\source\workspaces\theranos.test-automation\references\internal\.me android\theranos.automation.me.android.dll" id="889f91a9-ea03-8011-03e8-98e0c21f6c89">
      <TestMethod codeBase="c:/users/balaji.venkat/source/workspaces/theranos.test-automation/references/internal/.me android/Theranos.Automation.ME.Android.DLL" adapterTypeName="Microsoft.VisualStudio.TestTools.TestTypes.Unit.UnitTestAdapter, Microsoft.VisualStudio.QualityTools.Tips.UnitTest.Adapter, Version=12.0.0.0, Culture=neutral, PublicKeyToken=b03f5f7f11d50a3a" className="Theranos.Automation.ME.Android.TestSuite.AccountCreationSuite, Theranos.Automation.ME.Android, Version=1.0.0.0, Culture=neutral, PublicKeyToken=null" name="SignUpInvalidEmail" />
    </UnitTest>
    <UnitTest name="CheckStateIsAdded" storage="c:\users\balaji.venkat\source\workspaces\theranos.test-automation\references\internal\.me android\theranos.automation.me.android.dll" id="b3adeec5-cd82-5121-754d-7a279018361c">
      <TestMethod codeBase="c:/users/balaji.venkat/source/workspaces/theranos.test-automation/references/internal/.me android/Theranos.Automation.ME.Android.DLL" adapterTypeName="Microsoft.VisualStudio.TestTools.TestTypes.Unit.UnitTestAdapter, Microsoft.VisualStudio.QualityTools.Tips.UnitTest.Adapter, Version=12.0.0.0, Culture=neutral, PublicKeyToken=b03f5f7f11d50a3a" className="Theranos.Automation.ME.Android.TestSuite.UserInfoSuite, Theranos.Automation.ME.Android, Version=1.0.0.0, Culture=neutral, PublicKeyToken=null" name="CheckStateIsAdded" />
    </UnitTest>
    <UnitTest name="ACC_EditEmergencyContact" storage="c:\users\balaji.venkat\source\workspaces\theranos.test-automation\references\internal\.me android\theranos.automation.me.android.dll" id="7e7c90fc-969e-96a3-8b58-c71d8b8fad68">
      <TestMethod codeBase="c:/users/balaji.venkat/source/workspaces/theranos.test-automation/references/internal/.me android/Theranos.Automation.ME.Android.DLL" adapterTypeName="Microsoft.VisualStudio.TestTools.TestTypes.Unit.UnitTestAdapter, Microsoft.VisualStudio.QualityTools.Tips.UnitTest.Adapter, Version=12.0.0.0, Culture=neutral, PublicKeyToken=b03f5f7f11d50a3a" className="Theranos.Automation.ME.Android.TestScenarios.BasicInfoScenarios, Theranos.Automation.ME.Android, Version=1.0.0.0, Culture=neutral, PublicKeyToken=null" name="ACC_EditEmergencyContact" />
    </UnitTest>
    <UnitTest name="ACC_AccountUserName" storage="c:\users\balaji.venkat\source\workspaces\theranos.test-automation\references\internal\.me android\theranos.automation.me.android.dll" id="c7136218-6793-7cf8-e600-6f485679c49a">
      <TestMethod codeBase="c:/users/balaji.venkat/source/workspaces/theranos.test-automation/references/internal/.me android/Theranos.Automation.ME.Android.DLL" adapterTypeName="Microsoft.VisualStudio.TestTools.TestTypes.Unit.UnitTestAdapter, Microsoft.VisualStudio.QualityTools.Tips.UnitTest.Adapter, Version=12.0.0.0, Culture=neutral, PublicKeyToken=b03f5f7f11d50a3a" className="Theranos.Automation.ME.Android.TestScenarios.Accountsceanrios, Theranos.Automation.ME.Android, Version=1.0.0.0, Culture=neutral, PublicKeyToken=null" name="ACC_AccountUserName" />
    </UnitTest>
    <UnitTest name="InvaildUser" storage="c:\users\balaji.venkat\source\workspaces\theranos.test-automation\references\internal\.me android\theranos.automation.me.android.dll" id="543ccd34-0e45-5154-976b-b9e93abeb5ea">
      <TestMethod codeBase="c:/users/balaji.venkat/source/workspaces/theranos.test-automation/references/internal/.me android/Theranos.Automation.ME.Android.DLL" adapterTypeName="Microsoft.VisualStudio.TestTools.TestTypes.Unit.UnitTestAdapter, Microsoft.VisualStudio.QualityTools.Tips.UnitTest.Adapter, Version=12.0.0.0, Culture=neutral, PublicKeyToken=b03f5f7f11d50a3a" className="Theranos.Automation.ME.Android.TestSuite.LoginSuite, Theranos.Automation.ME.Android, Version=1.0.0.0, Culture=neutral, PublicKeyToken=null" name="InvaildUser" />
    </UnitTest>
    <UnitTest name="UNACC_AccountUserName" storage="c:\users\balaji.venkat\source\workspaces\theranos.test-automation\references\internal\.me android\theranos.automation.me.android.dll" id="bc516d39-e9f6-596c-5837-4e34f8ebb376">
      <TestMethod codeBase="c:/users/balaji.venkat/source/workspaces/theranos.test-automation/references/internal/.me android/Theranos.Automation.ME.Android.DLL" adapterTypeName="Microsoft.VisualStudio.TestTools.TestTypes.Unit.UnitTestAdapter, Microsoft.VisualStudio.QualityTools.Tips.UnitTest.Adapter, Version=12.0.0.0, Culture=neutral, PublicKeyToken=b03f5f7f11d50a3a" className="Theranos.Automation.ME.Android.TestScenarios.UnLinkAccScenario, Theranos.Automation.ME.Android, Version=1.0.0.0, Culture=neutral, PublicKeyToken=null" name="UNACC_AccountUserName" />
    </UnitTest>
    <UnitTest name="Need_PasswordResetValidUser" storage="c:\users\balaji.venkat\source\workspaces\theranos.test-automation\references\internal\.me android\theranos.automation.me.android.dll" id="9e63a5a4-33c0-6c6b-5601-33334771d4c7">
      <TestMethod codeBase="c:/users/balaji.venkat/source/workspaces/theranos.test-automation/references/internal/.me android/Theranos.Automation.ME.Android.DLL" adapterTypeName="Microsoft.VisualStudio.TestTools.TestTypes.Unit.UnitTestAdapter, Microsoft.VisualStudio.QualityTools.Tips.UnitTest.Adapter, Version=12.0.0.0, Culture=neutral, PublicKeyToken=b03f5f7f11d50a3a" className="Theranos.Automation.ME.Android.TestSuite.NeedHelpSuite, Theranos.Automation.ME.Android, Version=1.0.0.0, Culture=neutral, PublicKeyToken=null" name="Need_PasswordResetValidUser" />
    </UnitTest>
    <UnitTest name="CheckPanelTest" storage="c:\users\balaji.venkat\source\workspaces\theranos.test-automation\references\internal\.me android\theranos.automation.me.android.dll" id="825ce4d4-ac01-03d6-e029-3fcd6fc3e4da">
      <TestMethod codeBase="c:/users/balaji.venkat/source/workspaces/theranos.test-automation/references/internal/.me android/Theranos.Automation.ME.Android.DLL" adapterTypeName="Microsoft.VisualStudio.TestTools.TestTypes.Unit.UnitTestAdapter, Microsoft.VisualStudio.QualityTools.Tips.UnitTest.Adapter, Version=12.0.0.0, Culture=neutral, PublicKeyToken=b03f5f7f11d50a3a" className="Theranos.Automation.ME.Android.TestSuite.UserInfoSuite, Theranos.Automation.ME.Android, Version=1.0.0.0, Culture=neutral, PublicKeyToken=null" name="CheckPanelTest" />
    </UnitTest>
    <UnitTest name="ACC_AddEmergencyContactspage" storage="c:\users\balaji.venkat\source\workspaces\theranos.test-automation\references\internal\.me android\theranos.automation.me.android.dll" id="0a79ba54-8eec-7d34-1e58-946e3eee66bc">
      <TestMethod codeBase="c:/users/balaji.venkat/source/workspaces/theranos.test-automation/references/internal/.me android/Theranos.Automation.ME.Android.DLL" adapterTypeName="Microsoft.VisualStudio.TestTools.TestTypes.Unit.UnitTestAdapter, Microsoft.VisualStudio.QualityTools.Tips.UnitTest.Adapter, Version=12.0.0.0, Culture=neutral, PublicKeyToken=b03f5f7f11d50a3a" className="Theranos.Automation.ME.Android.TestScenarios.BasicInfoScenarios, Theranos.Automation.ME.Android, Version=1.0.0.0, Culture=neutral, PublicKeyToken=null" name="ACC_AddEmergencyContactspage" />
    </UnitTest>
    <UnitTest name="CheckFastingTestDetails" storage="c:\users\balaji.venkat\source\workspaces\theranos.test-automation\references\internal\.me android\theranos.automation.me.android.dll" id="b1f34c68-ea8c-545d-351f-419aeb8c9adf">
      <TestMethod codeBase="c:/users/balaji.venkat/source/workspaces/theranos.test-automation/references/internal/.me android/Theranos.Automation.ME.Android.DLL" adapterTypeName="Microsoft.VisualStudio.TestTools.TestTypes.Unit.UnitTestAdapter, Microsoft.VisualStudio.QualityTools.Tips.UnitTest.Adapter, Version=12.0.0.0, Culture=neutral, PublicKeyToken=b03f5f7f11d50a3a" className="Theranos.Automation.ME.Android.TestSuite.UserInfoSuite, Theranos.Automation.ME.Android, Version=1.0.0.0, Culture=neutral, PublicKeyToken=null" name="CheckFastingTestDetails" />
    </UnitTest>
    <UnitTest name="RemoveOrderFromCart" storage="c:\users\balaji.venkat\source\workspaces\theranos.test-automation\references\internal\.me android\theranos.automation.me.android.dll" id="98b8dc63-8b91-581f-1abc-979b22e03024">
      <TestMethod codeBase="c:/users/balaji.venkat/source/workspaces/theranos.test-automation/references/internal/.me android/Theranos.Automation.ME.Android.DLL" adapterTypeName="Microsoft.VisualStudio.TestTools.TestTypes.Unit.UnitTestAdapter, Microsoft.VisualStudio.QualityTools.Tips.UnitTest.Adapter, Version=12.0.0.0, Culture=neutral, PublicKeyToken=b03f5f7f11d50a3a" className="Theranos.Automation.ME.Android.TestSuite.UserInfoSuite, Theranos.Automation.ME.Android, Version=1.0.0.0, Culture=neutral, PublicKeyToken=null" name="RemoveOrderFromCart" />
    </UnitTest>
    <UnitTest name="ACC_BasicInfoMobile" storage="c:\users\balaji.venkat\source\workspaces\theranos.test-automation\references\internal\.me android\theranos.automation.me.android.dll" id="94956bce-696c-f536-4e02-996b699e2cd8">
      <TestMethod codeBase="c:/users/balaji.venkat/source/workspaces/theranos.test-automation/references/internal/.me android/Theranos.Automation.ME.Android.DLL" adapterTypeName="Microsoft.VisualStudio.TestTools.TestTypes.Unit.UnitTestAdapter, Microsoft.VisualStudio.QualityTools.Tips.UnitTest.Adapter, Version=12.0.0.0, Culture=neutral, PublicKeyToken=b03f5f7f11d50a3a" className="Theranos.Automation.ME.Android.TestScenarios.BasicInfoScenarios, Theranos.Automation.ME.Android, Version=1.0.0.0, Culture=neutral, PublicKeyToken=null" name="ACC_BasicInfoMobile" />
    </UnitTest>
    <UnitTest name="ACC_LinkedAccountBasicInfoPage" storage="c:\users\balaji.venkat\source\workspaces\theranos.test-automation\references\internal\.me android\theranos.automation.me.android.dll" id="e2a12225-a31b-af62-194e-03846916e179">
      <TestMethod codeBase="c:/users/balaji.venkat/source/workspaces/theranos.test-automation/references/internal/.me android/Theranos.Automation.ME.Android.DLL" adapterTypeName="Microsoft.VisualStudio.TestTools.TestTypes.Unit.UnitTestAdapter, Microsoft.VisualStudio.QualityTools.Tips.UnitTest.Adapter, Version=12.0.0.0, Culture=neutral, PublicKeyToken=b03f5f7f11d50a3a" className="Theranos.Automation.ME.Android.TestScenarios.BasicInfoScenarios, Theranos.Automation.ME.Android, Version=1.0.0.0, Culture=neutral, PublicKeyToken=null" name="ACC_LinkedAccountBasicInfoPage" />
    </UnitTest>
    <UnitTest name="ACC_PasswordCondition" storage="c:\users\balaji.venkat\source\workspaces\theranos.test-automation\references\internal\.me android\theranos.automation.me.android.dll" id="2ea676a6-f8a7-548e-5c5a-cf087a590188">
      <TestMethod codeBase="c:/users/balaji.venkat/source/workspaces/theranos.test-automation/references/internal/.me android/Theranos.Automation.ME.Android.DLL" adapterTypeName="Microsoft.VisualStudio.TestTools.TestTypes.Unit.UnitTestAdapter, Microsoft.VisualStudio.QualityTools.Tips.UnitTest.Adapter, Version=12.0.0.0, Culture=neutral, PublicKeyToken=b03f5f7f11d50a3a" className="Theranos.Automation.ME.Android.TestScenarios.Accountsceanrios, Theranos.Automation.ME.Android, Version=1.0.0.0, Culture=neutral, PublicKeyToken=null" name="ACC_PasswordCondition" />
    </UnitTest>
    <UnitTest name="CheckCartEnable" storage="c:\users\balaji.venkat\source\workspaces\theranos.test-automation\references\internal\.me android\theranos.automation.me.android.dll" id="48925ac1-c46a-08d7-9f9c-99c6b480d667">
      <TestMethod codeBase="c:/users/balaji.venkat/source/workspaces/theranos.test-automation/references/internal/.me android/Theranos.Automation.ME.Android.DLL" adapterTypeName="Microsoft.VisualStudio.TestTools.TestTypes.Unit.UnitTestAdapter, Microsoft.VisualStudio.QualityTools.Tips.UnitTest.Adapter, Version=12.0.0.0, Culture=neutral, PublicKeyToken=b03f5f7f11d50a3a" className="Theranos.Automation.ME.Android.TestSuite.UserInfoSuite, Theranos.Automation.ME.Android, Version=1.0.0.0, Culture=neutral, PublicKeyToken=null" name="CheckCartEnable" />
    </UnitTest>
    <UnitTest name="ACC_AccountInvalidEmail" storage="c:\users\balaji.venkat\source\workspaces\theranos.test-automation\references\internal\.me android\theranos.automation.me.android.dll" id="e555a28a-4aa9-bc38-3888-c06cf0ecd50c">
      <TestMethod codeBase="c:/users/balaji.venkat/source/workspaces/theranos.test-automation/references/internal/.me android/Theranos.Automation.ME.Android.DLL" adapterTypeName="Microsoft.VisualStudio.TestTools.TestTypes.Unit.UnitTestAdapter, Microsoft.VisualStudio.QualityTools.Tips.UnitTest.Adapter, Version=12.0.0.0, Culture=neutral, PublicKeyToken=b03f5f7f11d50a3a" className="Theranos.Automation.ME.Android.TestScenarios.Accountsceanrios, Theranos.Automation.ME.Android, Version=1.0.0.0, Culture=neutral, PublicKeyToken=null" name="ACC_AccountInvalidEmail" />
    </UnitTest>
    <UnitTest name="ACC_SelectedInsuranceDisplayed" storage="c:\users\balaji.venkat\source\workspaces\theranos.test-automation\references\internal\.me android\theranos.automation.me.android.dll" id="a203b0cc-6ee1-5edc-b5bb-527c8417a6d3">
      <TestMethod codeBase="c:/users/balaji.venkat/source/workspaces/theranos.test-automation/references/internal/.me android/Theranos.Automation.ME.Android.DLL" adapterTypeName="Microsoft.VisualStudio.TestTools.TestTypes.Unit.UnitTestAdapter, Microsoft.VisualStudio.QualityTools.Tips.UnitTest.Adapter, Version=12.0.0.0, Culture=neutral, PublicKeyToken=b03f5f7f11d50a3a" className="Theranos.Automation.ME.Android.TestScenarios.InsuranceScenarios, Theranos.Automation.ME.Android, Version=1.0.0.0, Culture=neutral, PublicKeyToken=null" name="ACC_SelectedInsuranceDisplayed" />
    </UnitTest>
  </TestDefinitions>
  <TestLists>
    <TestList name="Results Not in a List" id="8c84fa94-04c1-424b-9868-57a2d4851a1d" />
    <TestList name="All Loaded Results" id="19431567-8539-422a-85d7-44ee4e166bda" />
  </TestLists>
  <TestEntries>
    <TestEntry testId="674397a9-5ddb-44e4-9ab9-46a85687b85c" executionId="9184c227-6e75-418e-b280-7ca28828642a" testListId="8c84fa94-04c1-424b-9868-57a2d4851a1d">
      <TestEntries>
        <TestEntry testId="70880c55-0789-9f0f-beac-8fb1e771c12f" executionId="2600a17d-016d-481d-95e9-5d1934cce2a6" parentExecutionId="9184c227-6e75-418e-b280-7ca28828642a" testListId="8c84fa94-04c1-424b-9868-57a2d4851a1d" />
        <TestEntry testId="889f91a9-ea03-8011-03e8-98e0c21f6c89" executionId="6f65d346-1b21-4e5d-9b5d-62127d9173c6" parentExecutionId="9184c227-6e75-418e-b280-7ca28828642a" testListId="8c84fa94-04c1-424b-9868-57a2d4851a1d" />
        <TestEntry testId="158fcc65-7fa0-4eec-8ae9-e02a29d72de2" executionId="b7766fbe-45d5-42a8-85e9-a56668c9c139" parentExecutionId="9184c227-6e75-418e-b280-7ca28828642a" testListId="8c84fa94-04c1-424b-9868-57a2d4851a1d" />
        <TestEntry testId="58ae38a2-2812-5a47-dc5e-927d47aa4939" executionId="7c897515-ffb5-46cd-aa6d-29ce1c70521b" parentExecutionId="9184c227-6e75-418e-b280-7ca28828642a" testListId="8c84fa94-04c1-424b-9868-57a2d4851a1d" />
        <TestEntry testId="4f73a148-a955-8e75-fc71-c876124e4ebd" executionId="217b2e62-bb4e-4491-b6e1-d36a21645506" parentExecutionId="9184c227-6e75-418e-b280-7ca28828642a" testListId="8c84fa94-04c1-424b-9868-57a2d4851a1d" />
        <TestEntry testId="4f75e710-ecba-fcf1-0433-199dc8a286a1" executionId="6af9e080-f315-4de4-bf84-b94704699117" parentExecutionId="9184c227-6e75-418e-b280-7ca28828642a" testListId="8c84fa94-04c1-424b-9868-57a2d4851a1d" />
        <TestEntry testId="7fd4ecc5-2233-b7c3-f51f-f56f6f461ecd" executionId="cef2d946-112e-44ba-ad65-05ccc89f5f22" parentExecutionId="9184c227-6e75-418e-b280-7ca28828642a" testListId="8c84fa94-04c1-424b-9868-57a2d4851a1d" />
        <TestEntry testId="61455770-3368-2c6a-17e1-688edc00b2d0" executionId="fddb975e-ad2a-448e-b86b-212d06da6bc3" parentExecutionId="9184c227-6e75-418e-b280-7ca28828642a" testListId="8c84fa94-04c1-424b-9868-57a2d4851a1d" />
        <TestEntry testId="1e7f0bca-8dd4-ee82-b049-953c400bbd15" executionId="80d6cb41-322b-48ca-b31d-a452957a9c5d" parentExecutionId="9184c227-6e75-418e-b280-7ca28828642a" testListId="8c84fa94-04c1-424b-9868-57a2d4851a1d" />
        <TestEntry testId="b294483f-c217-e473-2d53-4e0fae69125a" executionId="6278dccf-4e61-4f5b-92dc-2febfe54943b" parentExecutionId="9184c227-6e75-418e-b280-7ca28828642a" testListId="8c84fa94-04c1-424b-9868-57a2d4851a1d" />
        <TestEntry testId="e792d3b7-ea23-574e-4a45-55ad581e0fde" executionId="9e68a0d2-c47a-45fb-a13f-0eeccc5b4b6b" parentExecutionId="9184c227-6e75-418e-b280-7ca28828642a" testListId="8c84fa94-04c1-424b-9868-57a2d4851a1d" />
        <TestEntry testId="543ccd34-0e45-5154-976b-b9e93abeb5ea" executionId="864273ef-ff96-486c-b98b-120d1fa2d6da" parentExecutionId="9184c227-6e75-418e-b280-7ca28828642a" testListId="8c84fa94-04c1-424b-9868-57a2d4851a1d" />
        <TestEntry testId="e2a3957f-5181-d032-924a-62c968d680ff" executionId="8d06e4ac-c4e4-44d1-947b-6aba9666f441" parentExecutionId="9184c227-6e75-418e-b280-7ca28828642a" testListId="8c84fa94-04c1-424b-9868-57a2d4851a1d" />
        <TestEntry testId="7c375b8f-36d7-0539-791c-7506b4e7fc12" executionId="6ea7f7bf-45e5-419a-8c8f-b5ce60df5ba6" parentExecutionId="9184c227-6e75-418e-b280-7ca28828642a" testListId="8c84fa94-04c1-424b-9868-57a2d4851a1d" />
        <TestEntry testId="8249f2ad-f341-5bb4-ef2a-60b4af4ce21c" executionId="ca03da09-9504-42ee-9540-edc1e1cf17c9" parentExecutionId="9184c227-6e75-418e-b280-7ca28828642a" testListId="8c84fa94-04c1-424b-9868-57a2d4851a1d" />
        <TestEntry testId="989b1802-c266-c125-2fc0-760eb8aabd85" executionId="66086b23-4b99-4d0b-88f9-ab9917c6a99d" parentExecutionId="9184c227-6e75-418e-b280-7ca28828642a" testListId="8c84fa94-04c1-424b-9868-57a2d4851a1d" />
        <TestEntry testId="4746ff04-4012-0365-e7aa-6d77b8e103ea" executionId="a78c1a47-1c56-4253-ad81-2c3153f3ff15" parentExecutionId="9184c227-6e75-418e-b280-7ca28828642a" testListId="8c84fa94-04c1-424b-9868-57a2d4851a1d" />
        <TestEntry testId="9e63a5a4-33c0-6c6b-5601-33334771d4c7" executionId="d34642bc-3218-4d2a-b57f-c416185cc4fd" parentExecutionId="9184c227-6e75-418e-b280-7ca28828642a" testListId="8c84fa94-04c1-424b-9868-57a2d4851a1d" />
        <TestEntry testId="9d1201a3-7793-5b83-88c8-ec84de8653d7" executionId="719a51c4-959e-4053-9d92-88d932f3c7e8" parentExecutionId="9184c227-6e75-418e-b280-7ca28828642a" testListId="8c84fa94-04c1-424b-9868-57a2d4851a1d" />
        <TestEntry testId="9fd85355-1564-a6bc-15ff-38a9bb7b83c8" executionId="c759eca6-efff-41ec-b580-bf4d1566a499" parentExecutionId="9184c227-6e75-418e-b280-7ca28828642a" testListId="8c84fa94-04c1-424b-9868-57a2d4851a1d" />
        <TestEntry testId="2de22715-1289-d8bc-bd24-3617be722687" executionId="b365035a-59a1-44de-a0e2-17cdab1358a3" parentExecutionId="9184c227-6e75-418e-b280-7ca28828642a" testListId="8c84fa94-04c1-424b-9868-57a2d4851a1d" />
        <TestEntry testId="c7136218-6793-7cf8-e600-6f485679c49a" executionId="2ad5ef67-a097-4d5e-854a-fd8fc6f0bf3f" parentExecutionId="9184c227-6e75-418e-b280-7ca28828642a" testListId="8c84fa94-04c1-424b-9868-57a2d4851a1d" />
        <TestEntry testId="66990e9c-8465-0fe5-3d63-e7a4c19712cc" executionId="742be4e9-e1ae-4f22-8096-ffdbf983a215" parentExecutionId="9184c227-6e75-418e-b280-7ca28828642a" testListId="8c84fa94-04c1-424b-9868-57a2d4851a1d" />
        <TestEntry testId="e555a28a-4aa9-bc38-3888-c06cf0ecd50c" executionId="a5d93e5e-27e0-42ee-974f-b1cb5167957b" parentExecutionId="9184c227-6e75-418e-b280-7ca28828642a" testListId="8c84fa94-04c1-424b-9868-57a2d4851a1d" />
        <TestEntry testId="db5bcda4-3d5b-50b9-1d71-a73a2dd9fcc6" executionId="4e529e13-1657-4fa9-97a3-929ce849b1e5" parentExecutionId="9184c227-6e75-418e-b280-7ca28828642a" testListId="8c84fa94-04c1-424b-9868-57a2d4851a1d" />
        <TestEntry testId="8130bb48-5ce0-f810-0813-10950657ff71" executionId="b6f1e05e-c41a-4ee6-b3cd-61c4d3858689" parentExecutionId="9184c227-6e75-418e-b280-7ca28828642a" testListId="8c84fa94-04c1-424b-9868-57a2d4851a1d" />
        <TestEntry testId="2ea676a6-f8a7-548e-5c5a-cf087a590188" executionId="62390be6-1a94-4166-8e91-3705d9aa44e6" parentExecutionId="9184c227-6e75-418e-b280-7ca28828642a" testListId="8c84fa94-04c1-424b-9868-57a2d4851a1d" />
        <TestEntry testId="d527593a-fe98-dc75-d213-3698f792261f" executionId="dae222ef-0c0e-472d-8080-499c6e321c61" parentExecutionId="9184c227-6e75-418e-b280-7ca28828642a" testListId="8c84fa94-04c1-424b-9868-57a2d4851a1d" />
        <TestEntry testId="9300ebd3-f2e3-13d4-5dee-6a9fd6f73915" executionId="004e8bfa-d389-4a32-b8f6-f6ce3bbbaa1a" parentExecutionId="9184c227-6e75-418e-b280-7ca28828642a" testListId="8c84fa94-04c1-424b-9868-57a2d4851a1d" />
        <TestEntry testId="27423179-3846-9ce8-93a9-e3bd1a5c465f" executionId="6a27a25b-2086-43d2-b459-7e6f1417bfcd" parentExecutionId="9184c227-6e75-418e-b280-7ca28828642a" testListId="8c84fa94-04c1-424b-9868-57a2d4851a1d" />
        <TestEntry testId="479d8eda-940d-84fe-d364-a2265aa0b06f" executionId="dc4f18dc-0227-44c9-bead-57040344a8b8" parentExecutionId="9184c227-6e75-418e-b280-7ca28828642a" testListId="8c84fa94-04c1-424b-9868-57a2d4851a1d" />
        <TestEntry testId="624d94f3-30ca-b531-a5fc-a0d676c92875" executionId="85548bec-cc02-468e-b4ff-721f263b053e" parentExecutionId="9184c227-6e75-418e-b280-7ca28828642a" testListId="8c84fa94-04c1-424b-9868-57a2d4851a1d" />
        <TestEntry testId="e38add73-8d08-5754-a27d-59d0299ed03f" executionId="fb95f8e3-969e-49ef-a96c-8548c628409b" parentExecutionId="9184c227-6e75-418e-b280-7ca28828642a" testListId="8c84fa94-04c1-424b-9868-57a2d4851a1d" />
        <TestEntry testId="f576ea37-5a88-6123-5781-97fe663fe864" executionId="4ff0508f-db31-4b47-bbce-29a0d0499f6f" parentExecutionId="9184c227-6e75-418e-b280-7ca28828642a" testListId="8c84fa94-04c1-424b-9868-57a2d4851a1d" />
        <TestEntry testId="0f6c464b-affb-2010-23bc-236b32ffba73" executionId="9189a8bf-ca01-4e35-8926-c386197f6c27" parentExecutionId="9184c227-6e75-418e-b280-7ca28828642a" testListId="8c84fa94-04c1-424b-9868-57a2d4851a1d" />
        <TestEntry testId="8cb20ed2-9e09-e655-0df8-025b71cc2015" executionId="ab8848e2-899d-4e2d-b3d8-47f676544188" parentExecutionId="9184c227-6e75-418e-b280-7ca28828642a" testListId="8c84fa94-04c1-424b-9868-57a2d4851a1d" />
        <TestEntry testId="e2a12225-a31b-af62-194e-03846916e179" executionId="c4442593-7186-4c59-bc20-1c35f4892859" parentExecutionId="9184c227-6e75-418e-b280-7ca28828642a" testListId="8c84fa94-04c1-424b-9868-57a2d4851a1d" />
        <TestEntry testId="94956bce-696c-f536-4e02-996b699e2cd8" executionId="cb6ad989-6542-43e8-a723-dc6fc0984da7" parentExecutionId="9184c227-6e75-418e-b280-7ca28828642a" testListId="8c84fa94-04c1-424b-9868-57a2d4851a1d" />
        <TestEntry testId="0a79ba54-8eec-7d34-1e58-946e3eee66bc" executionId="7dfedcc6-1422-4964-a668-d4b4a375deed" parentExecutionId="9184c227-6e75-418e-b280-7ca28828642a" testListId="8c84fa94-04c1-424b-9868-57a2d4851a1d" />
        <TestEntry testId="7e7c90fc-969e-96a3-8b58-c71d8b8fad68" executionId="256c7e83-2f26-4977-ae7a-e1cd758c6546" parentExecutionId="9184c227-6e75-418e-b280-7ca28828642a" testListId="8c84fa94-04c1-424b-9868-57a2d4851a1d" />
        <TestEntry testId="bbaafe45-fde4-0324-bcfd-cfae721056b7" executionId="c44d2a68-8d03-44ba-8898-d3cf502decdf" parentExecutionId="9184c227-6e75-418e-b280-7ca28828642a" testListId="8c84fa94-04c1-424b-9868-57a2d4851a1d" />
        <TestEntry testId="70de5acc-bc15-c4e2-2565-55efb0a991e9" executionId="18493398-6aed-4e70-bdbd-3d3974569299" parentExecutionId="9184c227-6e75-418e-b280-7ca28828642a" testListId="8c84fa94-04c1-424b-9868-57a2d4851a1d" />
        <TestEntry testId="90e9f033-4b8e-3b48-a6ac-7942dd37120d" executionId="c7f311bf-93af-4089-8718-55a9eff1f742" parentExecutionId="9184c227-6e75-418e-b280-7ca28828642a" testListId="8c84fa94-04c1-424b-9868-57a2d4851a1d" />
        <TestEntry testId="dcec2015-1b49-7efa-f771-8ba5b3470cf3" executionId="69d58f64-5d1f-4c00-a9b4-8ceb667e49b2" parentExecutionId="9184c227-6e75-418e-b280-7ca28828642a" testListId="8c84fa94-04c1-424b-9868-57a2d4851a1d" />
        <TestEntry testId="a203b0cc-6ee1-5edc-b5bb-527c8417a6d3" executionId="29eb4d46-a9ed-4099-98a3-c552af500e9f" parentExecutionId="9184c227-6e75-418e-b280-7ca28828642a" testListId="8c84fa94-04c1-424b-9868-57a2d4851a1d" />
        <TestEntry testId="bc516d39-e9f6-596c-5837-4e34f8ebb376" executionId="ffdfde18-4edf-4e6d-97d8-471e620c5e4a" parentExecutionId="9184c227-6e75-418e-b280-7ca28828642a" testListId="8c84fa94-04c1-424b-9868-57a2d4851a1d" />
        <TestEntry testId="325e9054-5a64-92ed-5852-1ed6bd3f7009" executionId="ef05d3df-8848-42fc-a0b4-7b1bb967f19d" parentExecutionId="9184c227-6e75-418e-b280-7ca28828642a" testListId="8c84fa94-04c1-424b-9868-57a2d4851a1d" />
        <TestEntry testId="da687907-31b4-7282-68fd-54be3225d44b" executionId="c97ceee7-edb4-4dbc-89eb-949275b02fde" parentExecutionId="9184c227-6e75-418e-b280-7ca28828642a" testListId="8c84fa94-04c1-424b-9868-57a2d4851a1d" />
        <TestEntry testId="82a2a729-dfd1-806d-baf7-2bafc15d08d2" executionId="6332c394-be19-45ba-bd05-9d22b93e4506" parentExecutionId="9184c227-6e75-418e-b280-7ca28828642a" testListId="8c84fa94-04c1-424b-9868-57a2d4851a1d" />
        <TestEntry testId="acb6b506-cb09-7909-9552-d80eaa15bef2" executionId="7dd33063-8f9e-41ae-a523-b51cb47f2449" parentExecutionId="9184c227-6e75-418e-b280-7ca28828642a" testListId="8c84fa94-04c1-424b-9868-57a2d4851a1d" />
        <TestEntry testId="aaaa7ebf-c2cc-a95d-2084-545c1056e6ad" executionId="ac5125b6-55b5-481c-b0a3-73b50470296c" parentExecutionId="9184c227-6e75-418e-b280-7ca28828642a" testListId="8c84fa94-04c1-424b-9868-57a2d4851a1d" />
        <TestEntry testId="98b8dc63-8b91-581f-1abc-979b22e03024" executionId="233ece03-a789-444d-b760-e50a3faf632a" parentExecutionId="9184c227-6e75-418e-b280-7ca28828642a" testListId="8c84fa94-04c1-424b-9868-57a2d4851a1d" />
        <TestEntry testId="6655f3f2-6ecd-881a-992e-4095f7a8da73" executionId="e3f9d9aa-f964-4bb4-9424-362cc60ba942" parentExecutionId="9184c227-6e75-418e-b280-7ca28828642a" testListId="8c84fa94-04c1-424b-9868-57a2d4851a1d" />
        <TestEntry testId="48925ac1-c46a-08d7-9f9c-99c6b480d667" executionId="56d8a73a-8df8-4901-81cb-3deed0f6ad3f" parentExecutionId="9184c227-6e75-418e-b280-7ca28828642a" testListId="8c84fa94-04c1-424b-9868-57a2d4851a1d" />
        <TestEntry testId="aaa5c40f-72a6-2358-440a-9f16894f172b" executionId="980dbdfb-e384-40f3-a1bb-94d9ccacbe2b" parentExecutionId="9184c227-6e75-418e-b280-7ca28828642a" testListId="8c84fa94-04c1-424b-9868-57a2d4851a1d" />
        <TestEntry testId="187f7ddc-5d4e-d2a6-8ba4-6fa2fc2fc89b" executionId="4b7a16e0-ad1c-4680-a2bf-3640218904dc" parentExecutionId="9184c227-6e75-418e-b280-7ca28828642a" testListId="8c84fa94-04c1-424b-9868-57a2d4851a1d" />
        <TestEntry testId="b1f34c68-ea8c-545d-351f-419aeb8c9adf" executionId="cffd1608-c577-46d9-af90-2ae1855a6f06" parentExecutionId="9184c227-6e75-418e-b280-7ca28828642a" testListId="8c84fa94-04c1-424b-9868-57a2d4851a1d" />
        <TestEntry testId="8d3913ba-f58e-cbd0-b95d-8b1ee1ae4c5d" executionId="2a538e00-a5a2-46bd-b482-37b9d244a601" parentExecutionId="9184c227-6e75-418e-b280-7ca28828642a" testListId="8c84fa94-04c1-424b-9868-57a2d4851a1d" />
        <TestEntry testId="b3adeec5-cd82-5121-754d-7a279018361c" executionId="49087e5e-f42e-47fc-ab13-9044ce38a33d" parentExecutionId="9184c227-6e75-418e-b280-7ca28828642a" testListId="8c84fa94-04c1-424b-9868-57a2d4851a1d" />
        <TestEntry testId="0c06edc6-1278-6d5b-2eb6-bc4ff74abcdc" executionId="26252cc1-0f64-446a-a76b-f6980d32ccc7" parentExecutionId="9184c227-6e75-418e-b280-7ca28828642a" testListId="8c84fa94-04c1-424b-9868-57a2d4851a1d" />
        <TestEntry testId="825ce4d4-ac01-03d6-e029-3fcd6fc3e4da" executionId="4d07fa37-b5ed-4c5d-8cf9-d513dbc0b2df" parentExecutionId="9184c227-6e75-418e-b280-7ca28828642a" testListId="8c84fa94-04c1-424b-9868-57a2d4851a1d" />
        <TestEntry testId="0c06edc6-1278-6d5b-2eb6-bc4ff74abcdc" executionId="f58f66e5-07a9-412f-84c6-f64a20af416a" parentExecutionId="9184c227-6e75-418e-b280-7ca28828642a" testListId="8c84fa94-04c1-424b-9868-57a2d4851a1d" />
        <TestEntry testId="67f1bfae-78d0-af22-4548-7e4bae53adff" executionId="3f07d85b-992d-406c-aff5-28ce3d4999e9" parentExecutionId="9184c227-6e75-418e-b280-7ca28828642a" testListId="8c84fa94-04c1-424b-9868-57a2d4851a1d" />
      </TestEntries>
    </TestEntry>
  </TestEntries>
  <Results>
    <TestResultAggregation executionId="9184c227-6e75-418e-b280-7ca28828642a" testId="674397a9-5ddb-44e4-9ab9-46a85687b85c" testName="FullSuite" computerName="GSR-D076" duration="01:32:58.1594029" startTime="2016-03-17T12:49:37.4698646+05:30" endTime="2016-03-17T14:22:37.6432066+05:30" testType="ec4800e8-40e5-4ab3-8510-b8bf29b1904d" outcome="Passed" testListId="8c84fa94-04c1-424b-9868-57a2d4851a1d" relativeResultsDirectory="9184c227-6e75-418e-b280-7ca28828642a">
      <Counters error="0" failed="0" timeout="0" aborted="0" inconclusive="0" passedButRunAborted="0" notRunnable="0" notExecuted="0" disconnected="0" warning="0" passed="63" completed="0" inProgress="0" pending="0" />
      <InnerResults>
        <UnitTestResult executionId="2600a17d-016d-481d-95e9-5d1934cce2a6" parentExecutionId="9184c227-6e75-418e-b280-7ca28828642a" testId="70880c55-0789-9f0f-beac-8fb1e771c12f" testName="SignupnewAccount" computerName="GSR-D076" duration="00:01:43.1063910" startTime="2016-03-17T12:49:37.4818682+05:30" endTime="2016-03-17T12:51:20.9028852+05:30" testType="13cdc9d9-ddb5-4fa4-a97d-d965ccfc6d4b" outcome="Passed" testListId="8c84fa94-04c1-424b-9868-57a2d4851a1d" relativeResultsDirectory="2600a17d-016d-481d-95e9-5d1934cce2a6">
          <Output>
            <StdOut>Executing Appium Script
Trying to click the button :com.theranos.me:id/login_signup_btn
Click button : com.theranos.me:id/login_signup_btn successful
Trying to set text on field :Email with value = gsrtest243b@yopmail.com
Set text on field : Email successful
Trying to set text on field :Username with value = gsrtest243b
Set text on field : Username successful
Trying to set text on field :Password with value = Theranos1
Set text on field : Password successful
Trying to click the button :com.theranos.me:id/age_checkbox
Click button : com.theranos.me:id/age_checkbox successful
Trying to click the button :com.theranos.me:id/submit_btn
Click button : com.theranos.me:id/submit_btn successful
waiting for element
system executed the script successful 
Trying to set text on field :com.theranos.me:id/security_question_answer with value = qa
Set text on field : com.theranos.me:id/security_question_answer successful
Trying to set text on field :com.theranos.me:id/security_question_2_answer with value = qaone
Set text on field : com.theranos.me:id/security_question_2_answer successful
Trying to set text on field :com.theranos.me:id/security_question_3_answer with value = qatwo
Set text on field : com.theranos.me:id/security_question_3_answer successful
Trying to click the button :com.theranos.me:id/submit_btn
Click button : com.theranos.me:id/submit_btn successful
waiting for element
system executed the script successful 
Trying to get text on field :com.theranos.me:id/login_forgot_btn with value = :
get text on field value is : Need help logging in?
Trying to click the button :com.theranos.me:id/login_signup_btn
Click button : com.theranos.me:id/login_signup_btn successful
Trying to set text on field :Email with value = Autoone@yopmail.com
Set text on field : Email successful
Trying to set text on field :Username with value = gsrtest243b
Set text on field : Username successful
Trying to click the button :com.theranos.me:id/age_checkbox
Click button : com.theranos.me:id/age_checkbox successful
waiting for element
system executed the script successful 
Trying to get text on field :This username already exists, please try again. with value = :
get text on field value is : This username already exists, please try again.
Trying to click the button :OK
Click button : OK successful
Trying to click the button :android.widget.ImageButton
Click button : android.widget.ImageButton successful
waiting for element
system executed the script successful 
Trying to get text on field :com.theranos.me:id/login_forgot_btn with value = :
get text on field value is : Need help logging in?</StdOut>
          </Output>
        </UnitTestResult>
        <UnitTestResult executionId="6f65d346-1b21-4e5d-9b5d-62127d9173c6" parentExecutionId="9184c227-6e75-418e-b280-7ca28828642a" testId="889f91a9-ea03-8011-03e8-98e0c21f6c89" testName="SignUpInvalidEmail" computerName="GSR-D076" duration="00:00:37.1443497" startTime="2016-03-17T12:51:20.9048858+05:30" endTime="2016-03-17T12:51:58.0620296+05:30" testType="13cdc9d9-ddb5-4fa4-a97d-d965ccfc6d4b" outcome="Passed" testListId="8c84fa94-04c1-424b-9868-57a2d4851a1d" relativeResultsDirectory="6f65d346-1b21-4e5d-9b5d-62127d9173c6">
          <Output>
            <StdOut>Executing Appium Script
Trying to get text on field :com.theranos.me:id/login_forgot_btn with value = :
get text on field value is : Need help logging in?
Trying to click the button :com.theranos.me:id/login_signup_btn
Click button : com.theranos.me:id/login_signup_btn successful
Trying to set text on field :Email with value =  testmail
Set text on field : Email successful
Trying to click the button :com.theranos.me:id/age_checkbox
Click button : com.theranos.me:id/age_checkbox successful
Trying to set text on field :Username with value = Autofourab
Set text on field : Username successful
Trying to click the button :com.theranos.me:id/age_checkbox
Click button : com.theranos.me:id/age_checkbox successful
Trying to click the button :android.widget.ImageButton
Click button : android.widget.ImageButton successful</StdOut>
          </Output>
        </UnitTestResult>
        <UnitTestResult executionId="b7766fbe-45d5-42a8-85e9-a56668c9c139" parentExecutionId="9184c227-6e75-418e-b280-7ca28828642a" testId="158fcc65-7fa0-4eec-8ae9-e02a29d72de2" testName="SignUpInvalidUserName" computerName="GSR-D076" duration="00:00:44.1343448" startTime="2016-03-17T12:51:58.0630299+05:30" endTime="2016-03-17T12:52:42.2172722+05:30" testType="13cdc9d9-ddb5-4fa4-a97d-d965ccfc6d4b" outcome="Passed" testListId="8c84fa94-04c1-424b-9868-57a2d4851a1d" relativeResultsDirectory="b7766fbe-45d5-42a8-85e9-a56668c9c139">
          <Output>
            <StdOut>Executing Appium Script
Trying to get text on field :com.theranos.me:id/login_forgot_btn with value = :
get text on field value is : Need help logging in?
Trying to click the button :com.theranos.me:id/login_signup_btn
Click button : com.theranos.me:id/login_signup_btn successful
Trying to set text on field :Email with value = Autoone@yopmail.com
Set text on field : Email successful
Trying to click the button :com.theranos.me:id/age_checkbox
Click button : com.theranos.me:id/age_checkbox successful
Trying to set text on field :Username with value = Auto@#
Set text on field : Username successful
Trying to set text on field :Password with value = Theranos1
Set text on field : Password successful
Trying to click the button :com.theranos.me:id/age_checkbox
Click button : com.theranos.me:id/age_checkbox successful
Trying to click the button :android.widget.ImageButton
Click button : android.widget.ImageButton successful</StdOut>
          </Output>
        </UnitTestResult>
        <UnitTestResult executionId="7c897515-ffb5-46cd-aa6d-29ce1c70521b" parentExecutionId="9184c227-6e75-418e-b280-7ca28828642a" testId="58ae38a2-2812-5a47-dc5e-927d47aa4939" testName="SignUpAgeValidation" computerName="GSR-D076" duration="00:00:37.6194294" startTime="2016-03-17T12:52:42.2212734+05:30" endTime="2016-03-17T12:53:19.8575609+05:30" testType="13cdc9d9-ddb5-4fa4-a97d-d965ccfc6d4b" outcome="Passed" testListId="8c84fa94-04c1-424b-9868-57a2d4851a1d" relativeResultsDirectory="7c897515-ffb5-46cd-aa6d-29ce1c70521b">
          <Output>
            <StdOut>Executing Appium Script
Trying to get text on field :com.theranos.me:id/login_forgot_btn with value = :
get text on field value is : Need help logging in?
Trying to click the button :com.theranos.me:id/login_signup_btn
Click button : com.theranos.me:id/login_signup_btn successful
Trying to set text on field :Email with value = Autoone@yopmail.com
Set text on field : Email successful
Trying to set text on field :Username with value = Autofourabb
Set text on field : Username successful
Trying to set text on field :Password with value = Theranos1
Set text on field : Password successful
Trying to click the button :android.widget.ImageButton
Click button : android.widget.ImageButton successful</StdOut>
          </Output>
        </UnitTestResult>
        <UnitTestResult executionId="217b2e62-bb4e-4491-b6e1-d36a21645506" parentExecutionId="9184c227-6e75-418e-b280-7ca28828642a" testId="4f73a148-a955-8e75-fc71-c876124e4ebd" testName="SignUpInValidPasswordSevenChar" computerName="GSR-D076" duration="00:00:42.5448058" startTime="2016-03-17T12:53:19.8585612+05:30" endTime="2016-03-17T12:54:02.4213262+05:30" testType="13cdc9d9-ddb5-4fa4-a97d-d965ccfc6d4b" outcome="Passed" testListId="8c84fa94-04c1-424b-9868-57a2d4851a1d" relativeResultsDirectory="217b2e62-bb4e-4491-b6e1-d36a21645506">
          <Output>
            <StdOut>Executing Appium Script
Trying to get text on field :com.theranos.me:id/login_forgot_btn with value = :
get text on field value is : Need help logging in?
Trying to click the button :com.theranos.me:id/login_signup_btn
Click button : com.theranos.me:id/login_signup_btn successful
Trying to set text on field :Email with value = Autoone@yopmail.com
Set text on field : Email successful
Trying to set text on field :Username with value = Autofourabb
Set text on field : Username successful
Trying to set text on field :Password with value = Therano
Set text on field : Password successful
Trying to click the button :com.theranos.me:id/age_checkbox
Click button : com.theranos.me:id/age_checkbox successful
Trying to click the button :android.widget.ImageButton
Click button : android.widget.ImageButton successful</StdOut>
          </Output>
        </UnitTestResult>
        <UnitTestResult executionId="6af9e080-f315-4de4-bf84-b94704699117" parentExecutionId="9184c227-6e75-418e-b280-7ca28828642a" testId="4f75e710-ecba-fcf1-0433-199dc8a286a1" testName="SignUpInValidPasswordNoUpper" computerName="GSR-D076" duration="00:00:47.6548494" startTime="2016-03-17T12:54:02.4213262+05:30" endTime="2016-03-17T12:54:50.0916230+05:30" testType="13cdc9d9-ddb5-4fa4-a97d-d965ccfc6d4b" outcome="Passed" testListId="8c84fa94-04c1-424b-9868-57a2d4851a1d" relativeResultsDirectory="6af9e080-f315-4de4-bf84-b94704699117">
          <Output>
            <StdOut>Executing Appium Script
Trying to get text on field :com.theranos.me:id/login_forgot_btn with value = :
get text on field value is : Need help logging in?
Trying to click the button :com.theranos.me:id/login_signup_btn
Click button : com.theranos.me:id/login_signup_btn successful
Trying to set text on field :Email with value = Autoone@yopmail.com
Set text on field : Email successful
Trying to set text on field :Username with value = Autofourabb
Set text on field : Username successful
Trying to set text on field :Password with value = theranos1!
Set text on field : Password successful
Trying to click the button :com.theranos.me:id/age_checkbox
Click button : com.theranos.me:id/age_checkbox successful
Trying to click the button :android.widget.ImageButton
Click button : android.widget.ImageButton successful</StdOut>
          </Output>
        </UnitTestResult>
        <UnitTestResult executionId="cef2d946-112e-44ba-ad65-05ccc89f5f22" parentExecutionId="9184c227-6e75-418e-b280-7ca28828642a" testId="7fd4ecc5-2233-b7c3-f51f-f56f6f461ecd" testName="SignUpInValidPasswordNoLower" computerName="GSR-D076" duration="00:00:42.3992281" startTime="2016-03-17T12:54:50.0916230+05:30" endTime="2016-03-17T12:55:32.5064332+05:30" testType="13cdc9d9-ddb5-4fa4-a97d-d965ccfc6d4b" outcome="Passed" testListId="8c84fa94-04c1-424b-9868-57a2d4851a1d" relativeResultsDirectory="cef2d946-112e-44ba-ad65-05ccc89f5f22">
          <Output>
            <StdOut>Executing Appium Script
Trying to get text on field :com.theranos.me:id/login_forgot_btn with value = :
get text on field value is : Need help logging in?
Trying to click the button :com.theranos.me:id/login_signup_btn
Click button : com.theranos.me:id/login_signup_btn successful
Trying to set text on field :Email with value = Autoone@yopmail.com
Set text on field : Email successful
Trying to set text on field :Username with value = Autofourabb
Set text on field : Username successful
Trying to set text on field :Password with value = THERANOS1@
Set text on field : Password successful
Trying to click the button :com.theranos.me:id/age_checkbox
Click button : com.theranos.me:id/age_checkbox successful
Trying to click the button :android.widget.ImageButton
Click button : android.widget.ImageButton successful</StdOut>
          </Output>
        </UnitTestResult>
        <UnitTestResult executionId="fddb975e-ad2a-448e-b86b-212d06da6bc3" parentExecutionId="9184c227-6e75-418e-b280-7ca28828642a" testId="61455770-3368-2c6a-17e1-688edc00b2d0" testName="SignUpInValidPasswordNoNumeric" computerName="GSR-D076" duration="00:00:42.5212685" startTime="2016-03-17T12:55:32.5064332+05:30" endTime="2016-03-17T12:56:15.0389380+05:30" testType="13cdc9d9-ddb5-4fa4-a97d-d965ccfc6d4b" outcome="Passed" testListId="8c84fa94-04c1-424b-9868-57a2d4851a1d" relativeResultsDirectory="fddb975e-ad2a-448e-b86b-212d06da6bc3">
          <Output>
            <StdOut>Executing Appium Script
Trying to get text on field :com.theranos.me:id/login_forgot_btn with value = :
get text on field value is : Need help logging in?
Trying to click the button :com.theranos.me:id/login_signup_btn
Click button : com.theranos.me:id/login_signup_btn successful
Trying to set text on field :Email with value = Autoone@yopmail.com
Set text on field : Email successful
Trying to set text on field :Username with value = Autofourabb
Set text on field : Username successful
Trying to set text on field :Password with value = Theanos!!
Set text on field : Password successful
Trying to click the button :com.theranos.me:id/age_checkbox
Click button : com.theranos.me:id/age_checkbox successful
Trying to click the button :android.widget.ImageButton
Click button : android.widget.ImageButton successful</StdOut>
          </Output>
        </UnitTestResult>
        <UnitTestResult executionId="80d6cb41-322b-48ca-b31d-a452957a9c5d" parentExecutionId="9184c227-6e75-418e-b280-7ca28828642a" testId="1e7f0bca-8dd4-ee82-b049-953c400bbd15" testName="SignUpSigleSecurityAns" computerName="GSR-D076" duration="00:01:01.2822720" startTime="2016-03-17T12:56:15.0389380+05:30" endTime="2016-03-17T12:57:16.3401958+05:30" testType="13cdc9d9-ddb5-4fa4-a97d-d965ccfc6d4b" outcome="Passed" testListId="8c84fa94-04c1-424b-9868-57a2d4851a1d" relativeResultsDirectory="80d6cb41-322b-48ca-b31d-a452957a9c5d">
          <Output>
            <StdOut>Executing Appium Script
Trying to get text on field :com.theranos.me:id/login_forgot_btn with value = :
get text on field value is : Need help logging in?
Trying to click the button :com.theranos.me:id/login_signup_btn
Click button : com.theranos.me:id/login_signup_btn successful
Trying to set text on field :Email with value = Autoone@yopmail.com
Set text on field : Email successful
Trying to set text on field :Username with value = Autofourabb
Set text on field : Username successful
Trying to set text on field :Password with value = Theranos1
Set text on field : Password successful
Trying to click the button :com.theranos.me:id/age_checkbox
Click button : com.theranos.me:id/age_checkbox successful
Trying to click the button :com.theranos.me:id/submit_btn
Click button : com.theranos.me:id/submit_btn successful
waiting for element
system executed the script successful 
Trying to set text on field :com.theranos.me:id/security_question_answer with value = qa
Set text on field : com.theranos.me:id/security_question_answer successful
Trying to click the button :android.widget.ImageButton
Click button : android.widget.ImageButton successful
waiting for element
system executed the script successful 
Trying to click the button :android.widget.ImageButton
Click button : android.widget.ImageButton successful</StdOut>
          </Output>
        </UnitTestResult>
        <UnitTestResult executionId="6278dccf-4e61-4f5b-92dc-2febfe54943b" parentExecutionId="9184c227-6e75-418e-b280-7ca28828642a" testId="b294483f-c217-e473-2d53-4e0fae69125a" testName="SignUpTwoSecurityAns" computerName="GSR-D076" duration="00:00:58.1310650" startTime="2016-03-17T12:57:16.3401958+05:30" endTime="2016-03-17T12:58:14.4878230+05:30" testType="13cdc9d9-ddb5-4fa4-a97d-d965ccfc6d4b" outcome="Passed" testListId="8c84fa94-04c1-424b-9868-57a2d4851a1d" relativeResultsDirectory="6278dccf-4e61-4f5b-92dc-2febfe54943b">
          <Output>
            <StdOut>Executing Appium Script
Trying to get text on field :com.theranos.me:id/login_forgot_btn with value = :
get text on field value is : Need help logging in?
Trying to click the button :com.theranos.me:id/login_signup_btn
Click button : com.theranos.me:id/login_signup_btn successful
Trying to set text on field :Email with value = Autoone@yopmail.com
Set text on field : Email successful
Trying to set text on field :Username with value = Autofourabb
Set text on field : Username successful
Trying to set text on field :Password with value = Theranos1
Set text on field : Password successful
Trying to click the button :com.theranos.me:id/age_checkbox
Click button : com.theranos.me:id/age_checkbox successful
Trying to click the button :com.theranos.me:id/submit_btn
Click button : com.theranos.me:id/submit_btn successful
waiting for element
system executed the script successful 
Trying to set text on field :com.theranos.me:id/security_question_answer with value = qa
Set text on field : com.theranos.me:id/security_question_answer successful
Trying to set text on field :com.theranos.me:id/security_question_2_answer with value = qaone
Set text on field : com.theranos.me:id/security_question_2_answer successful
Trying to click the button :android.widget.ImageButton
Click button : android.widget.ImageButton successful
Trying to click the button :android.widget.ImageButton
Click button : android.widget.ImageButton successful</StdOut>
          </Output>
        </UnitTestResult>
        <UnitTestResult executionId="9e68a0d2-c47a-45fb-a13f-0eeccc5b4b6b" parentExecutionId="9184c227-6e75-418e-b280-7ca28828642a" testId="e792d3b7-ea23-574e-4a45-55ad581e0fde" testName="LSLoginValid" computerName="GSR-D076" duration="00:01:11.4482312" startTime="2016-03-17T12:58:14.4878230+05:30" endTime="2016-03-17T12:59:25.9531132+05:30" testType="13cdc9d9-ddb5-4fa4-a97d-d965ccfc6d4b" outcome="Passed" testListId="8c84fa94-04c1-424b-9868-57a2d4851a1d" relativeResultsDirectory="9e68a0d2-c47a-45fb-a13f-0eeccc5b4b6b">
          <Output>
            <StdOut>Executing Appium Script
waiting for element
system executed the script successful 
Trying to set text on field :com.theranos.me:id/login_username_edit with value = gsrautoh
Set text on field : com.theranos.me:id/login_username_edit successful
Trying to set text on field :com.theranos.me:id/login_password_edit with value = Theranos1
Set text on field : com.theranos.me:id/login_password_edit successful
Trying to click the button :com.theranos.me:id/bottom_button_text
Click button : com.theranos.me:id/bottom_button_text successful
waiting for element
system executed the script successful 
Trying to get text on field :Browse Tests with value = :
get text on field value is : Browse Tests
waiting for element
system executed the script successful 
Trying to get text on field :Browse Tests with value = :
get text on field value is : Browse Tests
Trying to click the button :android.widget.ImageButton
Click button : android.widget.ImageButton successful
waiting for element
system executed the script successful 
Trying to click the button :com.theranos.me:id/menu_item_text
Click button : com.theranos.me:id/menu_item_text successful
waiting for element
system executed the script successful 
Trying to click the button :Log Out
Click button : Log Out successful
waiting for element
system executed the script successful 
Trying to get text on field :Need help logging in? with value = :
get text on field value is : Need help logging in?</StdOut>
          </Output>
        </UnitTestResult>
        <UnitTestResult executionId="864273ef-ff96-486c-b98b-120d1fa2d6da" parentExecutionId="9184c227-6e75-418e-b280-7ca28828642a" testId="543ccd34-0e45-5154-976b-b9e93abeb5ea" testName="InvaildUser" computerName="GSR-D076" duration="00:00:29.4147966" startTime="2016-03-17T12:59:25.9531132+05:30" endTime="2016-03-17T12:59:55.3889992+05:30" testType="13cdc9d9-ddb5-4fa4-a97d-d965ccfc6d4b" outcome="Passed" testListId="8c84fa94-04c1-424b-9868-57a2d4851a1d" relativeResultsDirectory="864273ef-ff96-486c-b98b-120d1fa2d6da">
          <Output>
            <StdOut>Executing Appium Script
waiting for element
system executed the script successful 
Trying to get text on field :com.theranos.me:id/login_forgot_btn with value = :
get text on field value is : Need help logging in?
Trying to set text on field :com.theranos.me:id/login_username_edit with value = Auto@#
Set text on field : com.theranos.me:id/login_username_edit successful
Trying to set text on field :com.theranos.me:id/login_password_edit with value = Theranos1
Set text on field : com.theranos.me:id/login_password_edit successful
Trying to click the button :com.theranos.me:id/bottom_button_text
Click button : com.theranos.me:id/bottom_button_text successful
waiting for element
system executed the script successful 
Trying to get text on field :com.theranos.me:id/tvCrouton with value = :
get text on field value is : Invalid username or password.
Trying to click the button :com.theranos.me:id/tvCrouton
Click button : com.theranos.me:id/tvCrouton successful</StdOut>
          </Output>
        </UnitTestResult>
        <UnitTestResult executionId="8d06e4ac-c4e4-44d1-947b-6aba9666f441" parentExecutionId="9184c227-6e75-418e-b280-7ca28828642a" testId="e2a3957f-5181-d032-924a-62c968d680ff" testName="InvaildPass" computerName="GSR-D076" duration="00:00:28.9051062" startTime="2016-03-17T12:59:55.3889992+05:30" endTime="2016-03-17T13:00:24.3127828+05:30" testType="13cdc9d9-ddb5-4fa4-a97d-d965ccfc6d4b" outcome="Passed" testListId="8c84fa94-04c1-424b-9868-57a2d4851a1d" relativeResultsDirectory="8d06e4ac-c4e4-44d1-947b-6aba9666f441">
          <Output>
            <StdOut>Executing Appium Script
waiting for element
system executed the script successful 
Trying to get text on field :com.theranos.me:id/login_forgot_btn with value = :
get text on field value is : Need help logging in?
Trying to set text on field :com.theranos.me:id/login_username_edit with value = Autofourabb
Set text on field : com.theranos.me:id/login_username_edit successful
Trying to set text on field :com.theranos.me:id/login_password_edit with value = tesrger
Set text on field : com.theranos.me:id/login_password_edit successful
Trying to click the button :com.theranos.me:id/bottom_button_text
Click button : com.theranos.me:id/bottom_button_text successful
waiting for element
system executed the script successful 
Trying to get text on field :com.theranos.me:id/tvCrouton with value = :
get text on field value is : Invalid username or password.
Trying to click the button :com.theranos.me:id/tvCrouton
Click button : com.theranos.me:id/tvCrouton successful</StdOut>
          </Output>
        </UnitTestResult>
        <UnitTestResult executionId="6ea7f7bf-45e5-419a-8c8f-b5ce60df5ba6" parentExecutionId="9184c227-6e75-418e-b280-7ca28828642a" testId="7c375b8f-36d7-0539-791c-7506b4e7fc12" testName="InvaildCredetial" computerName="GSR-D076" duration="00:00:29.9283081" startTime="2016-03-17T13:00:24.3127828+05:30" endTime="2016-03-17T13:00:54.2507692+05:30" testType="13cdc9d9-ddb5-4fa4-a97d-d965ccfc6d4b" outcome="Passed" testListId="8c84fa94-04c1-424b-9868-57a2d4851a1d" relativeResultsDirectory="6ea7f7bf-45e5-419a-8c8f-b5ce60df5ba6">
          <Output>
            <StdOut>Executing Appium Script
waiting for element
system executed the script successful 
Trying to get text on field :com.theranos.me:id/login_forgot_btn with value = :
get text on field value is : Need help logging in?
Trying to set text on field :com.theranos.me:id/login_username_edit with value = tefvfedcv
Set text on field : com.theranos.me:id/login_username_edit successful
Trying to set text on field :com.theranos.me:id/login_password_edit with value = revrgtgt
Set text on field : com.theranos.me:id/login_password_edit successful
Trying to click the button :com.theranos.me:id/bottom_button_text
Click button : com.theranos.me:id/bottom_button_text successful
waiting for element
system executed the script successful 
Trying to get text on field :com.theranos.me:id/tvCrouton with value = :
get text on field value is : Invalid username or password.
Trying to click the button :com.theranos.me:id/tvCrouton
Click button : com.theranos.me:id/tvCrouton successful</StdOut>
          </Output>
        </UnitTestResult>
        <UnitTestResult executionId="ca03da09-9504-42ee-9540-edc1e1cf17c9" parentExecutionId="9184c227-6e75-418e-b280-7ca28828642a" testId="8249f2ad-f341-5bb4-ef2a-60b4af4ce21c" testName="Inactiveacc" computerName="GSR-D076" duration="00:00:32.9296973" startTime="2016-03-17T13:00:54.2517694+05:30" endTime="2016-03-17T13:01:27.1913560+05:30" testType="13cdc9d9-ddb5-4fa4-a97d-d965ccfc6d4b" outcome="Passed" testListId="8c84fa94-04c1-424b-9868-57a2d4851a1d" relativeResultsDirectory="ca03da09-9504-42ee-9540-edc1e1cf17c9">
          <Output>
            <StdOut>Executing Appium Script
waiting for element
system executed the script successful 
Trying to get text on field :com.theranos.me:id/login_forgot_btn with value = :
get text on field value is : Need help logging in?
Trying to set text on field :com.theranos.me:id/login_username_edit with value = autofourc
Set text on field : com.theranos.me:id/login_username_edit successful
Trying to set text on field :com.theranos.me:id/login_password_edit with value = Theranos1
Set text on field : com.theranos.me:id/login_password_edit successful
Trying to click the button :com.theranos.me:id/bottom_button_text
Click button : com.theranos.me:id/bottom_button_text successful
waiting for element
system executed the script successful 
Trying to get text on field :com.theranos.me:id/tk_title with value = :
get text on field value is : Verify Your Account
Trying to click the button :OK
Click button : OK successful</StdOut>
          </Output>
        </UnitTestResult>
        <UnitTestResult executionId="66086b23-4b99-4d0b-88f9-ab9917c6a99d" parentExecutionId="9184c227-6e75-418e-b280-7ca28828642a" testId="989b1802-c266-c125-2fc0-760eb8aabd85" testName="SequentialLogin" computerName="GSR-D076" duration="00:03:07.2951153" startTime="2016-03-17T13:01:27.1933564+05:30" endTime="2016-03-17T13:04:34.5238150+05:30" testType="13cdc9d9-ddb5-4fa4-a97d-d965ccfc6d4b" outcome="Passed" testListId="8c84fa94-04c1-424b-9868-57a2d4851a1d" relativeResultsDirectory="66086b23-4b99-4d0b-88f9-ab9917c6a99d">
          <Output>
            <StdOut>Executing Appium Script
waiting for element
system executed the script successful 
Trying to set text on field :com.theranos.me:id/login_username_edit with value = gsrautoh
Set text on field : com.theranos.me:id/login_username_edit successful
Trying to set text on field :com.theranos.me:id/login_password_edit with value = Theranos1
Set text on field : com.theranos.me:id/login_password_edit successful
Trying to click the button :com.theranos.me:id/bottom_button_text
Click button : com.theranos.me:id/bottom_button_text successful
waiting for element
system executed the script successful 
Trying to get text on field :Browse Tests with value = :
get text on field value is : Browse Tests
waiting for element
system executed the script successful 
Trying to get text on field :Browse Tests with value = :
get text on field value is : Browse Tests
Trying to click the button :android.widget.ImageButton
Click button : android.widget.ImageButton successful
waiting for element
system executed the script successful 
Trying to click the button :com.theranos.me:id/menu_item_text
Click button : com.theranos.me:id/menu_item_text successful
waiting for element
system executed the script successful 
Trying to click the button :Log Out
Click button : Log Out successful
waiting for element
system executed the script successful 
Trying to get text on field :Need help logging in? with value = :
get text on field value is : Need help logging in?
waiting for element
system executed the script successful 
Trying to set text on field :com.theranos.me:id/login_username_edit with value = gsrautoy
Set text on field : com.theranos.me:id/login_username_edit successful
Trying to set text on field :com.theranos.me:id/login_password_edit with value = Theranos1
Set text on field : com.theranos.me:id/login_password_edit successful
Trying to click the button :com.theranos.me:id/bottom_button_text
Click button : com.theranos.me:id/bottom_button_text successful
waiting for element
system executed the script successful 
Trying to get text on field :Browse Tests with value = :
get text on field value is : Browse Tests
waiting for element
system executed the script successful 
Trying to get text on field :Browse Tests with value = :
get text on field value is : Browse Tests
Trying to click the button :android.widget.ImageButton
Click button : android.widget.ImageButton successful
waiting for element
system executed the script successful 
Trying to click the button :com.theranos.me:id/menu_item_text
Click button : com.theranos.me:id/menu_item_text successful
waiting for element
system executed the script successful 
Trying to click the button :Log Out
Click button : Log Out successful
waiting for element
system executed the script successful 
Trying to get text on field :Need help logging in? with value = :
get text on field value is : Need help logging in?
waiting for element
system executed the script successful 
Trying to set text on field :com.theranos.me:id/login_username_edit with value = gsrautoy
Set text on field : com.theranos.me:id/login_username_edit successful
Trying to set text on field :com.theranos.me:id/login_password_edit with value = Theranos1
Set text on field : com.theranos.me:id/login_password_edit successful
Trying to click the button :com.theranos.me:id/bottom_button_text
Click button : com.theranos.me:id/bottom_button_text successful
waiting for element
system executed the script successful 
Trying to get text on field :Browse Tests with value = :
get text on field value is : Browse Tests
Trying to click the button :android.widget.ImageButton
Click button : android.widget.ImageButton successful
Trying to click the button :com.theranos.me:id/menu_item_text
Click button : com.theranos.me:id/menu_item_text successful
waiting for element
system executed the script successful 
Trying to get text on field :Account with value = :
get text on field value is : Account
waiting for element
system executed the script successful 
Trying to click the button :Account
Click button : Account successful
waiting for element
system executed the script successful 
Trying to click the button :android.widget.ImageButton
Click button : android.widget.ImageButton successful
waiting for element
system executed the script successful 
Trying to click the button :android.widget.ImageButton
Click button : android.widget.ImageButton successful
Trying to click the button :Dashboard
Click button : Dashboard successful
waiting for element
system executed the script successful 
waiting for element
system executed the script successful 
Trying to get text on field :Browse Tests with value = :
get text on field value is : Browse Tests
Trying to click the button :android.widget.ImageButton
Click button : android.widget.ImageButton successful
waiting for element
system executed the script successful 
Trying to click the button :com.theranos.me:id/menu_item_text
Click button : com.theranos.me:id/menu_item_text successful
waiting for element
system executed the script successful 
Trying to click the button :Log Out
Click button : Log Out successful
waiting for element
system executed the script successful 
Trying to get text on field :Need help logging in? with value = :
get text on field value is : Need help logging in?</StdOut>
          </Output>
        </UnitTestResult>
        <UnitTestResult executionId="a78c1a47-1c56-4253-ad81-2c3153f3ff15" parentExecutionId="9184c227-6e75-418e-b280-7ca28828642a" testId="4746ff04-4012-0365-e7aa-6d77b8e103ea" testName="Need_ActivateLink" computerName="GSR-D076" duration="00:00:38.7928324" startTime="2016-03-17T13:04:34.5248152+05:30" endTime="2016-03-17T13:05:13.4225932+05:30" testType="13cdc9d9-ddb5-4fa4-a97d-d965ccfc6d4b" outcome="Passed" testListId="8c84fa94-04c1-424b-9868-57a2d4851a1d" relativeResultsDirectory="a78c1a47-1c56-4253-ad81-2c3153f3ff15">
          <Output>
            <StdOut>Executing Appium Script
waiting for element
system executed the script successful 
Trying to click the button :Need help logging in?
Click button : Need help logging in? successful
waiting for element
system executed the script successful 
Trying to click the button :Resend Activation Link
Click button : Resend Activation Link successful
waiting for element
system executed the script successful 
Trying to set text on field :Enter Username with value = whitegsr
Set text on field : Enter Username successful
Trying to click the button :com.theranos.me:id/submit_btn
Click button : com.theranos.me:id/submit_btn successful
waiting for element
system executed the script successful 
Trying to get text on field :com.theranos.me:id/tvCrouton with value = :
get text on field value is : Your activation email has been sent to you at s******o@yopmail.com.
Trying to click the button :android.widget.ImageButton
Click button : android.widget.ImageButton successful
Trying to click the button :android.widget.ImageButton
Click button : android.widget.ImageButton successful</StdOut>
          </Output>
        </UnitTestResult>
        <UnitTestResult executionId="d34642bc-3218-4d2a-b57f-c416185cc4fd" parentExecutionId="9184c227-6e75-418e-b280-7ca28828642a" testId="9e63a5a4-33c0-6c6b-5601-33334771d4c7" testName="Need_PasswordResetValidUser" computerName="GSR-D076" duration="00:00:40.0818874" startTime="2016-03-17T13:05:13.4235934+05:30" endTime="2016-03-17T13:05:53.5166104+05:30" testType="13cdc9d9-ddb5-4fa4-a97d-d965ccfc6d4b" outcome="Passed" testListId="8c84fa94-04c1-424b-9868-57a2d4851a1d" relativeResultsDirectory="d34642bc-3218-4d2a-b57f-c416185cc4fd">
          <Output>
            <StdOut>Executing Appium Script
waiting for element
system executed the script successful 
Trying to click the button :Need help logging in?
Click button : Need help logging in? successful
waiting for element
system executed the script successful 
Trying to click the button :Reset Password
Click button : Reset Password successful
waiting for element
system executed the script successful 
Trying to set text on field :Enter Username with value = Jackgsr
Set text on field : Enter Username successful
Trying to click the button :com.theranos.me:id/submit_btn
Click button : com.theranos.me:id/submit_btn successful
waiting for element
system executed the script successful 
Trying to get text on field :com.theranos.me:id/tvCrouton with value = :
get text on field value is : Your password reset email has been sent to you at S******e@yopmail.com.
Trying to click the button :android.widget.ImageButton
Click button : android.widget.ImageButton successful
Trying to click the button :android.widget.ImageButton
Click button : android.widget.ImageButton successful</StdOut>
          </Output>
        </UnitTestResult>
        <UnitTestResult executionId="719a51c4-959e-4053-9d92-88d932f3c7e8" parentExecutionId="9184c227-6e75-418e-b280-7ca28828642a" testId="9d1201a3-7793-5b83-88c8-ec84de8653d7" testName="Need_PasswordResetInValidUser" computerName="GSR-D076" duration="00:00:38.5008218" startTime="2016-03-17T13:05:53.5166104+05:30" endTime="2016-03-17T13:06:32.0303116+05:30" testType="13cdc9d9-ddb5-4fa4-a97d-d965ccfc6d4b" outcome="Passed" testListId="8c84fa94-04c1-424b-9868-57a2d4851a1d" relativeResultsDirectory="719a51c4-959e-4053-9d92-88d932f3c7e8">
          <Output>
            <StdOut>Executing Appium Script
waiting for element
system executed the script successful 
Trying to click the button :Need help logging in?
Click button : Need help logging in? successful
waiting for element
system executed the script successful 
Trying to click the button :Reset Password
Click button : Reset Password successful
waiting for element
system executed the script successful 
Trying to set text on field :Enter Username with value = tejdjnjk
Set text on field : Enter Username successful
Trying to click the button :com.theranos.me:id/submit_btn
Click button : com.theranos.me:id/submit_btn successful
waiting for element
system executed the script successful 
Trying to get text on field :com.theranos.me:id/tvCrouton with value = :
get text on field value is : The information entered does not match any profile in the system. Please try again.
Trying to click the button :android.widget.ImageButton
Click button : android.widget.ImageButton successful
Trying to click the button :android.widget.ImageButton
Click button : android.widget.ImageButton successful</StdOut>
          </Output>
        </UnitTestResult>
        <UnitTestResult executionId="c759eca6-efff-41ec-b580-bf4d1566a499" parentExecutionId="9184c227-6e75-418e-b280-7ca28828642a" testId="9fd85355-1564-a6bc-15ff-38a9bb7b83c8" testName="Need_RetrieveActiveUserName" computerName="GSR-D076" duration="00:00:39.5051735" startTime="2016-03-17T13:06:32.0303116+05:30" endTime="2016-03-17T13:07:11.5442128+05:30" testType="13cdc9d9-ddb5-4fa4-a97d-d965ccfc6d4b" outcome="Passed" testListId="8c84fa94-04c1-424b-9868-57a2d4851a1d" relativeResultsDirectory="c759eca6-efff-41ec-b580-bf4d1566a499">
          <Output>
            <StdOut>Executing Appium Script
waiting for element
system executed the script successful 
Trying to click the button :Need help logging in?
Click button : Need help logging in? successful
waiting for element
system executed the script successful 
Trying to click the button :Retrieve Username
Click button : Retrieve Username successful
waiting for element
system executed the script successful 
Trying to set text on field :Enter email address with value = sautoone@yopmail.com
Set text on field : Enter email address successful
Trying to click the button :com.theranos.me:id/submit_btn
Click button : com.theranos.me:id/submit_btn successful
waiting for element
system executed the script successful 
Trying to get text on field :com.theranos.me:id/tvCrouton with value = :
get text on field value is : Your username has been sent to you at sautoone@yopmail.com.
Trying to click the button :android.widget.ImageButton
Click button : android.widget.ImageButton successful
Trying to click the button :android.widget.ImageButton
Click button : android.widget.ImageButton successful</StdOut>
          </Output>
        </UnitTestResult>
        <UnitTestResult executionId="b365035a-59a1-44de-a0e2-17cdab1358a3" parentExecutionId="9184c227-6e75-418e-b280-7ca28828642a" testId="2de22715-1289-d8bc-bd24-3617be722687" testName="Need_RetrieveNonActiveUserName" computerName="GSR-D076" duration="00:00:40.9127507" startTime="2016-03-17T13:07:11.5452130+05:30" endTime="2016-03-17T13:07:52.4683960+05:30" testType="13cdc9d9-ddb5-4fa4-a97d-d965ccfc6d4b" outcome="Passed" testListId="8c84fa94-04c1-424b-9868-57a2d4851a1d" relativeResultsDirectory="b365035a-59a1-44de-a0e2-17cdab1358a3">
          <Output>
            <StdOut>Executing Appium Script
waiting for element
system executed the script successful 
Trying to click the button :Need help logging in?
Click button : Need help logging in? successful
waiting for element
system executed the script successful 
Trying to click the button :Retrieve Username
Click button : Retrieve Username successful
waiting for element
system executed the script successful 
Trying to set text on field :Enter email address with value = sautotwo@yopmail.com
Set text on field : Enter email address successful
Trying to click the button :com.theranos.me:id/submit_btn
Click button : com.theranos.me:id/submit_btn successful
waiting for element
system executed the script successful 
Trying to get text on field :com.theranos.me:id/tvCrouton with value = :
get text on field value is : Your username has been sent to you at sautotwo@yopmail.com.
Trying to click the button :android.widget.ImageButton
Click button : android.widget.ImageButton successful
Trying to click the button :android.widget.ImageButton
Click button : android.widget.ImageButton successful</StdOut>
          </Output>
        </UnitTestResult>
        <UnitTestResult executionId="2ad5ef67-a097-4d5e-854a-fd8fc6f0bf3f" parentExecutionId="9184c227-6e75-418e-b280-7ca28828642a" testId="c7136218-6793-7cf8-e600-6f485679c49a" testName="ACC_AccountUserName" computerName="GSR-D076" duration="00:01:24.8890667" startTime="2016-03-17T13:07:52.4693962+05:30" endTime="2016-03-17T13:09:17.3913772+05:30" testType="13cdc9d9-ddb5-4fa4-a97d-d965ccfc6d4b" outcome="Passed" testListId="8c84fa94-04c1-424b-9868-57a2d4851a1d" relativeResultsDirectory="2ad5ef67-a097-4d5e-854a-fd8fc6f0bf3f">
          <Output>
            <StdOut>Executing Appium Script
waiting for element
system executed the script successful 
Trying to set text on field :com.theranos.me:id/login_username_edit with value = gsrautoh
Set text on field : com.theranos.me:id/login_username_edit successful
Trying to set text on field :com.theranos.me:id/login_password_edit with value = Theranos1
Set text on field : com.theranos.me:id/login_password_edit successful
Trying to click the button :com.theranos.me:id/bottom_button_text
Click button : com.theranos.me:id/bottom_button_text successful
waiting for element
system executed the script successful 
Trying to get text on field :Browse Tests with value = :
get text on field value is : Browse Tests
Trying to click the button :android.widget.ImageButton
Click button : android.widget.ImageButton successful
Trying to click the button :com.theranos.me:id/menu_item_text
Click button : com.theranos.me:id/menu_item_text successful
waiting for element
system executed the script successful 
Trying to get text on field :Account with value = :
get text on field value is : Account
waiting for element
system executed the script successful 
Trying to click the button :Account
Click button : Account successful
waiting for element
system executed the script successful 
Trying to click the button :android.widget.ImageButton
Click button : android.widget.ImageButton successful
waiting for element
system executed the script successful 
Trying to click the button :android.widget.ImageButton
Click button : android.widget.ImageButton successful
Trying to click the button :Dashboard
Click button : Dashboard successful
waiting for element
system executed the script successful 
waiting for element
system executed the script successful 
Trying to get text on field :Browse Tests with value = :
get text on field value is : Browse Tests
Trying to click the button :android.widget.ImageButton
Click button : android.widget.ImageButton successful
waiting for element
system executed the script successful 
Trying to click the button :com.theranos.me:id/menu_item_text
Click button : com.theranos.me:id/menu_item_text successful
waiting for element
system executed the script successful 
Trying to click the button :Log Out
Click button : Log Out successful
waiting for element
system executed the script successful 
Trying to get text on field :Need help logging in? with value = :
get text on field value is : Need help logging in?</StdOut>
          </Output>
        </UnitTestResult>
        <UnitTestResult executionId="742be4e9-e1ae-4f22-8096-ffdbf983a215" parentExecutionId="9184c227-6e75-418e-b280-7ca28828642a" testId="66990e9c-8465-0fe5-3d63-e7a4c19712cc" testName="ACC_PasswordUpdate" computerName="GSR-D076" duration="00:01:37.2625778" startTime="2016-03-17T13:09:17.4003790+05:30" endTime="2016-03-17T13:10:54.7028356+05:30" testType="13cdc9d9-ddb5-4fa4-a97d-d965ccfc6d4b" outcome="Passed" testListId="8c84fa94-04c1-424b-9868-57a2d4851a1d" relativeResultsDirectory="742be4e9-e1ae-4f22-8096-ffdbf983a215">
          <Output>
            <StdOut>Executing Appium Script
waiting for element
system executed the script successful 
Trying to set text on field :com.theranos.me:id/login_username_edit with value = gsrautoh
Set text on field : com.theranos.me:id/login_username_edit successful
Trying to set text on field :com.theranos.me:id/login_password_edit with value = Theranos1
Set text on field : com.theranos.me:id/login_password_edit successful
Trying to click the button :com.theranos.me:id/bottom_button_text
Click button : com.theranos.me:id/bottom_button_text successful
waiting for element
system executed the script successful 
Trying to get text on field :Browse Tests with value = :
get text on field value is : Browse Tests
Trying to click the button :android.widget.ImageButton
Click button : android.widget.ImageButton successful
Trying to click the button :com.theranos.me:id/menu_item_text
Click button : com.theranos.me:id/menu_item_text successful
waiting for element
system executed the script successful 
Trying to get text on field :Account with value = :
get text on field value is : Account
waiting for element
system executed the script successful 
Trying to click the button :com.theranos.me:id/settings_account
Click button : com.theranos.me:id/settings_account successful
waiting for element
system executed the script successful 
Trying to click the button :Password
Click button : Password successful
waiting for element
system executed the script successful 
Trying to set text on field :Current Password with value = Theranos1
Set text on field : Current Password successful
Trying to set text on field :Create New Password with value = Theranos1
Set text on field : Create New Password successful
Trying to click the button :com.theranos.me:id/submit_btn
Click button : com.theranos.me:id/submit_btn successful
waiting for element
system executed the script successful 
Trying to get text on field :com.theranos.me:id/tvCrouton with value = :
get text on field value is : You have successfully changed your password.
Trying to click the button :com.theranos.me:id/tvCrouton
Click button : com.theranos.me:id/tvCrouton successful
Trying to click the button :android.widget.ImageButton
Click button : android.widget.ImageButton successful
waiting for element
system executed the script successful 
Trying to click the button :android.widget.ImageButton
Click button : android.widget.ImageButton successful
Trying to click the button :Dashboard
Click button : Dashboard successful
waiting for element
system executed the script successful 
waiting for element
system executed the script successful 
Trying to get text on field :Browse Tests with value = :
get text on field value is : Browse Tests
Trying to click the button :android.widget.ImageButton
Click button : android.widget.ImageButton successful
waiting for element
system executed the script successful 
Trying to click the button :com.theranos.me:id/menu_item_text
Click button : com.theranos.me:id/menu_item_text successful
waiting for element
system executed the script successful 
Trying to click the button :Log Out
Click button : Log Out successful
waiting for element
system executed the script successful 
Trying to get text on field :Need help logging in? with value = :
get text on field value is : Need help logging in?</StdOut>
          </Output>
        </UnitTestResult>
        <UnitTestResult executionId="a5d93e5e-27e0-42ee-974f-b1cb5167957b" parentExecutionId="9184c227-6e75-418e-b280-7ca28828642a" testId="e555a28a-4aa9-bc38-3888-c06cf0ecd50c" testName="ACC_AccountInvalidEmail" computerName="GSR-D076" duration="00:01:39.2553435" startTime="2016-03-17T13:10:54.7038358+05:30" endTime="2016-03-17T13:12:33.9846880+05:30" testType="13cdc9d9-ddb5-4fa4-a97d-d965ccfc6d4b" outcome="Passed" testListId="8c84fa94-04c1-424b-9868-57a2d4851a1d" relativeResultsDirectory="a5d93e5e-27e0-42ee-974f-b1cb5167957b">
          <Output>
            <StdOut>Executing Appium Script
waiting for element
system executed the script successful 
Trying to set text on field :com.theranos.me:id/login_username_edit with value = gsrautoh
Set text on field : com.theranos.me:id/login_username_edit successful
Trying to set text on field :com.theranos.me:id/login_password_edit with value = Theranos1
Set text on field : com.theranos.me:id/login_password_edit successful
Trying to click the button :com.theranos.me:id/bottom_button_text
Click button : com.theranos.me:id/bottom_button_text successful
waiting for element
system executed the script successful 
Trying to get text on field :Browse Tests with value = :
get text on field value is : Browse Tests
Trying to click the button :android.widget.ImageButton
Click button : android.widget.ImageButton successful
Trying to click the button :com.theranos.me:id/menu_item_text
Click button : com.theranos.me:id/menu_item_text successful
waiting for element
system executed the script successful 
Trying to get text on field :Account with value = :
get text on field value is : Account
waiting for element
system executed the script successful 
Trying to click the button :com.theranos.me:id/settings_account
Click button : com.theranos.me:id/settings_account successful
waiting for element
system executed the script successful 
Trying to click the button :Email
Click button : Email successful
waiting for element
system executed the script successful 
Trying to set text on field :com.theranos.me:id/cv_inputbase_inputfield with value =  testmail
Set text on field : com.theranos.me:id/cv_inputbase_inputfield successful
Trying to click the button :Save
Click button : Save successful
waiting for element
system executed the script successful 
Trying to get text on field :com.theranos.me:id/cv_inputbase_error_msg with value = :
get text on field value is : Must be valid email address!
Trying to click the button :android.widget.ImageButton
Click button : android.widget.ImageButton successful
waiting for element
system executed the script successful 
Trying to click the button :Discard
Click button : Discard successful
Trying to click the button :android.widget.ImageButton
Click button : android.widget.ImageButton successful
waiting for element
system executed the script successful 
Trying to click the button :android.widget.ImageButton
Click button : android.widget.ImageButton successful
Trying to click the button :Dashboard
Click button : Dashboard successful
waiting for element
system executed the script successful 
waiting for element
system executed the script successful 
Trying to get text on field :Browse Tests with value = :
get text on field value is : Browse Tests
Trying to click the button :android.widget.ImageButton
Click button : android.widget.ImageButton successful
waiting for element
system executed the script successful 
Trying to click the button :com.theranos.me:id/menu_item_text
Click button : com.theranos.me:id/menu_item_text successful
waiting for element
system executed the script successful 
Trying to click the button :Log Out
Click button : Log Out successful
waiting for element
system executed the script successful 
Trying to get text on field :Need help logging in? with value = :
get text on field value is : Need help logging in?</StdOut>
          </Output>
        </UnitTestResult>
        <UnitTestResult executionId="4e529e13-1657-4fa9-97a3-929ce849b1e5" parentExecutionId="9184c227-6e75-418e-b280-7ca28828642a" testId="db5bcda4-3d5b-50b9-1d71-a73a2dd9fcc6" testName="ACC_PasscodeValidation" computerName="GSR-D076" duration="00:02:20.2402846" startTime="2016-03-17T13:12:33.9846880+05:30" endTime="2016-03-17T13:14:54.2547364+05:30" testType="13cdc9d9-ddb5-4fa4-a97d-d965ccfc6d4b" outcome="Passed" testListId="8c84fa94-04c1-424b-9868-57a2d4851a1d" relativeResultsDirectory="4e529e13-1657-4fa9-97a3-929ce849b1e5">
          <Output>
            <StdOut>Executing Appium Script
waiting for element
system executed the script successful 
Trying to set text on field :com.theranos.me:id/login_username_edit with value = gsrautoh
Set text on field : com.theranos.me:id/login_username_edit successful
Trying to set text on field :com.theranos.me:id/login_password_edit with value = Theranos1
Set text on field : com.theranos.me:id/login_password_edit successful
Trying to click the button :com.theranos.me:id/bottom_button_text
Click button : com.theranos.me:id/bottom_button_text successful
waiting for element
system executed the script successful 
Trying to get text on field :Browse Tests with value = :
get text on field value is : Browse Tests
Trying to click the button :android.widget.ImageButton
Click button : android.widget.ImageButton successful
Trying to click the button :com.theranos.me:id/menu_item_text
Click button : com.theranos.me:id/menu_item_text successful
waiting for element
system executed the script successful 
Trying to get text on field :Account with value = :
get text on field value is : Account
waiting for element
system executed the script successful 
Trying to click the button :com.theranos.me:id/settings_account
Click button : com.theranos.me:id/settings_account successful
waiting for element
system executed the script successful 
Trying to click the button :Passcode
Click button : Passcode successful
waiting for element
system executed the script successful 
Trying to click the button :Reset
Click button : Reset successful
waiting for element
system executed the script successful 
Trying to click the button :Reset passcode
Click button : Reset passcode successful
waiting for element
system executed the script successful 
Trying to set text on field :com.theranos.me:id/login_username_edit with value = gsrautoh
Set text on field : com.theranos.me:id/login_username_edit successful
Trying to set text on field :com.theranos.me:id/login_password_edit with value = Theranos1
Set text on field : com.theranos.me:id/login_password_edit successful
Trying to click the button :com.theranos.me:id/bottom_button_text
Click button : com.theranos.me:id/bottom_button_text successful
waiting for element
system executed the script successful 
Trying to get text on field :com.theranos.me:id/lock_title with value = :
get text on field value is : Passcode did not match.
Please try again.</StdOut>
          </Output>
        </UnitTestResult>
        <UnitTestResult executionId="b6f1e05e-c41a-4ee6-b3cd-61c4d3858689" parentExecutionId="9184c227-6e75-418e-b280-7ca28828642a" testId="8130bb48-5ce0-f810-0813-10950657ff71" testName="ACC_PasscodeReset" computerName="GSR-D076" duration="00:01:10.7924877" startTime="2016-03-17T13:14:54.2557366+05:30" endTime="2016-03-17T13:16:05.0648956+05:30" testType="13cdc9d9-ddb5-4fa4-a97d-d965ccfc6d4b" outcome="Passed" testListId="8c84fa94-04c1-424b-9868-57a2d4851a1d" relativeResultsDirectory="b6f1e05e-c41a-4ee6-b3cd-61c4d3858689">
          <Output>
            <StdOut>Executing Appium Script
waiting for element
system executed the script successful 
Trying to set text on field :com.theranos.me:id/login_username_edit with value = gsrautoh
Set text on field : com.theranos.me:id/login_username_edit successful
Trying to set text on field :com.theranos.me:id/login_password_edit with value = Theranos1
Set text on field : com.theranos.me:id/login_password_edit successful
Trying to click the button :com.theranos.me:id/bottom_button_text
Click button : com.theranos.me:id/bottom_button_text successful
waiting for element
system executed the script successful 
Trying to get text on field :Browse Tests with value = :
get text on field value is : Browse Tests
Trying to click the button :android.widget.ImageButton
Click button : android.widget.ImageButton successful
Trying to click the button :com.theranos.me:id/menu_item_text
Click button : com.theranos.me:id/menu_item_text successful
waiting for element
system executed the script successful 
Trying to get text on field :Account with value = :
get text on field value is : Account
Trying to click the button :com.theranos.me:id/settings_account
Click button : com.theranos.me:id/settings_account successful
waiting for element
system executed the script successful 
Trying to click the button :Passcode
Click button : Passcode successful
waiting for element
system executed the script successful 
Trying to click the button :Reset
Click button : Reset successful
waiting for element
system executed the script successful 
Trying to click the button :Reset passcode
Click button : Reset passcode successful
Trying to get text on field :com.theranos.me:id/login_forgot_btn with value = :
get text on field value is : Need help logging in?</StdOut>
          </Output>
        </UnitTestResult>
        <UnitTestResult executionId="62390be6-1a94-4166-8e91-3705d9aa44e6" parentExecutionId="9184c227-6e75-418e-b280-7ca28828642a" testId="2ea676a6-f8a7-548e-5c5a-cf087a590188" testName="ACC_PasswordCondition" computerName="GSR-D076" duration="00:01:32.2816824" startTime="2016-03-17T13:16:05.0668960+05:30" endTime="2016-03-17T13:17:37.3833556+05:30" testType="13cdc9d9-ddb5-4fa4-a97d-d965ccfc6d4b" outcome="Passed" testListId="8c84fa94-04c1-424b-9868-57a2d4851a1d" relativeResultsDirectory="62390be6-1a94-4166-8e91-3705d9aa44e6">
          <Output>
            <StdOut>Executing Appium Script
waiting for element
system executed the script successful 
Trying to set text on field :com.theranos.me:id/login_username_edit with value = gsrautoh
Set text on field : com.theranos.me:id/login_username_edit successful
Trying to set text on field :com.theranos.me:id/login_password_edit with value = Theranos1
Set text on field : com.theranos.me:id/login_password_edit successful
Trying to click the button :com.theranos.me:id/bottom_button_text
Click button : com.theranos.me:id/bottom_button_text successful
waiting for element
system executed the script successful 
Trying to get text on field :Browse Tests with value = :
get text on field value is : Browse Tests
Trying to click the button :android.widget.ImageButton
Click button : android.widget.ImageButton successful
Trying to click the button :com.theranos.me:id/menu_item_text
Click button : com.theranos.me:id/menu_item_text successful
waiting for element
system executed the script successful 
Trying to get text on field :Account with value = :
get text on field value is : Account
waiting for element
system executed the script successful 
Trying to click the button :com.theranos.me:id/settings_account
Click button : com.theranos.me:id/settings_account successful
waiting for element
system executed the script successful 
Trying to click the button :Password
Click button : Password successful
waiting for element
system executed the script successful 
Trying to click the button :Create New Password
Click button : Create New Password successful
waiting for element
system executed the script successful 
Trying to get text on field :com.theranos.me:id/password_req_text_0 with value = :
get text on field value is : Minimum 8 characters
Trying to get text on field :com.theranos.me:id/password_req_text_1 with value = :
get text on field value is : At least one uppercase and one lowercase letter
Trying to get text on field :com.theranos.me:id/password_req_text_2 with value = :
get text on field value is : At least one numeric character
Trying to click the button :android.widget.ImageButton
Click button : android.widget.ImageButton successful
waiting for element
system executed the script successful 
Trying to click the button :android.widget.ImageButton
Click button : android.widget.ImageButton successful
waiting for element
system executed the script successful 
Trying to click the button :android.widget.ImageButton
Click button : android.widget.ImageButton successful
Trying to click the button :Dashboard
Click button : Dashboard successful
waiting for element
system executed the script successful 
waiting for element
system executed the script successful 
Trying to get text on field :Browse Tests with value = :
get text on field value is : Browse Tests
Trying to click the button :android.widget.ImageButton
Click button : android.widget.ImageButton successful
waiting for element
system executed the script successful 
Trying to click the button :com.theranos.me:id/menu_item_text
Click button : com.theranos.me:id/menu_item_text successful
waiting for element
system executed the script successful 
Trying to click the button :Log Out
Click button : Log Out successful
waiting for element
system executed the script successful 
Trying to get text on field :Need help logging in? with value = :
get text on field value is : Need help logging in?</StdOut>
          </Output>
        </UnitTestResult>
        <UnitTestResult executionId="dae222ef-0c0e-472d-8080-499c6e321c61" parentExecutionId="9184c227-6e75-418e-b280-7ca28828642a" testId="d527593a-fe98-dc75-d213-3698f792261f" testName="ACC_InvalidPasswordCondition" computerName="GSR-D076" duration="00:01:48.2649840" startTime="2016-03-17T13:17:37.3833556+05:30" endTime="2016-03-17T13:19:25.7020150+05:30" testType="13cdc9d9-ddb5-4fa4-a97d-d965ccfc6d4b" outcome="Passed" testListId="8c84fa94-04c1-424b-9868-57a2d4851a1d" relativeResultsDirectory="dae222ef-0c0e-472d-8080-499c6e321c61">
          <Output>
            <StdOut>Executing Appium Script
waiting for element
system executed the script successful 
Trying to set text on field :com.theranos.me:id/login_username_edit with value = gsrautoh
Set text on field : com.theranos.me:id/login_username_edit successful
Trying to set text on field :com.theranos.me:id/login_password_edit with value = Theranos1
Set text on field : com.theranos.me:id/login_password_edit successful
Trying to click the button :com.theranos.me:id/bottom_button_text
Click button : com.theranos.me:id/bottom_button_text successful
waiting for element
system executed the script successful 
Trying to get text on field :Browse Tests with value = :
get text on field value is : Browse Tests
Trying to click the button :android.widget.ImageButton
Click button : android.widget.ImageButton successful
Trying to click the button :com.theranos.me:id/menu_item_text
Click button : com.theranos.me:id/menu_item_text successful
waiting for element
system executed the script successful 
Trying to get text on field :Account with value = :
get text on field value is : Account
waiting for element
system executed the script successful 
Trying to click the button :com.theranos.me:id/settings_account
Click button : com.theranos.me:id/settings_account successful
waiting for element
system executed the script successful 
Trying to click the button :Password
Click button : Password successful
waiting for element
system executed the script successful 
Trying to set text on field :Current Password with value = Therhj
Set text on field : Current Password successful
Trying to set text on field :Create New Password with value = 
Set text on field : Create New Password successful
waiting for element
system executed the script successful 
Trying to get text on field :com.theranos.me:id/cv_inputbase_error_msg with value = :
get text on field value is : Current Password incorrect. Please try again.
Trying to click the button :android.widget.ImageButton
Click button : android.widget.ImageButton successful
waiting for element
system executed the script successful 
Trying to click the button :android.widget.ImageButton
Click button : android.widget.ImageButton successful
waiting for element
system executed the script successful 
Trying to click the button :android.widget.ImageButton
Click button : android.widget.ImageButton successful
Trying to click the button :Dashboard
Click button : Dashboard successful
waiting for element
system executed the script successful 
waiting for element
system executed the script successful 
Trying to get text on field :Browse Tests with value = :
get text on field value is : Browse Tests
Trying to click the button :android.widget.ImageButton
Click button : android.widget.ImageButton successful
waiting for element
system executed the script successful 
Trying to click the button :com.theranos.me:id/menu_item_text
Click button : com.theranos.me:id/menu_item_text successful
waiting for element
system executed the script successful 
Trying to click the button :Log Out
Click button : Log Out successful
waiting for element
system executed the script successful 
Trying to get text on field :Need help logging in? with value = :
get text on field value is : Need help logging in?</StdOut>
          </Output>
        </UnitTestResult>
        <UnitTestResult executionId="004e8bfa-d389-4a32-b8f6-f6ce3bbbaa1a" parentExecutionId="9184c227-6e75-418e-b280-7ca28828642a" testId="9300ebd3-f2e3-13d4-5dee-6a9fd6f73915" testName="DashBoardtoFindCenter" computerName="GSR-D076" duration="00:01:10.9988396" startTime="2016-03-17T13:19:25.7020150+05:30" endTime="2016-03-17T13:20:36.7182154+05:30" testType="13cdc9d9-ddb5-4fa4-a97d-d965ccfc6d4b" outcome="Passed" testListId="8c84fa94-04c1-424b-9868-57a2d4851a1d" relativeResultsDirectory="004e8bfa-d389-4a32-b8f6-f6ce3bbbaa1a">
          <Output>
            <StdOut>Executing Appium Script
waiting for element
system executed the script successful 
Trying to set text on field :com.theranos.me:id/login_username_edit with value = gsrautoh
Set text on field : com.theranos.me:id/login_username_edit successful
Trying to set text on field :com.theranos.me:id/login_password_edit with value = Theranos1
Set text on field : com.theranos.me:id/login_password_edit successful
Trying to click the button :com.theranos.me:id/bottom_button_text
Click button : com.theranos.me:id/bottom_button_text successful
waiting for element
system executed the script successful 
Trying to get text on field :Browse Tests with value = :
get text on field value is : Browse Tests
waiting for element
system executed the script successful 
Trying to click the button :com.theranos.me:id/dashboard_centers
Click button : com.theranos.me:id/dashboard_centers successful
waiting for element
system executed the script successful 
Trying to get text on field :com.theranos.me:id/action_bar_title with value = :
get text on field value is : Find a Center
Trying to click the button :android.widget.ImageButton
Click button : android.widget.ImageButton successful
waiting for element
system executed the script successful 
Trying to click the button :com.theranos.me:id/menu_item_text
Click button : com.theranos.me:id/menu_item_text successful
waiting for element
system executed the script successful 
Trying to click the button :Log Out
Click button : Log Out successful
waiting for element
system executed the script successful 
Trying to get text on field :Need help logging in? with value = :
get text on field value is : Need help logging in?</StdOut>
          </Output>
        </UnitTestResult>
        <UnitTestResult executionId="6a27a25b-2086-43d2-b459-7e6f1417bfcd" parentExecutionId="9184c227-6e75-418e-b280-7ca28828642a" testId="27423179-3846-9ce8-93a9-e3bd1a5c465f" testName="DashBoardtoOrderPage" computerName="GSR-D076" duration="00:01:09.9911335" startTime="2016-03-17T13:20:36.7182154+05:30" endTime="2016-03-17T13:21:46.7352160+05:30" testType="13cdc9d9-ddb5-4fa4-a97d-d965ccfc6d4b" outcome="Passed" testListId="8c84fa94-04c1-424b-9868-57a2d4851a1d" relativeResultsDirectory="6a27a25b-2086-43d2-b459-7e6f1417bfcd">
          <Output>
            <StdOut>Executing Appium Script
waiting for element
system executed the script successful 
Trying to set text on field :com.theranos.me:id/login_username_edit with value = gsrautoh
Set text on field : com.theranos.me:id/login_username_edit successful
Trying to set text on field :com.theranos.me:id/login_password_edit with value = Theranos1
Set text on field : com.theranos.me:id/login_password_edit successful
Trying to click the button :com.theranos.me:id/bottom_button_text
Click button : com.theranos.me:id/bottom_button_text successful
waiting for element
system executed the script successful 
Trying to get text on field :Browse Tests with value = :
get text on field value is : Browse Tests
waiting for element
system executed the script successful 
Trying to click the button :com.theranos.me:id/dashboard_orders
Click button : com.theranos.me:id/dashboard_orders successful
waiting for element
system executed the script successful 
Trying to get text on field :com.theranos.me:id/action_bar_title with value = :
get text on field value is : Orders
Trying to click the button :android.widget.ImageButton
Click button : android.widget.ImageButton successful
waiting for element
system executed the script successful 
Trying to click the button :com.theranos.me:id/menu_item_text
Click button : com.theranos.me:id/menu_item_text successful
waiting for element
system executed the script successful 
Trying to click the button :Log Out
Click button : Log Out successful
waiting for element
system executed the script successful 
Trying to get text on field :Need help logging in? with value = :
get text on field value is : Need help logging in?</StdOut>
          </Output>
        </UnitTestResult>
        <UnitTestResult executionId="dc4f18dc-0227-44c9-bead-57040344a8b8" parentExecutionId="9184c227-6e75-418e-b280-7ca28828642a" testId="479d8eda-940d-84fe-d364-a2265aa0b06f" testName="DashBoardtoResultPage" computerName="GSR-D076" duration="00:01:06.9810885" startTime="2016-03-17T13:21:46.7362162+05:30" endTime="2016-03-17T13:22:53.7326128+05:30" testType="13cdc9d9-ddb5-4fa4-a97d-d965ccfc6d4b" outcome="Passed" testListId="8c84fa94-04c1-424b-9868-57a2d4851a1d" relativeResultsDirectory="dc4f18dc-0227-44c9-bead-57040344a8b8">
          <Output>
            <StdOut>Executing Appium Script
waiting for element
system executed the script successful 
Trying to set text on field :com.theranos.me:id/login_username_edit with value = gsrautoh
Set text on field : com.theranos.me:id/login_username_edit successful
Trying to set text on field :com.theranos.me:id/login_password_edit with value = Theranos1
Set text on field : com.theranos.me:id/login_password_edit successful
Trying to click the button :com.theranos.me:id/bottom_button_text
Click button : com.theranos.me:id/bottom_button_text successful
waiting for element
system executed the script successful 
Trying to get text on field :Browse Tests with value = :
get text on field value is : Browse Tests
waiting for element
system executed the script successful 
Trying to click the button :com.theranos.me:id/dashboard_results
Click button : com.theranos.me:id/dashboard_results successful
waiting for element
system executed the script successful 
Trying to get text on field :com.theranos.me:id/action_bar_title with value = :
get text on field value is : Results
Trying to click the button :android.widget.ImageButton
Click button : android.widget.ImageButton successful
waiting for element
system executed the script successful 
Trying to click the button :com.theranos.me:id/menu_item_text
Click button : com.theranos.me:id/menu_item_text successful
waiting for element
system executed the script successful 
Trying to click the button :Log Out
Click button : Log Out successful
waiting for element
system executed the script successful 
Trying to get text on field :Need help logging in? with value = :
get text on field value is : Need help logging in?</StdOut>
          </Output>
        </UnitTestResult>
        <UnitTestResult executionId="85548bec-cc02-468e-b4ff-721f263b053e" parentExecutionId="9184c227-6e75-418e-b280-7ca28828642a" testId="624d94f3-30ca-b531-a5fc-a0d676c92875" testName="ACC_BasicInfoScripts" computerName="GSR-D076" duration="00:01:29.0197768" startTime="2016-03-17T13:22:53.7336130+05:30" endTime="2016-03-17T13:24:22.8074242+05:30" testType="13cdc9d9-ddb5-4fa4-a97d-d965ccfc6d4b" outcome="Passed" testListId="8c84fa94-04c1-424b-9868-57a2d4851a1d" relativeResultsDirectory="85548bec-cc02-468e-b4ff-721f263b053e">
          <Output>
            <StdOut>Executing Appium Script
waiting for element
system executed the script successful 
Trying to set text on field :com.theranos.me:id/login_username_edit with value = gsrautoh
Set text on field : com.theranos.me:id/login_username_edit successful
Trying to set text on field :com.theranos.me:id/login_password_edit with value = Theranos1
Set text on field : com.theranos.me:id/login_password_edit successful
Trying to click the button :com.theranos.me:id/bottom_button_text
Click button : com.theranos.me:id/bottom_button_text successful
waiting for element
system executed the script successful 
Trying to get text on field :Browse Tests with value = :
get text on field value is : Browse Tests
Trying to click the button :android.widget.ImageButton
Click button : android.widget.ImageButton successful
Trying to click the button :com.theranos.me:id/menu_item_text
Click button : com.theranos.me:id/menu_item_text successful
waiting for element
system executed the script successful 
Trying to get text on field :Account with value = :
get text on field value is : Account
waiting for element
system executed the script successful 
waiting for element
system executed the script successful 
Trying to click the button :Basic Info
Click button : Basic Info successful
waiting for element
system executed the script successful 
Trying to get text on field :Basic Info with value = :
get text on field value is : Basic Info
waiting for element
system executed the script successful 
Trying to click the button :android.widget.ImageButton
Click button : android.widget.ImageButton successful
waiting for element
system executed the script successful 
Trying to click the button :android.widget.ImageButton
Click button : android.widget.ImageButton successful
Trying to click the button :Dashboard
Click button : Dashboard successful
waiting for element
system executed the script successful 
waiting for element
system executed the script successful 
Trying to get text on field :Browse Tests with value = :
get text on field value is : Browse Tests
Trying to click the button :android.widget.ImageButton
Click button : android.widget.ImageButton successful
waiting for element
system executed the script successful 
Trying to click the button :com.theranos.me:id/menu_item_text
Click button : com.theranos.me:id/menu_item_text successful
waiting for element
system executed the script successful 
Trying to click the button :Log Out
Click button : Log Out successful
waiting for element
system executed the script successful 
Trying to get text on field :Need help logging in? with value = :
get text on field value is : Need help logging in?</StdOut>
          </Output>
        </UnitTestResult>
        <UnitTestResult executionId="fb95f8e3-969e-49ef-a96c-8548c628409b" parentExecutionId="9184c227-6e75-418e-b280-7ca28828642a" testId="e38add73-8d08-5754-a27d-59d0299ed03f" testName="ACC_BasicInfoDateOfBirth" computerName="GSR-D076" duration="00:01:25.6752080" startTime="2016-03-17T13:24:22.8094246+05:30" endTime="2016-03-17T13:25:48.5165626+05:30" testType="13cdc9d9-ddb5-4fa4-a97d-d965ccfc6d4b" outcome="Passed" testListId="8c84fa94-04c1-424b-9868-57a2d4851a1d" relativeResultsDirectory="fb95f8e3-969e-49ef-a96c-8548c628409b">
          <Output>
            <StdOut>Executing Appium Script
waiting for element
system executed the script successful 
Trying to set text on field :com.theranos.me:id/login_username_edit with value = gsrautoh
Set text on field : com.theranos.me:id/login_username_edit successful
Trying to set text on field :com.theranos.me:id/login_password_edit with value = Theranos1
Set text on field : com.theranos.me:id/login_password_edit successful
Trying to click the button :com.theranos.me:id/bottom_button_text
Click button : com.theranos.me:id/bottom_button_text successful
waiting for element
system executed the script successful 
Trying to get text on field :Browse Tests with value = :
get text on field value is : Browse Tests
Trying to click the button :android.widget.ImageButton
Click button : android.widget.ImageButton successful
Trying to click the button :com.theranos.me:id/menu_item_text
Click button : com.theranos.me:id/menu_item_text successful
waiting for element
system executed the script successful 
Trying to get text on field :Account with value = :
get text on field value is : Account
waiting for element
system executed the script successful 
waiting for element
system executed the script successful 
Trying to click the button :Basic Info
Click button : Basic Info successful
waiting for element
system executed the script successful 
Trying to get text on field :Basic Info with value = :
get text on field value is : Basic Info
waiting for element
system executed the script successful 
Trying to click the button :android.widget.ImageButton
Click button : android.widget.ImageButton successful
waiting for element
system executed the script successful 
Trying to click the button :android.widget.ImageButton
Click button : android.widget.ImageButton successful
Trying to click the button :Dashboard
Click button : Dashboard successful
waiting for element
system executed the script successful 
waiting for element
system executed the script successful 
Trying to get text on field :Browse Tests with value = :
get text on field value is : Browse Tests
Trying to click the button :android.widget.ImageButton
Click button : android.widget.ImageButton successful
waiting for element
system executed the script successful 
Trying to click the button :com.theranos.me:id/menu_item_text
Click button : com.theranos.me:id/menu_item_text successful
waiting for element
system executed the script successful 
Trying to click the button :Log Out
Click button : Log Out successful
waiting for element
system executed the script successful 
Trying to get text on field :Need help logging in? with value = :
get text on field value is : Need help logging in?</StdOut>
          </Output>
        </UnitTestResult>
        <UnitTestResult executionId="4ff0508f-db31-4b47-bbce-29a0d0499f6f" parentExecutionId="9184c227-6e75-418e-b280-7ca28828642a" testId="f576ea37-5a88-6123-5781-97fe663fe864" testName="ACC_BasicInfoGender" computerName="GSR-D076" duration="00:01:26.7938772" startTime="2016-03-17T13:25:48.5175628+05:30" endTime="2016-03-17T13:27:15.3329224+05:30" testType="13cdc9d9-ddb5-4fa4-a97d-d965ccfc6d4b" outcome="Passed" testListId="8c84fa94-04c1-424b-9868-57a2d4851a1d" relativeResultsDirectory="4ff0508f-db31-4b47-bbce-29a0d0499f6f">
          <Output>
            <StdOut>Executing Appium Script
waiting for element
system executed the script successful 
Trying to set text on field :com.theranos.me:id/login_username_edit with value = gsrautoh
Set text on field : com.theranos.me:id/login_username_edit successful
Trying to set text on field :com.theranos.me:id/login_password_edit with value = Theranos1
Set text on field : com.theranos.me:id/login_password_edit successful
Trying to click the button :com.theranos.me:id/bottom_button_text
Click button : com.theranos.me:id/bottom_button_text successful
waiting for element
system executed the script successful 
Trying to get text on field :Browse Tests with value = :
get text on field value is : Browse Tests
Trying to click the button :android.widget.ImageButton
Click button : android.widget.ImageButton successful
Trying to click the button :com.theranos.me:id/menu_item_text
Click button : com.theranos.me:id/menu_item_text successful
waiting for element
system executed the script successful 
Trying to get text on field :Account with value = :
get text on field value is : Account
waiting for element
system executed the script successful 
waiting for element
system executed the script successful 
Trying to click the button :Basic Info
Click button : Basic Info successful
waiting for element
system executed the script successful 
Trying to get text on field :Basic Info with value = :
get text on field value is : Basic Info
waiting for element
system executed the script successful 
Trying to click the button :android.widget.ImageButton
Click button : android.widget.ImageButton successful
waiting for element
system executed the script successful 
Trying to click the button :android.widget.ImageButton
Click button : android.widget.ImageButton successful
Trying to click the button :Dashboard
Click button : Dashboard successful
waiting for element
system executed the script successful 
waiting for element
system executed the script successful 
Trying to get text on field :Browse Tests with value = :
get text on field value is : Browse Tests
Trying to click the button :android.widget.ImageButton
Click button : android.widget.ImageButton successful
waiting for element
system executed the script successful 
Trying to click the button :com.theranos.me:id/menu_item_text
Click button : com.theranos.me:id/menu_item_text successful
waiting for element
system executed the script successful 
Trying to click the button :Log Out
Click button : Log Out successful
waiting for element
system executed the script successful 
Trying to get text on field :Need help logging in? with value = :
get text on field value is : Need help logging in?</StdOut>
          </Output>
        </UnitTestResult>
        <UnitTestResult executionId="9189a8bf-ca01-4e35-8926-c386197f6c27" parentExecutionId="9184c227-6e75-418e-b280-7ca28828642a" testId="0f6c464b-affb-2010-23bc-236b32ffba73" testName="ACC_LinkedAccountMailingAddress" computerName="GSR-D076" duration="00:01:17.8583818" startTime="2016-03-17T13:27:15.3339226+05:30" endTime="2016-03-17T13:28:33.2094946+05:30" testType="13cdc9d9-ddb5-4fa4-a97d-d965ccfc6d4b" outcome="Passed" testListId="8c84fa94-04c1-424b-9868-57a2d4851a1d" relativeResultsDirectory="9189a8bf-ca01-4e35-8926-c386197f6c27">
          <Output>
            <StdOut>Executing Appium Script
waiting for element
system executed the script successful 
Trying to set text on field :com.theranos.me:id/login_username_edit with value = gsrautoh
Set text on field : com.theranos.me:id/login_username_edit successful
Trying to set text on field :com.theranos.me:id/login_password_edit with value = Theranos1
Set text on field : com.theranos.me:id/login_password_edit successful
Trying to click the button :com.theranos.me:id/bottom_button_text
Click button : com.theranos.me:id/bottom_button_text successful
waiting for element
system executed the script successful 
Trying to get text on field :Browse Tests with value = :
get text on field value is : Browse Tests
Trying to click the button :android.widget.ImageButton
Click button : android.widget.ImageButton successful
Trying to click the button :com.theranos.me:id/menu_item_text
Click button : com.theranos.me:id/menu_item_text successful
waiting for element
system executed the script successful 
Trying to get text on field :Account with value = :
get text on field value is : Account
waiting for element
system executed the script successful 
waiting for element
system executed the script successful 
Trying to click the button :Basic Info
Click button : Basic Info successful
waiting for element
system executed the script successful 
Trying to get text on field :Basic Info with value = :
get text on field value is : Basic Info
waiting for element
system executed the script successful 
Trying to click the button :android.widget.ImageButton
Click button : android.widget.ImageButton successful
waiting for element
system executed the script successful 
Trying to click the button :android.widget.ImageButton
Click button : android.widget.ImageButton successful
Trying to click the button :Dashboard
Click button : Dashboard successful
waiting for element
system executed the script successful 
waiting for element
system executed the script successful 
Trying to get text on field :Browse Tests with value = :
get text on field value is : Browse Tests
Trying to click the button :android.widget.ImageButton
Click button : android.widget.ImageButton successful
waiting for element
system executed the script successful 
Trying to click the button :com.theranos.me:id/menu_item_text
Click button : com.theranos.me:id/menu_item_text successful
waiting for element
system executed the script successful 
Trying to click the button :Log Out
Click button : Log Out successful
waiting for element
system executed the script successful 
Trying to get text on field :Need help logging in? with value = :
get text on field value is : Need help logging in?</StdOut>
          </Output>
        </UnitTestResult>
        <UnitTestResult executionId="ab8848e2-899d-4e2d-b3d8-47f676544188" parentExecutionId="9184c227-6e75-418e-b280-7ca28828642a" testId="8cb20ed2-9e09-e655-0df8-025b71cc2015" testName="ACC_ProvisionalAccountMailingAddress" computerName="GSR-D076" duration="00:02:12.3598313" startTime="2016-03-17T13:28:33.2104948+05:30" endTime="2016-03-17T13:30:45.6157494+05:30" testType="13cdc9d9-ddb5-4fa4-a97d-d965ccfc6d4b" outcome="Passed" testListId="8c84fa94-04c1-424b-9868-57a2d4851a1d" relativeResultsDirectory="ab8848e2-899d-4e2d-b3d8-47f676544188">
          <Output>
            <StdOut>Executing Appium Script
waiting for element
system executed the script successful 
Trying to set text on field :com.theranos.me:id/login_username_edit with value = gsrautoh
Set text on field : com.theranos.me:id/login_username_edit successful
Trying to set text on field :com.theranos.me:id/login_password_edit with value = Theranos1
Set text on field : com.theranos.me:id/login_password_edit successful
Trying to click the button :com.theranos.me:id/bottom_button_text
Click button : com.theranos.me:id/bottom_button_text successful
waiting for element
system executed the script successful 
Trying to get text on field :Browse Tests with value = :
get text on field value is : Browse Tests
Trying to click the button :android.widget.ImageButton
Click button : android.widget.ImageButton successful
Trying to click the button :com.theranos.me:id/menu_item_text
Click button : com.theranos.me:id/menu_item_text successful
waiting for element
system executed the script successful 
Trying to get text on field :Account with value = :
get text on field value is : Account
waiting for element
system executed the script successful 
waiting for element
system executed the script successful 
Trying to click the button :Basic Info
Click button : Basic Info successful
waiting for element
system executed the script successful 
Trying to get text on field :Basic Info with value = :
get text on field value is : Basic Info
waiting for element
system executed the script successful 
Trying to click the button :com.theranos.me:id/addr_mailing_text
Click button : com.theranos.me:id/addr_mailing_text successful
waiting for element
system executed the script successful 
Trying to get text on field :Edit Address with value = :
get text on field value is : Edit Address
waiting for element
system executed the script successful 
waiting for element
system executed the script successful 
Trying to click the button :Save
Click button : Save successful
waiting for element
system executed the script successful 
Trying to get text on field :Basic Info with value = :
get text on field value is : Basic Info
Trying to click the button :android.widget.ImageButton
Click button : android.widget.ImageButton successful
waiting for element
system executed the script successful 
Trying to click the button :android.widget.ImageButton
Click button : android.widget.ImageButton successful
Trying to click the button :Dashboard
Click button : Dashboard successful
waiting for element
system executed the script successful 
waiting for element
system executed the script successful 
Trying to get text on field :Browse Tests with value = :
get text on field value is : Browse Tests
Trying to click the button :android.widget.ImageButton
Click button : android.widget.ImageButton successful
waiting for element
system executed the script successful 
Trying to click the button :com.theranos.me:id/menu_item_text
Click button : com.theranos.me:id/menu_item_text successful
waiting for element
system executed the script successful 
Trying to click the button :Log Out
Click button : Log Out successful
waiting for element
system executed the script successful 
Trying to get text on field :Need help logging in? with value = :
get text on field value is : Need help logging in?</StdOut>
          </Output>
        </UnitTestResult>
        <UnitTestResult executionId="c4442593-7186-4c59-bc20-1c35f4892859" parentExecutionId="9184c227-6e75-418e-b280-7ca28828642a" testId="e2a12225-a31b-af62-194e-03846916e179" testName="ACC_LinkedAccountBasicInfoPage" computerName="GSR-D076" duration="00:01:27.5531781" startTime="2016-03-17T13:30:45.6157494+05:30" endTime="2016-03-17T13:32:13.2047710+05:30" testType="13cdc9d9-ddb5-4fa4-a97d-d965ccfc6d4b" outcome="Passed" testListId="8c84fa94-04c1-424b-9868-57a2d4851a1d" relativeResultsDirectory="c4442593-7186-4c59-bc20-1c35f4892859">
          <Output>
            <StdOut>Executing Appium Script
waiting for element
system executed the script successful 
Trying to set text on field :com.theranos.me:id/login_username_edit with value = gsrautoh
Set text on field : com.theranos.me:id/login_username_edit successful
Trying to set text on field :com.theranos.me:id/login_password_edit with value = Theranos1
Set text on field : com.theranos.me:id/login_password_edit successful
Trying to click the button :com.theranos.me:id/bottom_button_text
Click button : com.theranos.me:id/bottom_button_text successful
waiting for element
system executed the script successful 
Trying to get text on field :Browse Tests with value = :
get text on field value is : Browse Tests
Trying to click the button :android.widget.ImageButton
Click button : android.widget.ImageButton successful
Trying to click the button :com.theranos.me:id/menu_item_text
Click button : com.theranos.me:id/menu_item_text successful
waiting for element
system executed the script successful 
Trying to get text on field :Account with value = :
get text on field value is : Account
waiting for element
system executed the script successful 
waiting for element
system executed the script successful 
Trying to click the button :Basic Info
Click button : Basic Info successful
waiting for element
system executed the script successful 
Trying to get text on field :Basic Info with value = :
get text on field value is : Basic Info
waiting for element
system executed the script successful 
waiting for element
system executed the script successful 
waiting for element
system executed the script successful 
waiting for element
system executed the script successful 
Trying to click the button :android.widget.ImageButton
Click button : android.widget.ImageButton successful
waiting for element
system executed the script successful 
Trying to click the button :android.widget.ImageButton
Click button : android.widget.ImageButton successful
Trying to click the button :Dashboard
Click button : Dashboard successful
waiting for element
system executed the script successful 
waiting for element
system executed the script successful 
Trying to get text on field :Browse Tests with value = :
get text on field value is : Browse Tests
Trying to click the button :android.widget.ImageButton
Click button : android.widget.ImageButton successful
waiting for element
system executed the script successful 
Trying to click the button :com.theranos.me:id/menu_item_text
Click button : com.theranos.me:id/menu_item_text successful
waiting for element
system executed the script successful 
Trying to click the button :Log Out
Click button : Log Out successful
waiting for element
system executed the script successful 
Trying to get text on field :Need help logging in? with value = :
get text on field value is : Need help logging in?</StdOut>
          </Output>
        </UnitTestResult>
        <UnitTestResult executionId="cb6ad989-6542-43e8-a723-dc6fc0984da7" parentExecutionId="9184c227-6e75-418e-b280-7ca28828642a" testId="94956bce-696c-f536-4e02-996b699e2cd8" testName="ACC_BasicInfoMobile" computerName="GSR-D076" duration="00:02:01.8467059" startTime="2016-03-17T13:32:13.2047710+05:30" endTime="2016-03-17T13:34:15.1031777+05:30" testType="13cdc9d9-ddb5-4fa4-a97d-d965ccfc6d4b" outcome="Passed" testListId="8c84fa94-04c1-424b-9868-57a2d4851a1d" relativeResultsDirectory="cb6ad989-6542-43e8-a723-dc6fc0984da7">
          <Output>
            <StdOut>Executing Appium Script
waiting for element
system executed the script successful 
Trying to set text on field :com.theranos.me:id/login_username_edit with value = gsrautoh
Set text on field : com.theranos.me:id/login_username_edit successful
Trying to set text on field :com.theranos.me:id/login_password_edit with value = Theranos1
Set text on field : com.theranos.me:id/login_password_edit successful
Trying to click the button :com.theranos.me:id/bottom_button_text
Click button : com.theranos.me:id/bottom_button_text successful
waiting for element
system executed the script successful 
Trying to get text on field :Browse Tests with value = :
get text on field value is : Browse Tests
Trying to click the button :android.widget.ImageButton
Click button : android.widget.ImageButton successful
Trying to click the button :com.theranos.me:id/menu_item_text
Click button : com.theranos.me:id/menu_item_text successful
waiting for element
system executed the script successful 
Trying to get text on field :Account with value = :
get text on field value is : Account
waiting for element
system executed the script successful 
waiting for element
system executed the script successful 
Trying to click the button :Basic Info
Click button : Basic Info successful
waiting for element
system executed the script successful 
Trying to get text on field :Basic Info with value = :
get text on field value is : Basic Info
waiting for element
system executed the script successful 
waiting for element
system executed the script successful 
Trying to click the button :Mobile
Click button : Mobile successful
waiting for element
system executed the script successful 
Trying to click the button :Save
Click button : Save successful
waiting for element
system executed the script successful 
Trying to get text on field :Basic Info with value = :
get text on field value is : Basic Info
Trying to click the button :android.widget.ImageButton
Click button : android.widget.ImageButton successful
waiting for element
system executed the script successful 
Trying to click the button :android.widget.ImageButton
Click button : android.widget.ImageButton successful
Trying to click the button :Dashboard
Click button : Dashboard successful
waiting for element
system executed the script successful 
waiting for element
system executed the script successful 
Trying to get text on field :Browse Tests with value = :
get text on field value is : Browse Tests
Trying to click the button :android.widget.ImageButton
Click button : android.widget.ImageButton successful
waiting for element
system executed the script successful 
Trying to click the button :com.theranos.me:id/menu_item_text
Click button : com.theranos.me:id/menu_item_text successful
waiting for element
system executed the script successful 
Trying to click the button :Log Out
Click button : Log Out successful
waiting for element
system executed the script successful 
Trying to get text on field :Need help logging in? with value = :
get text on field value is : Need help logging in?</StdOut>
          </Output>
        </UnitTestResult>
        <UnitTestResult executionId="7dfedcc6-1422-4964-a668-d4b4a375deed" parentExecutionId="9184c227-6e75-418e-b280-7ca28828642a" testId="0a79ba54-8eec-7d34-1e58-946e3eee66bc" testName="ACC_AddEmergencyContactspage" computerName="GSR-D076" duration="00:02:06.6080115" startTime="2016-03-17T13:34:15.1031777+05:30" endTime="2016-03-17T13:36:21.8061772+05:30" testType="13cdc9d9-ddb5-4fa4-a97d-d965ccfc6d4b" outcome="Passed" testListId="8c84fa94-04c1-424b-9868-57a2d4851a1d" relativeResultsDirectory="7dfedcc6-1422-4964-a668-d4b4a375deed">
          <Output>
            <StdOut>Executing Appium Script
waiting for element
system executed the script successful 
Trying to set text on field :com.theranos.me:id/login_username_edit with value = gsrautoh
Set text on field : com.theranos.me:id/login_username_edit successful
Trying to set text on field :com.theranos.me:id/login_password_edit with value = Theranos1
Set text on field : com.theranos.me:id/login_password_edit successful
Trying to click the button :com.theranos.me:id/bottom_button_text
Click button : com.theranos.me:id/bottom_button_text successful
waiting for element
system executed the script successful 
Trying to get text on field :Browse Tests with value = :
get text on field value is : Browse Tests
Trying to click the button :android.widget.ImageButton
Click button : android.widget.ImageButton successful
Trying to click the button :com.theranos.me:id/menu_item_text
Click button : com.theranos.me:id/menu_item_text successful
waiting for element
system executed the script successful 
Trying to get text on field :Account with value = :
get text on field value is : Account
waiting for element
system executed the script successful 
Trying to click the button :Emergency Contacts
Click button : Emergency Contacts successful
waiting for element
system executed the script successful 
Trying to get text on field :Emergency Contacts with value = :
get text on field value is : Emergency Contacts
waiting for element
system executed the script successful 
Trying to click the button :com.theranos.me:id/emer_contact_new_button
Click button : com.theranos.me:id/emer_contact_new_button successful
waiting for element
system executed the script successful 
Trying to click the button :Add Emergency Contact
Click button : Add Emergency Contact successful
waiting for element
system executed the script successful 
Trying to set text on field :First Name with value = Auto
Set text on field : First Name successful
Trying to set text on field :Last Name with value = two
Set text on field : Last Name successful
Trying to click the button :Relationship
Click button : Relationship successful
waiting for element
system executed the script successful 
Trying to set text on field :Phone with value = 6502344321
Set text on field : Phone successful
Trying to set text on field :Email with value = autotwo@yopmail.com
Set text on field : Email successful
Trying to click the button :Save
Click button : Save successful
waiting for element
system executed the script successful 
Trying to click the button :android.widget.ImageButton
Click button : android.widget.ImageButton successful
waiting for element
system executed the script successful 
Trying to click the button :android.widget.ImageButton
Click button : android.widget.ImageButton successful
Trying to click the button :Dashboard
Click button : Dashboard successful
waiting for element
system executed the script successful 
waiting for element
system executed the script successful 
Trying to get text on field :Browse Tests with value = :
get text on field value is : Browse Tests
Trying to click the button :android.widget.ImageButton
Click button : android.widget.ImageButton successful
waiting for element
system executed the script successful 
Trying to click the button :com.theranos.me:id/menu_item_text
Click button : com.theranos.me:id/menu_item_text successful
waiting for element
system executed the script successful 
Trying to click the button :Log Out
Click button : Log Out successful
waiting for element
system executed the script successful 
Trying to get text on field :Need help logging in? with value = :
get text on field value is : Need help logging in?</StdOut>
          </Output>
        </UnitTestResult>
        <UnitTestResult executionId="256c7e83-2f26-4977-ae7a-e1cd758c6546" parentExecutionId="9184c227-6e75-418e-b280-7ca28828642a" testId="7e7c90fc-969e-96a3-8b58-c71d8b8fad68" testName="ACC_EditEmergencyContact" computerName="GSR-D076" duration="00:01:55.6128466" startTime="2016-03-17T13:36:21.8071775+05:30" endTime="2016-03-17T13:38:17.4698659+05:30" testType="13cdc9d9-ddb5-4fa4-a97d-d965ccfc6d4b" outcome="Passed" testListId="8c84fa94-04c1-424b-9868-57a2d4851a1d" relativeResultsDirectory="256c7e83-2f26-4977-ae7a-e1cd758c6546">
          <Output>
            <StdOut>Executing Appium Script
waiting for element
system executed the script successful 
Trying to set text on field :com.theranos.me:id/login_username_edit with value = gsrautoh
Set text on field : com.theranos.me:id/login_username_edit successful
Trying to set text on field :com.theranos.me:id/login_password_edit with value = Theranos1
Set text on field : com.theranos.me:id/login_password_edit successful
Trying to click the button :com.theranos.me:id/bottom_button_text
Click button : com.theranos.me:id/bottom_button_text successful
waiting for element
system executed the script successful 
Trying to get text on field :Browse Tests with value = :
get text on field value is : Browse Tests
Trying to click the button :android.widget.ImageButton
Click button : android.widget.ImageButton successful
Trying to click the button :com.theranos.me:id/menu_item_text
Click button : com.theranos.me:id/menu_item_text successful
waiting for element
system executed the script successful 
Trying to get text on field :Account with value = :
get text on field value is : Account
waiting for element
system executed the script successful 
Trying to click the button :Emergency Contacts
Click button : Emergency Contacts successful
waiting for element
system executed the script successful 
Trying to get text on field :Emergency Contacts with value = :
get text on field value is : Emergency Contacts
waiting for element
system executed the script successful 
waiting for element
system executed the script successful 
waiting for element
system executed the script successful 
Trying to click the button :Save
Click button : Save successful
waiting for element
system executed the script successful 
Trying to get text on field :Emergency Contacts with value = :
get text on field value is : Emergency Contacts
Trying to click the button :android.widget.ImageButton
Click button : android.widget.ImageButton successful
waiting for element
system executed the script successful 
Trying to click the button :android.widget.ImageButton
Click button : android.widget.ImageButton successful
Trying to click the button :Dashboard
Click button : Dashboard successful
waiting for element
system executed the script successful 
waiting for element
system executed the script successful 
Trying to get text on field :Browse Tests with value = :
get text on field value is : Browse Tests
Trying to click the button :android.widget.ImageButton
Click button : android.widget.ImageButton successful
waiting for element
system executed the script successful 
Trying to click the button :com.theranos.me:id/menu_item_text
Click button : com.theranos.me:id/menu_item_text successful
waiting for element
system executed the script successful 
Trying to click the button :Log Out
Click button : Log Out successful
waiting for element
system executed the script successful 
Trying to get text on field :Need help logging in? with value = :
get text on field value is : Need help logging in?</StdOut>
          </Output>
        </UnitTestResult>
        <UnitTestResult executionId="c44d2a68-8d03-44ba-8898-d3cf502decdf" parentExecutionId="9184c227-6e75-418e-b280-7ca28828642a" testId="bbaafe45-fde4-0324-bcfd-cfae721056b7" testName="ACC_RemoveEmergencyValidation" computerName="GSR-D076" duration="00:01:36.4393192" startTime="2016-03-17T13:38:17.4708662+05:30" endTime="2016-03-17T13:39:53.9335891+05:30" testType="13cdc9d9-ddb5-4fa4-a97d-d965ccfc6d4b" outcome="Passed" testListId="8c84fa94-04c1-424b-9868-57a2d4851a1d" relativeResultsDirectory="c44d2a68-8d03-44ba-8898-d3cf502decdf">
          <Output>
            <StdOut>Executing Appium Script
waiting for element
system executed the script successful 
Trying to set text on field :com.theranos.me:id/login_username_edit with value = gsrautoh
Set text on field : com.theranos.me:id/login_username_edit successful
Trying to set text on field :com.theranos.me:id/login_password_edit with value = Theranos1
Set text on field : com.theranos.me:id/login_password_edit successful
Trying to click the button :com.theranos.me:id/bottom_button_text
Click button : com.theranos.me:id/bottom_button_text successful
waiting for element
system executed the script successful 
Trying to get text on field :Browse Tests with value = :
get text on field value is : Browse Tests
Trying to click the button :android.widget.ImageButton
Click button : android.widget.ImageButton successful
Trying to click the button :com.theranos.me:id/menu_item_text
Click button : com.theranos.me:id/menu_item_text successful
waiting for element
system executed the script successful 
Trying to get text on field :Account with value = :
get text on field value is : Account
waiting for element
system executed the script successful 
Trying to click the button :Emergency Contacts
Click button : Emergency Contacts successful
waiting for element
system executed the script successful 
Trying to get text on field :Emergency Contacts with value = :
get text on field value is : Emergency Contacts
waiting for element
system executed the script successful 
waiting for element
system executed the script successful 
Trying to click the button :com.theranos.me:id/remove_contact
Click button : com.theranos.me:id/remove_contact successful
waiting for element
system executed the script successful 
Trying to click the button :Cancel
Click button : Cancel successful
waiting for element
system executed the script successful 
Trying to click the button :android.widget.ImageButton
Click button : android.widget.ImageButton successful
waiting for element
system executed the script successful 
Trying to click the button :android.widget.ImageButton
Click button : android.widget.ImageButton successful
waiting for element
system executed the script successful 
Trying to click the button :android.widget.ImageButton
Click button : android.widget.ImageButton successful
Trying to click the button :Dashboard
Click button : Dashboard successful
waiting for element
system executed the script successful 
waiting for element
system executed the script successful 
Trying to get text on field :Browse Tests with value = :
get text on field value is : Browse Tests
Trying to click the button :android.widget.ImageButton
Click button : android.widget.ImageButton successful
waiting for element
system executed the script successful 
Trying to click the button :com.theranos.me:id/menu_item_text
Click button : com.theranos.me:id/menu_item_text successful
waiting for element
system executed the script successful 
Trying to click the button :Log Out
Click button : Log Out successful
waiting for element
system executed the script successful 
Trying to get text on field :Need help logging in? with value = :
get text on field value is : Need help logging in?</StdOut>
          </Output>
        </UnitTestResult>
        <UnitTestResult executionId="18493398-6aed-4e70-bdbd-3d3974569299" parentExecutionId="9184c227-6e75-418e-b280-7ca28828642a" testId="70de5acc-bc15-c4e2-2565-55efb0a991e9" testName="ACC_RemoveEmergencyContact" computerName="GSR-D076" duration="00:01:42.5980683" startTime="2016-03-17T13:39:53.9335891+05:30" endTime="2016-03-17T13:41:36.5571097+05:30" testType="13cdc9d9-ddb5-4fa4-a97d-d965ccfc6d4b" outcome="Passed" testListId="8c84fa94-04c1-424b-9868-57a2d4851a1d" relativeResultsDirectory="18493398-6aed-4e70-bdbd-3d3974569299">
          <Output>
            <StdOut>Executing Appium Script
waiting for element
system executed the script successful 
Trying to set text on field :com.theranos.me:id/login_username_edit with value = gsrautoh
Set text on field : com.theranos.me:id/login_username_edit successful
Trying to set text on field :com.theranos.me:id/login_password_edit with value = Theranos1
Set text on field : com.theranos.me:id/login_password_edit successful
Trying to click the button :com.theranos.me:id/bottom_button_text
Click button : com.theranos.me:id/bottom_button_text successful
waiting for element
system executed the script successful 
Trying to get text on field :Browse Tests with value = :
get text on field value is : Browse Tests
Trying to click the button :android.widget.ImageButton
Click button : android.widget.ImageButton successful
Trying to click the button :com.theranos.me:id/menu_item_text
Click button : com.theranos.me:id/menu_item_text successful
waiting for element
system executed the script successful 
Trying to get text on field :Account with value = :
get text on field value is : Account
waiting for element
system executed the script successful 
Trying to click the button :Emergency Contacts
Click button : Emergency Contacts successful
waiting for element
system executed the script successful 
Trying to get text on field :Emergency Contacts with value = :
get text on field value is : Emergency Contacts
waiting for element
system executed the script successful 
waiting for element
system executed the script successful 
Trying to click the button :com.theranos.me:id/remove_contact
Click button : com.theranos.me:id/remove_contact successful
waiting for element
system executed the script successful 
Trying to click the button :Remove
Click button : Remove successful
waiting for element
system executed the script successful 
Trying to click the button :android.widget.ImageButton
Click button : android.widget.ImageButton successful
waiting for element
system executed the script successful 
Trying to click the button :android.widget.ImageButton
Click button : android.widget.ImageButton successful
Trying to click the button :Dashboard
Click button : Dashboard successful
waiting for element
system executed the script successful 
waiting for element
system executed the script successful 
Trying to get text on field :Browse Tests with value = :
get text on field value is : Browse Tests
Trying to click the button :android.widget.ImageButton
Click button : android.widget.ImageButton successful
waiting for element
system executed the script successful 
Trying to click the button :com.theranos.me:id/menu_item_text
Click button : com.theranos.me:id/menu_item_text successful
waiting for element
system executed the script successful 
Trying to click the button :Log Out
Click button : Log Out successful
waiting for element
system executed the script successful 
Trying to get text on field :Need help logging in? with value = :
get text on field value is : Need help logging in?</StdOut>
          </Output>
        </UnitTestResult>
        <UnitTestResult executionId="c7f311bf-93af-4089-8718-55a9eff1f742" parentExecutionId="9184c227-6e75-418e-b280-7ca28828642a" testId="90e9f033-4b8e-3b48-a6ac-7942dd37120d" testName="ACC_AddInsurancepage" computerName="GSR-D076" duration="00:01:53.4689276" startTime="2016-03-17T13:41:36.5581099+05:30" endTime="2016-03-17T13:43:30.0488035+05:30" testType="13cdc9d9-ddb5-4fa4-a97d-d965ccfc6d4b" outcome="Passed" testListId="8c84fa94-04c1-424b-9868-57a2d4851a1d" relativeResultsDirectory="c7f311bf-93af-4089-8718-55a9eff1f742">
          <Output>
            <StdOut>Executing Appium Script
waiting for element
system executed the script successful 
Trying to set text on field :com.theranos.me:id/login_username_edit with value = gsrautoh
Set text on field : com.theranos.me:id/login_username_edit successful
Trying to set text on field :com.theranos.me:id/login_password_edit with value = Theranos1
Set text on field : com.theranos.me:id/login_password_edit successful
Trying to click the button :com.theranos.me:id/bottom_button_text
Click button : com.theranos.me:id/bottom_button_text successful
waiting for element
system executed the script successful 
Trying to get text on field :Browse Tests with value = :
get text on field value is : Browse Tests
Trying to click the button :android.widget.ImageButton
Click button : android.widget.ImageButton successful
Trying to click the button :com.theranos.me:id/menu_item_text
Click button : com.theranos.me:id/menu_item_text successful
waiting for element
system executed the script successful 
Trying to get text on field :Account with value = :
get text on field value is : Account
waiting for element
system executed the script successful 
Trying to click the button :Insurance
Click button : Insurance successful
waiting for element
system executed the script successful 
waiting for element
system executed the script successful 
Trying to click the button :com.theranos.me:id/settings_new_button
Click button : com.theranos.me:id/settings_new_button successful
waiting for element
system executed the script successful 
waiting for element
system executed the script successful 
Trying to click the button :Select Insurance Provider
Click button : Select Insurance Provider successful
waiting for element
system executed the script successful 
Trying to click the button :com.theranos.me:id/text1
Click button : com.theranos.me:id/text1 successful
waiting for element
system executed the script successful 
Trying to set text on field :Insured ID with value = record2
Set text on field : Insured ID successful
Trying to click the button :Save
Click button : Save successful
waiting for element
system executed the script successful 
Trying to click the button :android.widget.ImageButton
Click button : android.widget.ImageButton successful
waiting for element
system executed the script successful 
Trying to click the button :android.widget.ImageButton
Click button : android.widget.ImageButton successful
Trying to click the button :Dashboard
Click button : Dashboard successful
waiting for element
system executed the script successful 
waiting for element
system executed the script successful 
Trying to get text on field :Browse Tests with value = :
get text on field value is : Browse Tests
Trying to click the button :android.widget.ImageButton
Click button : android.widget.ImageButton successful
waiting for element
system executed the script successful 
Trying to click the button :com.theranos.me:id/menu_item_text
Click button : com.theranos.me:id/menu_item_text successful
waiting for element
system executed the script successful 
Trying to click the button :Log Out
Click button : Log Out successful
waiting for element
system executed the script successful 
Trying to get text on field :Need help logging in? with value = :
get text on field value is : Need help logging in?</StdOut>
          </Output>
        </UnitTestResult>
        <UnitTestResult executionId="69d58f64-5d1f-4c00-a9b4-8ceb667e49b2" parentExecutionId="9184c227-6e75-418e-b280-7ca28828642a" testId="dcec2015-1b49-7efa-f771-8ba5b3470cf3" testName="ACC_RemoveInsurance" computerName="GSR-D076" duration="00:01:43.8398456" startTime="2016-03-17T13:43:30.0488035+05:30" endTime="2016-03-17T13:45:13.9095715+05:30" testType="13cdc9d9-ddb5-4fa4-a97d-d965ccfc6d4b" outcome="Passed" testListId="8c84fa94-04c1-424b-9868-57a2d4851a1d" relativeResultsDirectory="69d58f64-5d1f-4c00-a9b4-8ceb667e49b2">
          <Output>
            <StdOut>Executing Appium Script
waiting for element
system executed the script successful 
Trying to set text on field :com.theranos.me:id/login_username_edit with value = gsrautoh
Set text on field : com.theranos.me:id/login_username_edit successful
Trying to set text on field :com.theranos.me:id/login_password_edit with value = Theranos1
Set text on field : com.theranos.me:id/login_password_edit successful
Trying to click the button :com.theranos.me:id/bottom_button_text
Click button : com.theranos.me:id/bottom_button_text successful
waiting for element
system executed the script successful 
Trying to get text on field :Browse Tests with value = :
get text on field value is : Browse Tests
Trying to click the button :android.widget.ImageButton
Click button : android.widget.ImageButton successful
Trying to click the button :com.theranos.me:id/menu_item_text
Click button : com.theranos.me:id/menu_item_text successful
waiting for element
system executed the script successful 
Trying to get text on field :Account with value = :
get text on field value is : Account
waiting for element
system executed the script successful 
Trying to click the button :Insurance
Click button : Insurance successful
waiting for element
system executed the script successful 
waiting for element
system executed the script successful 
waiting for element
system executed the script successful 
waiting for element
system executed the script successful 
Trying to click the button :com.theranos.me:id/remove_insurance
Click button : com.theranos.me:id/remove_insurance successful
waiting for element
system executed the script successful 
Trying to click the button :Remove
Click button : Remove successful
waiting for element
system executed the script successful 
Trying to click the button :android.widget.ImageButton
Click button : android.widget.ImageButton successful
waiting for element
system executed the script successful 
Trying to click the button :android.widget.ImageButton
Click button : android.widget.ImageButton successful
Trying to click the button :Dashboard
Click button : Dashboard successful
waiting for element
system executed the script successful 
waiting for element
system executed the script successful 
Trying to get text on field :Browse Tests with value = :
get text on field value is : Browse Tests
Trying to click the button :android.widget.ImageButton
Click button : android.widget.ImageButton successful
waiting for element
system executed the script successful 
Trying to click the button :com.theranos.me:id/menu_item_text
Click button : com.theranos.me:id/menu_item_text successful
waiting for element
system executed the script successful 
Trying to click the button :Log Out
Click button : Log Out successful
waiting for element
system executed the script successful 
Trying to get text on field :Need help logging in? with value = :
get text on field value is : Need help logging in?</StdOut>
          </Output>
        </UnitTestResult>
        <UnitTestResult executionId="29eb4d46-a9ed-4099-98a3-c552af500e9f" parentExecutionId="9184c227-6e75-418e-b280-7ca28828642a" testId="a203b0cc-6ee1-5edc-b5bb-527c8417a6d3" testName="ACC_SelectedInsuranceDisplayed" computerName="GSR-D076" duration="00:02:08.0892113" startTime="2016-03-17T13:45:13.9095715+05:30" endTime="2016-03-17T13:47:22.0301905+05:30" testType="13cdc9d9-ddb5-4fa4-a97d-d965ccfc6d4b" outcome="Passed" testListId="8c84fa94-04c1-424b-9868-57a2d4851a1d" relativeResultsDirectory="29eb4d46-a9ed-4099-98a3-c552af500e9f">
          <Output>
            <StdOut>Executing Appium Script
waiting for element
system executed the script successful 
Trying to set text on field :com.theranos.me:id/login_username_edit with value = gsrautoh
Set text on field : com.theranos.me:id/login_username_edit successful
Trying to set text on field :com.theranos.me:id/login_password_edit with value = Theranos1
Set text on field : com.theranos.me:id/login_password_edit successful
Trying to click the button :com.theranos.me:id/bottom_button_text
Click button : com.theranos.me:id/bottom_button_text successful
waiting for element
system executed the script successful 
Trying to get text on field :Browse Tests with value = :
get text on field value is : Browse Tests
Trying to click the button :android.widget.ImageButton
Click button : android.widget.ImageButton successful
Trying to click the button :com.theranos.me:id/menu_item_text
Click button : com.theranos.me:id/menu_item_text successful
waiting for element
system executed the script successful 
Trying to get text on field :Account with value = :
get text on field value is : Account
waiting for element
system executed the script successful 
Trying to click the button :Insurance
Click button : Insurance successful
waiting for element
system executed the script successful 
waiting for element
system executed the script successful 
Trying to click the button :com.theranos.me:id/settings_new_button
Click button : com.theranos.me:id/settings_new_button successful
waiting for element
system executed the script successful 
Trying to click the button :Select Insurance Provider
Click button : Select Insurance Provider successful
waiting for element
system executed the script successful 
Trying to set text on field :Search Providers with value = Advantra Freedom
Set text on field : Search Providers successful
waiting for element
system executed the script successful 
Trying to get text on field :com.theranos.me:id/settings_insurance_edit_ins_company with value = :
get text on field value is : Advantra Freedom
Trying to set text on field :Insured ID with value = record2
Set text on field : Insured ID successful
Trying to click the button :Save
Click button : Save successful
waiting for element
system executed the script successful 
Trying to get text on field :com.theranos.me:id/ins_provider with value = :
get text on field value is : Advantra Freedom
Trying to get text on field :com.theranos.me:id/ins_name with value = :
get text on field value is : Subscriber: Auto Testh
Trying to get text on field :com.theranos.me:id/ins_policy_num with value = :
get text on field value is : Insured ID: record2
Trying to click the button :android.widget.ImageButton
Click button : android.widget.ImageButton successful
waiting for element
system executed the script successful 
Trying to click the button :android.widget.ImageButton
Click button : android.widget.ImageButton successful
Trying to click the button :Dashboard
Click button : Dashboard successful
waiting for element
system executed the script successful 
waiting for element
system executed the script successful 
Trying to get text on field :Browse Tests with value = :
get text on field value is : Browse Tests
Trying to click the button :android.widget.ImageButton
Click button : android.widget.ImageButton successful
waiting for element
system executed the script successful 
Trying to click the button :com.theranos.me:id/menu_item_text
Click button : com.theranos.me:id/menu_item_text successful
waiting for element
system executed the script successful 
Trying to click the button :Log Out
Click button : Log Out successful
waiting for element
system executed the script successful 
Trying to get text on field :Need help logging in? with value = :
get text on field value is : Need help logging in?</StdOut>
          </Output>
        </UnitTestResult>
        <UnitTestResult executionId="ffdfde18-4edf-4e6d-97d8-471e620c5e4a" parentExecutionId="9184c227-6e75-418e-b280-7ca28828642a" testId="bc516d39-e9f6-596c-5837-4e34f8ebb376" testName="UNACC_AccountUserName" computerName="GSR-D076" duration="00:01:15.5683418" startTime="2016-03-17T13:47:22.0311907+05:30" endTime="2016-03-17T13:48:37.6163047+05:30" testType="13cdc9d9-ddb5-4fa4-a97d-d965ccfc6d4b" outcome="Passed" testListId="8c84fa94-04c1-424b-9868-57a2d4851a1d" relativeResultsDirectory="ffdfde18-4edf-4e6d-97d8-471e620c5e4a">
          <Output>
            <StdOut>Executing Appium Script
waiting for element
system executed the script successful 
Trying to set text on field :com.theranos.me:id/login_username_edit with value = gsrautoy
Set text on field : com.theranos.me:id/login_username_edit successful
Trying to set text on field :com.theranos.me:id/login_password_edit with value = Theranos1
Set text on field : com.theranos.me:id/login_password_edit successful
Trying to click the button :com.theranos.me:id/bottom_button_text
Click button : com.theranos.me:id/bottom_button_text successful
waiting for element
system executed the script successful 
Trying to get text on field :Browse Tests with value = :
get text on field value is : Browse Tests
Trying to click the button :android.widget.ImageButton
Click button : android.widget.ImageButton successful
Trying to click the button :com.theranos.me:id/menu_item_text
Click button : com.theranos.me:id/menu_item_text successful
waiting for element
system executed the script successful 
Trying to get text on field :Account with value = :
get text on field value is : Account
waiting for element
system executed the script successful 
Trying to click the button :Account
Click button : Account successful
waiting for element
system executed the script successful 
Trying to click the button :android.widget.ImageButton
Click button : android.widget.ImageButton successful
waiting for element
system executed the script successful 
Trying to click the button :android.widget.ImageButton
Click button : android.widget.ImageButton successful
Trying to click the button :Dashboard
Click button : Dashboard successful
waiting for element
system executed the script successful 
waiting for element
system executed the script successful 
Trying to get text on field :Browse Tests with value = :
get text on field value is : Browse Tests
Trying to click the button :android.widget.ImageButton
Click button : android.widget.ImageButton successful
waiting for element
system executed the script successful 
Trying to click the button :com.theranos.me:id/menu_item_text
Click button : com.theranos.me:id/menu_item_text successful
waiting for element
system executed the script successful 
Trying to click the button :Log Out
Click button : Log Out successful
waiting for element
system executed the script successful 
Trying to get text on field :Need help logging in? with value = :
get text on field value is : Need help logging in?</StdOut>
          </Output>
        </UnitTestResult>
        <UnitTestResult executionId="ef05d3df-8848-42fc-a0b4-7b1bb967f19d" parentExecutionId="9184c227-6e75-418e-b280-7ca28828642a" testId="325e9054-5a64-92ed-5852-1ed6bd3f7009" testName="UNACC_PasscodeValidation" computerName="GSR-D076" duration="00:02:23.4318742" startTime="2016-03-17T13:48:37.6173049+05:30" endTime="2016-03-17T13:51:01.0789915+05:30" testType="13cdc9d9-ddb5-4fa4-a97d-d965ccfc6d4b" outcome="Passed" testListId="8c84fa94-04c1-424b-9868-57a2d4851a1d" relativeResultsDirectory="ef05d3df-8848-42fc-a0b4-7b1bb967f19d">
          <Output>
            <StdOut>Executing Appium Script
waiting for element
system executed the script successful 
Trying to set text on field :com.theranos.me:id/login_username_edit with value = gsrautoy
Set text on field : com.theranos.me:id/login_username_edit successful
Trying to set text on field :com.theranos.me:id/login_password_edit with value = Theranos1
Set text on field : com.theranos.me:id/login_password_edit successful
Trying to click the button :com.theranos.me:id/bottom_button_text
Click button : com.theranos.me:id/bottom_button_text successful
waiting for element
system executed the script successful 
Trying to get text on field :Browse Tests with value = :
get text on field value is : Browse Tests
Trying to click the button :android.widget.ImageButton
Click button : android.widget.ImageButton successful
Trying to click the button :com.theranos.me:id/menu_item_text
Click button : com.theranos.me:id/menu_item_text successful
waiting for element
system executed the script successful 
Trying to get text on field :Account with value = :
get text on field value is : Account
waiting for element
system executed the script successful 
Trying to click the button :com.theranos.me:id/settings_account
Click button : com.theranos.me:id/settings_account successful
waiting for element
system executed the script successful 
Trying to click the button :Passcode
Click button : Passcode successful
waiting for element
system executed the script successful 
Trying to click the button :Reset
Click button : Reset successful
waiting for element
system executed the script successful 
Trying to click the button :Reset passcode
Click button : Reset passcode successful
waiting for element
system executed the script successful 
Trying to set text on field :com.theranos.me:id/login_username_edit with value = gsrautoy
Set text on field : com.theranos.me:id/login_username_edit successful
Trying to set text on field :com.theranos.me:id/login_password_edit with value = Theranos1
Set text on field : com.theranos.me:id/login_password_edit successful
Trying to click the button :com.theranos.me:id/bottom_button_text
Click button : com.theranos.me:id/bottom_button_text successful
waiting for element
system executed the script successful 
Trying to get text on field :com.theranos.me:id/lock_title with value = :
get text on field value is : Passcode did not match.
Please try again.</StdOut>
          </Output>
        </UnitTestResult>
        <UnitTestResult executionId="c97ceee7-edb4-4dbc-89eb-949275b02fde" parentExecutionId="9184c227-6e75-418e-b280-7ca28828642a" testId="da687907-31b4-7282-68fd-54be3225d44b" testName="UNACC_PasswordUpdate" computerName="GSR-D076" duration="00:01:43.0381615" startTime="2016-03-17T13:51:01.0799917+05:30" endTime="2016-03-17T13:52:44.1415999+05:30" testType="13cdc9d9-ddb5-4fa4-a97d-d965ccfc6d4b" outcome="Passed" testListId="8c84fa94-04c1-424b-9868-57a2d4851a1d" relativeResultsDirectory="c97ceee7-edb4-4dbc-89eb-949275b02fde">
          <Output>
            <StdOut>Executing Appium Script
waiting for element
system executed the script successful 
Trying to set text on field :com.theranos.me:id/login_username_edit with value = gsrautoy
Set text on field : com.theranos.me:id/login_username_edit successful
Trying to set text on field :com.theranos.me:id/login_password_edit with value = Theranos1
Set text on field : com.theranos.me:id/login_password_edit successful
Trying to click the button :com.theranos.me:id/bottom_button_text
Click button : com.theranos.me:id/bottom_button_text successful
waiting for element
system executed the script successful 
Trying to get text on field :Browse Tests with value = :
get text on field value is : Browse Tests
Trying to click the button :android.widget.ImageButton
Click button : android.widget.ImageButton successful
Trying to click the button :com.theranos.me:id/menu_item_text
Click button : com.theranos.me:id/menu_item_text successful
waiting for element
system executed the script successful 
Trying to get text on field :Account with value = :
get text on field value is : Account
waiting for element
system executed the script successful 
Trying to click the button :com.theranos.me:id/settings_account
Click button : com.theranos.me:id/settings_account successful
waiting for element
system executed the script successful 
Trying to click the button :Password
Click button : Password successful
waiting for element
system executed the script successful 
Trying to set text on field :Current Password with value = Theranos1
Set text on field : Current Password successful
Trying to set text on field :Create New Password with value = Theranos1
Set text on field : Create New Password successful
Trying to click the button :com.theranos.me:id/submit_btn
Click button : com.theranos.me:id/submit_btn successful
waiting for element
system executed the script successful 
Trying to get text on field :com.theranos.me:id/tvCrouton with value = :
get text on field value is : You have successfully changed your password.
Trying to click the button :com.theranos.me:id/tvCrouton
Click button : com.theranos.me:id/tvCrouton successful
Trying to click the button :android.widget.ImageButton
Click button : android.widget.ImageButton successful
waiting for element
system executed the script successful 
Trying to click the button :android.widget.ImageButton
Click button : android.widget.ImageButton successful
Trying to click the button :Dashboard
Click button : Dashboard successful
waiting for element
system executed the script successful 
waiting for element
system executed the script successful 
Trying to get text on field :Browse Tests with value = :
get text on field value is : Browse Tests
Trying to click the button :android.widget.ImageButton
Click button : android.widget.ImageButton successful
waiting for element
system executed the script successful 
Trying to click the button :com.theranos.me:id/menu_item_text
Click button : com.theranos.me:id/menu_item_text successful
waiting for element
system executed the script successful 
Trying to click the button :Log Out
Click button : Log Out successful
waiting for element
system executed the script successful 
Trying to get text on field :Need help logging in? with value = :
get text on field value is : Need help logging in?</StdOut>
          </Output>
        </UnitTestResult>
        <UnitTestResult executionId="6332c394-be19-45ba-bd05-9d22b93e4506" parentExecutionId="9184c227-6e75-418e-b280-7ca28828642a" testId="82a2a729-dfd1-806d-baf7-2bafc15d08d2" testName="UserInfo" computerName="GSR-D076" duration="00:02:07.6144039" startTime="2016-03-17T13:52:44.1415999+05:30" endTime="2016-03-17T13:54:51.7831231+05:30" testType="13cdc9d9-ddb5-4fa4-a97d-d965ccfc6d4b" outcome="Passed" testListId="8c84fa94-04c1-424b-9868-57a2d4851a1d" relativeResultsDirectory="6332c394-be19-45ba-bd05-9d22b93e4506">
          <Output>
            <StdOut>Executing Appium Script
waiting for element
system executed the script successful 
Trying to set text on field :com.theranos.me:id/login_username_edit with value = gsrautoh
Set text on field : com.theranos.me:id/login_username_edit successful
Trying to set text on field :com.theranos.me:id/login_password_edit with value = Theranos1
Set text on field : com.theranos.me:id/login_password_edit successful
Trying to click the button :com.theranos.me:id/bottom_button_text
Click button : com.theranos.me:id/bottom_button_text successful
waiting for element
system executed the script successful 
Trying to get text on field :Browse Tests with value = :
get text on field value is : Browse Tests
waiting for element
system executed the script successful 
waiting for element
system executed the script successful 
Trying to click the button :android.widget.ImageButton
Click button : android.widget.ImageButton successful
Trying to click the button :Orders
Click button : Orders successful
waiting for element
system executed the script successful 
waiting for element
system executed the script successful 
Trying to click the button :com.theranos.me:id/lab_orders_new_button
Click button : com.theranos.me:id/lab_orders_new_button successful
waiting for element
system executed the script successful 
Trying to click the button :Order from Test Menu
Click button : Order from Test Menu successful
waiting for element
system executed the script successful 
waiting for element
system executed the script successful 
Trying to click the button :com.theranos.me:id/search
Click button : com.theranos.me:id/search successful
waiting for element
system executed the script successful 
Trying to set text on field :Search by name or code with value = Calcium
Set text on field : Search by name or code successful
waiting for element
system executed the script successful 
Trying to get text on field :com.theranos.me:id/name with value = :
get text on field value is : Calcium
Trying to get text on field :com.theranos.me:id/panel_code with value = :
get text on field value is : CAL1, CPT: 82310
Trying to get text on field :com.theranos.me:id/state_availability with value = :
get text on field value is : Available for Direct Testing in AZ
Trying to get text on field :com.theranos.me:id/price with value = :
get text on field value is : $3.51
waiting for element
system executed the script successful 
Trying to click the button :com.theranos.me:id/add
Click button : com.theranos.me:id/add successful
waiting for element
system executed the script successful 
Trying to click the button :android:id/button1
Click button : android:id/button1 successful
waiting for element
system executed the script successful 
Trying to click the button :com.theranos.me:id/test_menu_clipboard
Click button : com.theranos.me:id/test_menu_clipboard successful
waiting for element
system executed the script successful 
waiting for element
system executed the script successful 
Trying to click the button :com.theranos.me:id/order_summary_state_selection_text
Click button : com.theranos.me:id/order_summary_state_selection_text successful
waiting for element
system executed the script successful 
Trying to click the button :Arizona
Click button : Arizona successful
waiting for element
system executed the script successful 
Trying to click the button :com.theranos.me:id/order_summary_button
Click button : com.theranos.me:id/order_summary_button successful
waiting for element
system executed the script successful 
Trying to get text on field :Order Created! with value = :
get text on field value is : Order Created!
waiting for element
system executed the script successful 
Trying to click the button :android.widget.ImageButton
Click button : android.widget.ImageButton successful
waiting for element
system executed the script successful 
waiting for element
system executed the script successful 
Trying to click the button :android.widget.ImageButton
Click button : android.widget.ImageButton successful
Trying to click the button :Dashboard
Click button : Dashboard successful
waiting for element
system executed the script successful 
Trying to get text on field :Browse Tests with value = :
get text on field value is : Browse Tests
waiting for element
system executed the script successful 
Trying to get text on field :Browse Tests with value = :
get text on field value is : Browse Tests
Trying to click the button :android.widget.ImageButton
Click button : android.widget.ImageButton successful
waiting for element
system executed the script successful 
Trying to click the button :com.theranos.me:id/menu_item_text
Click button : com.theranos.me:id/menu_item_text successful
waiting for element
system executed the script successful 
Trying to click the button :Log Out
Click button : Log Out successful
waiting for element
system executed the script successful 
Trying to get text on field :Need help logging in? with value = :
get text on field value is : Need help logging in?</StdOut>
          </Output>
        </UnitTestResult>
        <UnitTestResult executionId="7dd33063-8f9e-41ae-a523-b51cb47f2449" parentExecutionId="9184c227-6e75-418e-b280-7ca28828642a" testId="acb6b506-cb09-7909-9552-d80eaa15bef2" testName="TwoCptTest" computerName="GSR-D076" duration="00:02:16.7799475" startTime="2016-03-17T13:54:51.7831231+05:30" endTime="2016-03-17T13:57:08.6064823+05:30" testType="13cdc9d9-ddb5-4fa4-a97d-d965ccfc6d4b" outcome="Passed" testListId="8c84fa94-04c1-424b-9868-57a2d4851a1d" relativeResultsDirectory="7dd33063-8f9e-41ae-a523-b51cb47f2449">
          <Output>
            <StdOut>Executing Appium Script
waiting for element
system executed the script successful 
Trying to set text on field :com.theranos.me:id/login_username_edit with value = gsrautoh
Set text on field : com.theranos.me:id/login_username_edit successful
Trying to set text on field :com.theranos.me:id/login_password_edit with value = Theranos1
Set text on field : com.theranos.me:id/login_password_edit successful
Trying to click the button :com.theranos.me:id/bottom_button_text
Click button : com.theranos.me:id/bottom_button_text successful
waiting for element
system executed the script successful 
Trying to get text on field :Browse Tests with value = :
get text on field value is : Browse Tests
waiting for element
system executed the script successful 
waiting for element
system executed the script successful 
Trying to click the button :android.widget.ImageButton
Click button : android.widget.ImageButton successful
Trying to click the button :Orders
Click button : Orders successful
waiting for element
system executed the script successful 
waiting for element
system executed the script successful 
Trying to click the button :com.theranos.me:id/lab_orders_new_button
Click button : com.theranos.me:id/lab_orders_new_button successful
waiting for element
system executed the script successful 
Trying to click the button :Order from Test Menu
Click button : Order from Test Menu successful
waiting for element
system executed the script successful 
waiting for element
system executed the script successful 
Trying to click the button :com.theranos.me:id/search
Click button : com.theranos.me:id/search successful
waiting for element
system executed the script successful 
Trying to set text on field :Search by name or code with value = Calcium
Set text on field : Search by name or code successful
waiting for element
system executed the script successful 
Trying to get text on field :com.theranos.me:id/name with value = :
get text on field value is : Calcium
Trying to get text on field :com.theranos.me:id/panel_code with value = :
get text on field value is : CAL1, CPT: 82310
Trying to get text on field :com.theranos.me:id/state_availability with value = :
get text on field value is : Available for Direct Testing in AZ
Trying to get text on field :com.theranos.me:id/price with value = :
get text on field value is : $3.51
waiting for element
system executed the script successful 
Trying to click the button :com.theranos.me:id/add
Click button : com.theranos.me:id/add successful
waiting for element
system executed the script successful 
Trying to click the button :android:id/button1
Click button : android:id/button1 successful
waiting for element
system executed the script successful 
Trying to click the button :android.widget.ImageButton
Click button : android.widget.ImageButton successful
waiting for element
system executed the script successful 
Trying to click the button :android.widget.ImageButton
Click button : android.widget.ImageButton successful
waiting for element
system executed the script successful 
Trying to click the button :com.theranos.me:id/search
Click button : com.theranos.me:id/search successful
waiting for element
system executed the script successful 
Trying to set text on field :Search by name or code with value = 84460
Set text on field : Search by name or code successful
waiting for element
system executed the script successful 
Trying to click the button :com.theranos.me:id/add
Click button : com.theranos.me:id/add successful
waiting for element
system executed the script successful 
Trying to get text on field :com.theranos.me:id/order_summary_cart_layout_counter with value = :
get text on field value is : 2
waiting for element
system executed the script successful 
Trying to click the button :com.theranos.me:id/test_menu_clipboard
Click button : com.theranos.me:id/test_menu_clipboard successful
waiting for element
system executed the script successful 
waiting for element
system executed the script successful 
Trying to click the button :com.theranos.me:id/order_summary_state_selection_text
Click button : com.theranos.me:id/order_summary_state_selection_text successful
waiting for element
system executed the script successful 
Trying to click the button :Arizona
Click button : Arizona successful
waiting for element
system executed the script successful 
Trying to click the button :com.theranos.me:id/order_summary_button
Click button : com.theranos.me:id/order_summary_button successful
waiting for element
system executed the script successful 
Trying to get text on field :Order Created! with value = :
get text on field value is : Order Created!
waiting for element
system executed the script successful 
Trying to click the button :android.widget.ImageButton
Click button : android.widget.ImageButton successful
waiting for element
system executed the script successful 
waiting for element
system executed the script successful 
Trying to click the button :android.widget.ImageButton
Click button : android.widget.ImageButton successful
Trying to click the button :Dashboard
Click button : Dashboard successful
waiting for element
system executed the script successful 
Trying to get text on field :Browse Tests with value = :
get text on field value is : Browse Tests
waiting for element
system executed the script successful 
Trying to get text on field :Browse Tests with value = :
get text on field value is : Browse Tests
Trying to click the button :android.widget.ImageButton
Click button : android.widget.ImageButton successful
waiting for element
system executed the script successful 
Trying to click the button :com.theranos.me:id/menu_item_text
Click button : com.theranos.me:id/menu_item_text successful
waiting for element
system executed the script successful 
Trying to click the button :Log Out
Click button : Log Out successful
waiting for element
system executed the script successful 
Trying to get text on field :Need help logging in? with value = :
get text on field value is : Need help logging in?</StdOut>
          </Output>
        </UnitTestResult>
        <UnitTestResult executionId="ac5125b6-55b5-481c-b0a3-73b50470296c" parentExecutionId="9184c227-6e75-418e-b280-7ca28828642a" testId="aaaa7ebf-c2cc-a95d-2084-545c1056e6ad" testName="ActiveOrderDelete" computerName="GSR-D076" duration="00:02:09.6040586" startTime="2016-03-17T13:57:08.6064823+05:30" endTime="2016-03-17T13:59:18.2624083+05:30" testType="13cdc9d9-ddb5-4fa4-a97d-d965ccfc6d4b" outcome="Passed" testListId="8c84fa94-04c1-424b-9868-57a2d4851a1d" relativeResultsDirectory="ac5125b6-55b5-481c-b0a3-73b50470296c">
          <Output>
            <StdOut>Executing Appium Script
waiting for element
system executed the script successful 
Trying to set text on field :com.theranos.me:id/login_username_edit with value = gsrautoh
Set text on field : com.theranos.me:id/login_username_edit successful
Trying to set text on field :com.theranos.me:id/login_password_edit with value = Theranos1
Set text on field : com.theranos.me:id/login_password_edit successful
Trying to click the button :com.theranos.me:id/bottom_button_text
Click button : com.theranos.me:id/bottom_button_text successful
waiting for element
system executed the script successful 
Trying to get text on field :Browse Tests with value = :
get text on field value is : Browse Tests
waiting for element
system executed the script successful 
waiting for element
system executed the script successful 
Trying to click the button :android.widget.ImageButton
Click button : android.widget.ImageButton successful
Trying to click the button :Orders
Click button : Orders successful
waiting for element
system executed the script successful 
waiting for element
system executed the script successful 
Trying to click the button :com.theranos.me:id/lab_orders_new_button
Click button : com.theranos.me:id/lab_orders_new_button successful
waiting for element
system executed the script successful 
Trying to click the button :Order from Test Menu
Click button : Order from Test Menu successful
waiting for element
system executed the script successful 
waiting for element
system executed the script successful 
Trying to click the button :com.theranos.me:id/search
Click button : com.theranos.me:id/search successful
waiting for element
system executed the script successful 
Trying to set text on field :Search by name or code with value = Calcium
Set text on field : Search by name or code successful
waiting for element
system executed the script successful 
Trying to get text on field :com.theranos.me:id/name with value = :
get text on field value is : Calcium
Trying to get text on field :com.theranos.me:id/panel_code with value = :
get text on field value is : CAL1, CPT: 82310
Trying to get text on field :com.theranos.me:id/state_availability with value = :
get text on field value is : Available for Direct Testing in AZ
Trying to get text on field :com.theranos.me:id/price with value = :
get text on field value is : $3.51
waiting for element
system executed the script successful 
Trying to click the button :com.theranos.me:id/add
Click button : com.theranos.me:id/add successful
waiting for element
system executed the script successful 
Trying to click the button :android:id/button1
Click button : android:id/button1 successful
waiting for element
system executed the script successful 
Trying to click the button :com.theranos.me:id/test_menu_clipboard
Click button : com.theranos.me:id/test_menu_clipboard successful
waiting for element
system executed the script successful 
waiting for element
system executed the script successful 
Trying to click the button :com.theranos.me:id/order_summary_state_selection_text
Click button : com.theranos.me:id/order_summary_state_selection_text successful
waiting for element
system executed the script successful 
Trying to click the button :Arizona
Click button : Arizona successful
waiting for element
system executed the script successful 
Trying to click the button :com.theranos.me:id/order_summary_button
Click button : com.theranos.me:id/order_summary_button successful
waiting for element
system executed the script successful 
Trying to get text on field :Order Created! with value = :
get text on field value is : Order Created!
waiting for element
system executed the script successful 
Trying to click the button :android.widget.ImageButton
Click button : android.widget.ImageButton successful
waiting for element
system executed the script successful 
Trying to click the button :com.theranos.me:id/date
Click button : com.theranos.me:id/date successful
waiting for element
system executed the script successful 
Trying to click the button :android.support.v7.widget.LinearLayoutCompat
Click button : android.support.v7.widget.LinearLayoutCompat successful
waiting for element
system executed the script successful 
Trying to click the button :Delete Order
Click button : Delete Order successful
waiting for element
system executed the script successful 
Trying to click the button :android:id/button1
Click button : android:id/button1 successful
waiting for element
system executed the script successful 
Trying to click the button :android.widget.ImageButton
Click button : android.widget.ImageButton successful
Trying to click the button :Dashboard
Click button : Dashboard successful
waiting for element
system executed the script successful 
Trying to get text on field :Browse Tests with value = :
get text on field value is : Browse Tests
waiting for element
system executed the script successful 
Trying to get text on field :Browse Tests with value = :
get text on field value is : Browse Tests
Trying to click the button :android.widget.ImageButton
Click button : android.widget.ImageButton successful
waiting for element
system executed the script successful 
Trying to click the button :com.theranos.me:id/menu_item_text
Click button : com.theranos.me:id/menu_item_text successful
waiting for element
system executed the script successful 
Trying to click the button :Log Out
Click button : Log Out successful
waiting for element
system executed the script successful 
Trying to get text on field :Need help logging in? with value = :
get text on field value is : Need help logging in?</StdOut>
          </Output>
        </UnitTestResult>
        <UnitTestResult executionId="233ece03-a789-444d-b760-e50a3faf632a" parentExecutionId="9184c227-6e75-418e-b280-7ca28828642a" testId="98b8dc63-8b91-581f-1abc-979b22e03024" testName="RemoveOrderFromCart" computerName="GSR-D076" duration="00:02:00.4281848" startTime="2016-03-17T13:59:18.2634085+05:30" endTime="2016-03-17T14:01:18.7164943+05:30" testType="13cdc9d9-ddb5-4fa4-a97d-d965ccfc6d4b" outcome="Passed" testListId="8c84fa94-04c1-424b-9868-57a2d4851a1d" relativeResultsDirectory="233ece03-a789-444d-b760-e50a3faf632a">
          <Output>
            <StdOut>Executing Appium Script
waiting for element
system executed the script successful 
Trying to set text on field :com.theranos.me:id/login_username_edit with value = gsrautoh
Set text on field : com.theranos.me:id/login_username_edit successful
Trying to set text on field :com.theranos.me:id/login_password_edit with value = Theranos1
Set text on field : com.theranos.me:id/login_password_edit successful
Trying to click the button :com.theranos.me:id/bottom_button_text
Click button : com.theranos.me:id/bottom_button_text successful
waiting for element
system executed the script successful 
Trying to get text on field :Browse Tests with value = :
get text on field value is : Browse Tests
waiting for element
system executed the script successful 
waiting for element
system executed the script successful 
Trying to click the button :android.widget.ImageButton
Click button : android.widget.ImageButton successful
Trying to click the button :Orders
Click button : Orders successful
waiting for element
system executed the script successful 
waiting for element
system executed the script successful 
Trying to click the button :com.theranos.me:id/lab_orders_new_button
Click button : com.theranos.me:id/lab_orders_new_button successful
waiting for element
system executed the script successful 
Trying to click the button :Order from Test Menu
Click button : Order from Test Menu successful
waiting for element
system executed the script successful 
waiting for element
system executed the script successful 
Trying to click the button :com.theranos.me:id/search
Click button : com.theranos.me:id/search successful
waiting for element
system executed the script successful 
Trying to set text on field :Search by name or code with value = Calcium
Set text on field : Search by name or code successful
waiting for element
system executed the script successful 
Trying to get text on field :com.theranos.me:id/name with value = :
get text on field value is : Calcium
Trying to get text on field :com.theranos.me:id/panel_code with value = :
get text on field value is : CAL1, CPT: 82310
Trying to get text on field :com.theranos.me:id/state_availability with value = :
get text on field value is : Available for Direct Testing in AZ
Trying to get text on field :com.theranos.me:id/price with value = :
get text on field value is : $3.51
waiting for element
system executed the script successful 
Trying to click the button :com.theranos.me:id/add
Click button : com.theranos.me:id/add successful
waiting for element
system executed the script successful 
Trying to click the button :android:id/button1
Click button : android:id/button1 successful
waiting for element
system executed the script successful 
Trying to click the button :com.theranos.me:id/test_menu_clipboard
Click button : com.theranos.me:id/test_menu_clipboard successful
waiting for element
system executed the script successful 
waiting for element
system executed the script successful 
Trying to click the button :com.theranos.me:id/order_summary_remove_icon
Click button : com.theranos.me:id/order_summary_remove_icon successful
Trying to get text on field :Start ordering your own tests. with value = :
get text on field value is : Start ordering your own tests.
waiting for element
system executed the script successful 
Trying to click the button :android.widget.ImageButton
Click button : android.widget.ImageButton successful
waiting for element
system executed the script successful 
waiting for element
system executed the script successful 
Trying to click the button :android.widget.ImageButton
Click button : android.widget.ImageButton successful
waiting for element
system executed the script successful 
Trying to click the button :android.widget.ImageButton
Click button : android.widget.ImageButton successful
waiting for element
system executed the script successful 
waiting for element
system executed the script successful 
Trying to click the button :android.widget.ImageButton
Click button : android.widget.ImageButton successful
Trying to click the button :Dashboard
Click button : Dashboard successful
waiting for element
system executed the script successful 
Trying to get text on field :Browse Tests with value = :
get text on field value is : Browse Tests
waiting for element
system executed the script successful 
Trying to get text on field :Browse Tests with value = :
get text on field value is : Browse Tests
Trying to click the button :android.widget.ImageButton
Click button : android.widget.ImageButton successful
waiting for element
system executed the script successful 
Trying to click the button :com.theranos.me:id/menu_item_text
Click button : com.theranos.me:id/menu_item_text successful
waiting for element
system executed the script successful 
Trying to click the button :Log Out
Click button : Log Out successful
waiting for element
system executed the script successful 
Trying to get text on field :Need help logging in? with value = :
get text on field value is : Need help logging in?</StdOut>
          </Output>
        </UnitTestResult>
        <UnitTestResult executionId="e3f9d9aa-f964-4bb4-9424-362cc60ba942" parentExecutionId="9184c227-6e75-418e-b280-7ca28828642a" testId="6655f3f2-6ecd-881a-992e-4095f7a8da73" testName="DashBoardToTestMenuPage" computerName="GSR-D076" duration="00:01:12.6427562" startTime="2016-03-17T14:01:18.7164943+05:30" endTime="2016-03-17T14:02:31.3870255+05:30" testType="13cdc9d9-ddb5-4fa4-a97d-d965ccfc6d4b" outcome="Passed" testListId="8c84fa94-04c1-424b-9868-57a2d4851a1d" relativeResultsDirectory="e3f9d9aa-f964-4bb4-9424-362cc60ba942">
          <Output>
            <StdOut>Executing Appium Script
waiting for element
system executed the script successful 
Trying to set text on field :com.theranos.me:id/login_username_edit with value = gsrautoh
Set text on field : com.theranos.me:id/login_username_edit successful
Trying to set text on field :com.theranos.me:id/login_password_edit with value = Theranos1
Set text on field : com.theranos.me:id/login_password_edit successful
Trying to click the button :com.theranos.me:id/bottom_button_text
Click button : com.theranos.me:id/bottom_button_text successful
waiting for element
system executed the script successful 
Trying to get text on field :Browse Tests with value = :
get text on field value is : Browse Tests
waiting for element
system executed the script successful 
Trying to click the button :Browse Tests
Click button : Browse Tests successful
waiting for element
system executed the script successful 
waiting for element
system executed the script successful 
Trying to click the button :android.widget.ImageButton
Click button : android.widget.ImageButton successful
Trying to click the button :com.theranos.me:id/menu_item_text
Click button : com.theranos.me:id/menu_item_text successful
waiting for element
system executed the script successful 
Trying to click the button :Log Out
Click button : Log Out successful
waiting for element
system executed the script successful 
Trying to get text on field :Need help logging in? with value = :
get text on field value is : Need help logging in?</StdOut>
          </Output>
        </UnitTestResult>
        <UnitTestResult executionId="56d8a73a-8df8-4901-81cb-3deed0f6ad3f" parentExecutionId="9184c227-6e75-418e-b280-7ca28828642a" testId="48925ac1-c46a-08d7-9f9c-99c6b480d667" testName="CheckCartEnable" computerName="GSR-D076" duration="00:01:58.2657776" startTime="2016-03-17T14:02:31.3880257+05:30" endTime="2016-03-17T14:04:29.6985557+05:30" testType="13cdc9d9-ddb5-4fa4-a97d-d965ccfc6d4b" outcome="Passed" testListId="8c84fa94-04c1-424b-9868-57a2d4851a1d" relativeResultsDirectory="56d8a73a-8df8-4901-81cb-3deed0f6ad3f">
          <Output>
            <StdOut>Executing Appium Script
waiting for element
system executed the script successful 
Trying to set text on field :com.theranos.me:id/login_username_edit with value = gsrautoh
Set text on field : com.theranos.me:id/login_username_edit successful
Trying to set text on field :com.theranos.me:id/login_password_edit with value = Theranos1
Set text on field : com.theranos.me:id/login_password_edit successful
Trying to click the button :com.theranos.me:id/bottom_button_text
Click button : com.theranos.me:id/bottom_button_text successful
waiting for element
system executed the script successful 
Trying to get text on field :Browse Tests with value = :
get text on field value is : Browse Tests
waiting for element
system executed the script successful 
waiting for element
system executed the script successful 
Trying to click the button :android.widget.ImageButton
Click button : android.widget.ImageButton successful
Trying to click the button :Orders
Click button : Orders successful
waiting for element
system executed the script successful 
waiting for element
system executed the script successful 
Trying to click the button :com.theranos.me:id/lab_orders_new_button
Click button : com.theranos.me:id/lab_orders_new_button successful
waiting for element
system executed the script successful 
Trying to click the button :Order from Test Menu
Click button : Order from Test Menu successful
waiting for element
system executed the script successful 
waiting for element
system executed the script successful 
Trying to click the button :com.theranos.me:id/search
Click button : com.theranos.me:id/search successful
waiting for element
system executed the script successful 
Trying to set text on field :Search by name or code with value = Calcium
Set text on field : Search by name or code successful
waiting for element
system executed the script successful 
Trying to get text on field :com.theranos.me:id/name with value = :
get text on field value is : Calcium
Trying to get text on field :com.theranos.me:id/panel_code with value = :
get text on field value is : CAL1, CPT: 82310
Trying to get text on field :com.theranos.me:id/state_availability with value = :
get text on field value is : Available for Direct Testing in AZ
Trying to get text on field :com.theranos.me:id/price with value = :
get text on field value is : $3.51
waiting for element
system executed the script successful 
Trying to click the button :com.theranos.me:id/add
Click button : com.theranos.me:id/add successful
waiting for element
system executed the script successful 
Trying to click the button :android:id/button1
Click button : android:id/button1 successful
waiting for element
system executed the script successful 
Trying to get text on field :com.theranos.me:id/order_summary_cart_layout_counter with value = :
get text on field value is : 1
waiting for element
system executed the script successful 
Trying to click the button :com.theranos.me:id/test_menu_clipboard
Click button : com.theranos.me:id/test_menu_clipboard successful
waiting for element
system executed the script successful 
waiting for element
system executed the script successful 
Trying to click the button :com.theranos.me:id/order_summary_state_selection_text
Click button : com.theranos.me:id/order_summary_state_selection_text successful
waiting for element
system executed the script successful 
Trying to click the button :Arizona
Click button : Arizona successful
waiting for element
system executed the script successful 
Trying to click the button :com.theranos.me:id/order_summary_button
Click button : com.theranos.me:id/order_summary_button successful
waiting for element
system executed the script successful 
Trying to get text on field :Order Created! with value = :
get text on field value is : Order Created!
waiting for element
system executed the script successful 
Trying to click the button :android.widget.ImageButton
Click button : android.widget.ImageButton successful
waiting for element
system executed the script successful 
waiting for element
system executed the script successful 
Trying to click the button :android.widget.ImageButton
Click button : android.widget.ImageButton successful
Trying to click the button :Dashboard
Click button : Dashboard successful
waiting for element
system executed the script successful 
Trying to get text on field :Browse Tests with value = :
get text on field value is : Browse Tests
waiting for element
system executed the script successful 
Trying to get text on field :Browse Tests with value = :
get text on field value is : Browse Tests
Trying to click the button :android.widget.ImageButton
Click button : android.widget.ImageButton successful
waiting for element
system executed the script successful 
Trying to click the button :com.theranos.me:id/menu_item_text
Click button : com.theranos.me:id/menu_item_text successful
waiting for element
system executed the script successful 
Trying to click the button :Log Out
Click button : Log Out successful
waiting for element
system executed the script successful 
Trying to get text on field :Need help logging in? with value = :
get text on field value is : Need help logging in?</StdOut>
          </Output>
        </UnitTestResult>
        <UnitTestResult executionId="980dbdfb-e384-40f3-a1bb-94d9ccacbe2b" parentExecutionId="9184c227-6e75-418e-b280-7ca28828642a" testId="aaa5c40f-72a6-2358-440a-9f16894f172b" testName="CheckAddedTestDetails" computerName="GSR-D076" duration="00:02:04.6602924" startTime="2016-03-17T14:04:29.6995561+05:30" endTime="2016-03-17T14:06:34.4384317+05:30" testType="13cdc9d9-ddb5-4fa4-a97d-d965ccfc6d4b" outcome="Passed" testListId="8c84fa94-04c1-424b-9868-57a2d4851a1d" relativeResultsDirectory="980dbdfb-e384-40f3-a1bb-94d9ccacbe2b">
          <Output>
            <StdOut>Executing Appium Script
waiting for element
system executed the script successful 
Trying to set text on field :com.theranos.me:id/login_username_edit with value = gsrautoh
Set text on field : com.theranos.me:id/login_username_edit successful
Trying to set text on field :com.theranos.me:id/login_password_edit with value = Theranos1
Set text on field : com.theranos.me:id/login_password_edit successful
Trying to click the button :com.theranos.me:id/bottom_button_text
Click button : com.theranos.me:id/bottom_button_text successful
waiting for element
system executed the script successful 
Trying to get text on field :Browse Tests with value = :
get text on field value is : Browse Tests
waiting for element
system executed the script successful 
waiting for element
system executed the script successful 
Trying to click the button :android.widget.ImageButton
Click button : android.widget.ImageButton successful
Trying to click the button :Orders
Click button : Orders successful
waiting for element
system executed the script successful 
waiting for element
system executed the script successful 
Trying to click the button :com.theranos.me:id/lab_orders_new_button
Click button : com.theranos.me:id/lab_orders_new_button successful
waiting for element
system executed the script successful 
Trying to click the button :Order from Test Menu
Click button : Order from Test Menu successful
waiting for element
system executed the script successful 
waiting for element
system executed the script successful 
Trying to click the button :com.theranos.me:id/search
Click button : com.theranos.me:id/search successful
waiting for element
system executed the script successful 
Trying to set text on field :Search by name or code with value = Calcium
Set text on field : Search by name or code successful
waiting for element
system executed the script successful 
Trying to get text on field :com.theranos.me:id/name with value = :
get text on field value is : Calcium
Trying to get text on field :com.theranos.me:id/panel_code with value = :
get text on field value is : CAL1, CPT: 82310
Trying to get text on field :com.theranos.me:id/state_availability with value = :
get text on field value is : Available for Direct Testing in AZ
Trying to get text on field :com.theranos.me:id/price with value = :
get text on field value is : $3.51
waiting for element
system executed the script successful 
Trying to click the button :com.theranos.me:id/add
Click button : com.theranos.me:id/add successful
waiting for element
system executed the script successful 
Trying to click the button :android:id/button1
Click button : android:id/button1 successful
waiting for element
system executed the script successful 
Trying to click the button :com.theranos.me:id/test_menu_clipboard
Click button : com.theranos.me:id/test_menu_clipboard successful
waiting for element
system executed the script successful 
waiting for element
system executed the script successful 
Trying to click the button :com.theranos.me:id/order_summary_state_selection_text
Click button : com.theranos.me:id/order_summary_state_selection_text successful
waiting for element
system executed the script successful 
Trying to click the button :Arizona
Click button : Arizona successful
waiting for element
system executed the script successful 
Trying to click the button :com.theranos.me:id/order_summary_button
Click button : com.theranos.me:id/order_summary_button successful
waiting for element
system executed the script successful 
Trying to get text on field :Order Created! with value = :
get text on field value is : Order Created!
waiting for element
system executed the script successful 
Trying to click the button :android.widget.ImageButton
Click button : android.widget.ImageButton successful
waiting for element
system executed the script successful 
waiting for element
system executed the script successful 
Trying to click the button :android.widget.ImageButton
Click button : android.widget.ImageButton successful
Trying to click the button :Dashboard
Click button : Dashboard successful
waiting for element
system executed the script successful 
Trying to get text on field :Browse Tests with value = :
get text on field value is : Browse Tests
waiting for element
system executed the script successful 
Trying to get text on field :Browse Tests with value = :
get text on field value is : Browse Tests
Trying to click the button :android.widget.ImageButton
Click button : android.widget.ImageButton successful
waiting for element
system executed the script successful 
Trying to click the button :com.theranos.me:id/menu_item_text
Click button : com.theranos.me:id/menu_item_text successful
waiting for element
system executed the script successful 
Trying to click the button :Log Out
Click button : Log Out successful
waiting for element
system executed the script successful 
Trying to get text on field :Need help logging in? with value = :
get text on field value is : Need help logging in?</StdOut>
          </Output>
        </UnitTestResult>
        <UnitTestResult executionId="4b7a16e0-ad1c-4680-a2bf-3640218904dc" parentExecutionId="9184c227-6e75-418e-b280-7ca28828642a" testId="187f7ddc-5d4e-d2a6-8ba4-6fa2fc2fc89b" testName="AddTestWithCPT" computerName="GSR-D076" duration="00:01:52.5892172" startTime="2016-03-17T14:06:34.4394321+05:30" endTime="2016-03-17T14:08:27.0707998+05:30" testType="13cdc9d9-ddb5-4fa4-a97d-d965ccfc6d4b" outcome="Passed" testListId="8c84fa94-04c1-424b-9868-57a2d4851a1d" relativeResultsDirectory="4b7a16e0-ad1c-4680-a2bf-3640218904dc">
          <Output>
            <StdOut>Executing Appium Script
waiting for element
system executed the script successful 
Trying to set text on field :com.theranos.me:id/login_username_edit with value = gsrautoh
Set text on field : com.theranos.me:id/login_username_edit successful
Trying to set text on field :com.theranos.me:id/login_password_edit with value = Theranos1
Set text on field : com.theranos.me:id/login_password_edit successful
Trying to click the button :com.theranos.me:id/bottom_button_text
Click button : com.theranos.me:id/bottom_button_text successful
waiting for element
system executed the script successful 
Trying to get text on field :Browse Tests with value = :
get text on field value is : Browse Tests
waiting for element
system executed the script successful 
waiting for element
system executed the script successful 
Trying to click the button :android.widget.ImageButton
Click button : android.widget.ImageButton successful
Trying to click the button :Orders
Click button : Orders successful
waiting for element
system executed the script successful 
waiting for element
system executed the script successful 
Trying to click the button :com.theranos.me:id/lab_orders_new_button
Click button : com.theranos.me:id/lab_orders_new_button successful
waiting for element
system executed the script successful 
Trying to click the button :Order from Test Menu
Click button : Order from Test Menu successful
waiting for element
system executed the script successful 
waiting for element
system executed the script successful 
Trying to click the button :com.theranos.me:id/search
Click button : com.theranos.me:id/search successful
waiting for element
system executed the script successful 
Trying to set text on field :Search by name or code with value = 84460
Set text on field : Search by name or code successful
waiting for element
system executed the script successful 
Trying to click the button :com.theranos.me:id/add
Click button : com.theranos.me:id/add successful
waiting for element
system executed the script successful 
Trying to click the button :android:id/button1
Click button : android:id/button1 successful
waiting for element
system executed the script successful 
Trying to click the button :com.theranos.me:id/test_menu_clipboard
Click button : com.theranos.me:id/test_menu_clipboard successful
waiting for element
system executed the script successful 
waiting for element
system executed the script successful 
Trying to click the button :com.theranos.me:id/order_summary_state_selection_text
Click button : com.theranos.me:id/order_summary_state_selection_text successful
waiting for element
system executed the script successful 
Trying to click the button :Arizona
Click button : Arizona successful
waiting for element
system executed the script successful 
Trying to click the button :com.theranos.me:id/order_summary_button
Click button : com.theranos.me:id/order_summary_button successful
waiting for element
system executed the script successful 
Trying to get text on field :Order Created! with value = :
get text on field value is : Order Created!
waiting for element
system executed the script successful 
Trying to click the button :android.widget.ImageButton
Click button : android.widget.ImageButton successful
waiting for element
system executed the script successful 
waiting for element
system executed the script successful 
Trying to click the button :android.widget.ImageButton
Click button : android.widget.ImageButton successful
Trying to click the button :Dashboard
Click button : Dashboard successful
waiting for element
system executed the script successful 
Trying to get text on field :Browse Tests with value = :
get text on field value is : Browse Tests
waiting for element
system executed the script successful 
Trying to get text on field :Browse Tests with value = :
get text on field value is : Browse Tests
Trying to click the button :android.widget.ImageButton
Click button : android.widget.ImageButton successful
waiting for element
system executed the script successful 
Trying to click the button :com.theranos.me:id/menu_item_text
Click button : com.theranos.me:id/menu_item_text successful
waiting for element
system executed the script successful 
Trying to click the button :Log Out
Click button : Log Out successful
waiting for element
system executed the script successful 
Trying to get text on field :Need help logging in? with value = :
get text on field value is : Need help logging in?</StdOut>
          </Output>
        </UnitTestResult>
        <UnitTestResult executionId="cffd1608-c577-46d9-af90-2ae1855a6f06" parentExecutionId="9184c227-6e75-418e-b280-7ca28828642a" testId="b1f34c68-ea8c-545d-351f-419aeb8c9adf" testName="CheckFastingTestDetails" computerName="GSR-D076" duration="00:02:05.0284072" startTime="2016-03-17T14:08:27.0707998+05:30" endTime="2016-03-17T14:10:32.1353079+05:30" testType="13cdc9d9-ddb5-4fa4-a97d-d965ccfc6d4b" outcome="Passed" testListId="8c84fa94-04c1-424b-9868-57a2d4851a1d" relativeResultsDirectory="cffd1608-c577-46d9-af90-2ae1855a6f06">
          <Output>
            <StdOut>Executing Appium Script
waiting for element
system executed the script successful 
Trying to set text on field :com.theranos.me:id/login_username_edit with value = gsrautoh
Set text on field : com.theranos.me:id/login_username_edit successful
Trying to set text on field :com.theranos.me:id/login_password_edit with value = Theranos1
Set text on field : com.theranos.me:id/login_password_edit successful
Trying to click the button :com.theranos.me:id/bottom_button_text
Click button : com.theranos.me:id/bottom_button_text successful
waiting for element
system executed the script successful 
Trying to get text on field :Browse Tests with value = :
get text on field value is : Browse Tests
waiting for element
system executed the script successful 
waiting for element
system executed the script successful 
Trying to click the button :android.widget.ImageButton
Click button : android.widget.ImageButton successful
Trying to click the button :Orders
Click button : Orders successful
waiting for element
system executed the script successful 
waiting for element
system executed the script successful 
Trying to click the button :com.theranos.me:id/lab_orders_new_button
Click button : com.theranos.me:id/lab_orders_new_button successful
waiting for element
system executed the script successful 
Trying to click the button :Order from Test Menu
Click button : Order from Test Menu successful
waiting for element
system executed the script successful 
waiting for element
system executed the script successful 
Trying to click the button :com.theranos.me:id/search
Click button : com.theranos.me:id/search successful
waiting for element
system executed the script successful 
Trying to set text on field :Search by name or code with value = Glucose
Set text on field : Search by name or code successful
waiting for element
system executed the script successful 
Trying to get text on field :com.theranos.me:id/name with value = :
get text on field value is : Glucose
Trying to get text on field :com.theranos.me:id/panel_code with value = :
get text on field value is : GLU1, CPT: 82947
Trying to get text on field :com.theranos.me:id/state_availability with value = :
get text on field value is : Available for Direct Testing in AZ
Trying to get text on field :com.theranos.me:id/price with value = :
get text on field value is : $2.67
Trying to get text on field :com.theranos.me:id/fasting_text with value = :
get text on field value is : Fasting: 8 Hours
Trying to click the button :com.theranos.me:id/fasting_text
Click button : com.theranos.me:id/fasting_text successful
waiting for element
system executed the script successful 
Trying to get text on field :com.theranos.me:id/fasting_info_header with value = :
get text on field value is : Fasting: 8 Hours
Trying to get text on field :com.theranos.me:id/fasting_info_body with value = :
get text on field value is : It is recommended that you have no foods or liquids, other than water, for at least the number of hours indicated. If fasting is recommended and you have not fasted, you may continue your visit, but it will be at your discretion. Ensure that you are comfortable with and capable of completing the fasting requirements before your visit.


waiting for element
system executed the script successful 
Trying to click the button :android.widget.ImageButton
Click button : android.widget.ImageButton successful
waiting for element
system executed the script successful 
Trying to click the button :com.theranos.me:id/add
Click button : com.theranos.me:id/add successful
waiting for element
system executed the script successful 
Trying to click the button :android:id/button1
Click button : android:id/button1 successful
waiting for element
system executed the script successful 
Trying to click the button :com.theranos.me:id/test_menu_clipboard
Click button : com.theranos.me:id/test_menu_clipboard successful
waiting for element
system executed the script successful 
waiting for element
system executed the script successful 
Trying to click the button :com.theranos.me:id/order_summary_state_selection_text
Click button : com.theranos.me:id/order_summary_state_selection_text successful
waiting for element
system executed the script successful 
Trying to click the button :Arizona
Click button : Arizona successful
waiting for element
system executed the script successful 
Trying to click the button :com.theranos.me:id/order_summary_button
Click button : com.theranos.me:id/order_summary_button successful
waiting for element
system executed the script successful 
Trying to get text on field :Order Created! with value = :
get text on field value is : Order Created!
waiting for element
system executed the script successful 
Trying to click the button :android.widget.ImageButton
Click button : android.widget.ImageButton successful
waiting for element
system executed the script successful 
waiting for element
system executed the script successful 
Trying to click the button :android.widget.ImageButton
Click button : android.widget.ImageButton successful
Trying to click the button :Dashboard
Click button : Dashboard successful
waiting for element
system executed the script successful 
Trying to get text on field :Browse Tests with value = :
get text on field value is : Browse Tests
waiting for element
system executed the script successful 
Trying to get text on field :Browse Tests with value = :
get text on field value is : Browse Tests
Trying to click the button :android.widget.ImageButton
Click button : android.widget.ImageButton successful
waiting for element
system executed the script successful 
Trying to click the button :com.theranos.me:id/menu_item_text
Click button : com.theranos.me:id/menu_item_text successful
waiting for element
system executed the script successful 
Trying to click the button :Log Out
Click button : Log Out successful
waiting for element
system executed the script successful 
Trying to get text on field :Need help logging in? with value = :
get text on field value is : Need help logging in?</StdOut>
          </Output>
        </UnitTestResult>
        <UnitTestResult executionId="2a538e00-a5a2-46bd-b482-37b9d244a601" parentExecutionId="9184c227-6e75-418e-b280-7ca28828642a" testId="8d3913ba-f58e-cbd0-b95d-8b1ee1ae4c5d" testName="CheckTestDisplayInCart" computerName="GSR-D076" duration="00:02:16.3409793" startTime="2016-03-17T14:10:32.1353079+05:30" endTime="2016-03-17T14:12:48.5162099+05:30" testType="13cdc9d9-ddb5-4fa4-a97d-d965ccfc6d4b" outcome="Passed" testListId="8c84fa94-04c1-424b-9868-57a2d4851a1d" relativeResultsDirectory="2a538e00-a5a2-46bd-b482-37b9d244a601">
          <Output>
            <StdOut>Executing Appium Script
waiting for element
system executed the script successful 
Trying to set text on field :com.theranos.me:id/login_username_edit with value = gsrautoh
Set text on field : com.theranos.me:id/login_username_edit successful
Trying to set text on field :com.theranos.me:id/login_password_edit with value = Theranos1
Set text on field : com.theranos.me:id/login_password_edit successful
Trying to click the button :com.theranos.me:id/bottom_button_text
Click button : com.theranos.me:id/bottom_button_text successful
waiting for element
system executed the script successful 
Trying to get text on field :Browse Tests with value = :
get text on field value is : Browse Tests
waiting for element
system executed the script successful 
waiting for element
system executed the script successful 
Trying to click the button :android.widget.ImageButton
Click button : android.widget.ImageButton successful
Trying to click the button :Orders
Click button : Orders successful
waiting for element
system executed the script successful 
waiting for element
system executed the script successful 
Trying to click the button :com.theranos.me:id/lab_orders_new_button
Click button : com.theranos.me:id/lab_orders_new_button successful
waiting for element
system executed the script successful 
Trying to click the button :Order from Test Menu
Click button : Order from Test Menu successful
waiting for element
system executed the script successful 
waiting for element
system executed the script successful 
Trying to click the button :com.theranos.me:id/search
Click button : com.theranos.me:id/search successful
waiting for element
system executed the script successful 
Trying to set text on field :Search by name or code with value = Calcium
Set text on field : Search by name or code successful
waiting for element
system executed the script successful 
Trying to get text on field :com.theranos.me:id/name with value = :
get text on field value is : Calcium
Trying to get text on field :com.theranos.me:id/panel_code with value = :
get text on field value is : CAL1, CPT: 82310
Trying to get text on field :com.theranos.me:id/state_availability with value = :
get text on field value is : Available for Direct Testing in AZ
Trying to get text on field :com.theranos.me:id/price with value = :
get text on field value is : $3.51
waiting for element
system executed the script successful 
Trying to click the button :com.theranos.me:id/add
Click button : com.theranos.me:id/add successful
waiting for element
system executed the script successful 
Trying to click the button :android:id/button1
Click button : android:id/button1 successful
waiting for element
system executed the script successful 
Trying to click the button :com.theranos.me:id/test_menu_clipboard
Click button : com.theranos.me:id/test_menu_clipboard successful
waiting for element
system executed the script successful 
waiting for element
system executed the script successful 
Trying to get text on field :com.theranos.me:id/order_summary_test_name with value = :
get text on field value is : Calcium
Trying to get text on field :com.theranos.me:id/order_summary_test_price with value = :
get text on field value is : $3.51
waiting for element
system executed the script successful 
Trying to click the button :com.theranos.me:id/order_summary_state_selection_text
Click button : com.theranos.me:id/order_summary_state_selection_text successful
waiting for element
system executed the script successful 
Trying to click the button :Arizona
Click button : Arizona successful
waiting for element
system executed the script successful 
Trying to click the button :com.theranos.me:id/order_summary_button
Click button : com.theranos.me:id/order_summary_button successful
waiting for element
system executed the script successful 
Trying to get text on field :Order Created! with value = :
get text on field value is : Order Created!
waiting for element
system executed the script successful 
Trying to click the button :android.widget.ImageButton
Click button : android.widget.ImageButton successful
waiting for element
system executed the script successful 
waiting for element
system executed the script successful 
Trying to click the button :android.widget.ImageButton
Click button : android.widget.ImageButton successful
Trying to click the button :Dashboard
Click button : Dashboard successful
waiting for element
system executed the script successful 
Trying to get text on field :Browse Tests with value = :
get text on field value is : Browse Tests
waiting for element
system executed the script successful 
Trying to get text on field :Browse Tests with value = :
get text on field value is : Browse Tests
Trying to click the button :android.widget.ImageButton
Click button : android.widget.ImageButton successful
waiting for element
system executed the script successful 
Trying to click the button :com.theranos.me:id/menu_item_text
Click button : com.theranos.me:id/menu_item_text successful
waiting for element
system executed the script successful 
Trying to click the button :Log Out
Click button : Log Out successful
waiting for element
system executed the script successful 
Trying to get text on field :Need help logging in? with value = :
get text on field value is : Need help logging in?</StdOut>
          </Output>
        </UnitTestResult>
        <UnitTestResult executionId="49087e5e-f42e-47fc-ab13-9044ce38a33d" parentExecutionId="9184c227-6e75-418e-b280-7ca28828642a" testId="b3adeec5-cd82-5121-754d-7a279018361c" testName="CheckStateIsAdded" computerName="GSR-D076" duration="00:02:04.4866071" startTime="2016-03-17T14:12:48.5162099+05:30" endTime="2016-03-17T14:14:53.0913148+05:30" testType="13cdc9d9-ddb5-4fa4-a97d-d965ccfc6d4b" outcome="Passed" testListId="8c84fa94-04c1-424b-9868-57a2d4851a1d" relativeResultsDirectory="49087e5e-f42e-47fc-ab13-9044ce38a33d">
          <Output>
            <StdOut>Executing Appium Script
waiting for element
system executed the script successful 
Trying to set text on field :com.theranos.me:id/login_username_edit with value = gsrautoh
Set text on field : com.theranos.me:id/login_username_edit successful
Trying to set text on field :com.theranos.me:id/login_password_edit with value = Theranos1
Set text on field : com.theranos.me:id/login_password_edit successful
Trying to click the button :com.theranos.me:id/bottom_button_text
Click button : com.theranos.me:id/bottom_button_text successful
waiting for element
system executed the script successful 
Trying to get text on field :Browse Tests with value = :
get text on field value is : Browse Tests
waiting for element
system executed the script successful 
waiting for element
system executed the script successful 
Trying to click the button :android.widget.ImageButton
Click button : android.widget.ImageButton successful
Trying to click the button :Orders
Click button : Orders successful
waiting for element
system executed the script successful 
waiting for element
system executed the script successful 
Trying to click the button :com.theranos.me:id/lab_orders_new_button
Click button : com.theranos.me:id/lab_orders_new_button successful
waiting for element
system executed the script successful 
Trying to click the button :Order from Test Menu
Click button : Order from Test Menu successful
waiting for element
system executed the script successful 
waiting for element
system executed the script successful 
Trying to click the button :com.theranos.me:id/search
Click button : com.theranos.me:id/search successful
waiting for element
system executed the script successful 
Trying to set text on field :Search by name or code with value = Calcium
Set text on field : Search by name or code successful
waiting for element
system executed the script successful 
Trying to get text on field :com.theranos.me:id/name with value = :
get text on field value is : Calcium
Trying to get text on field :com.theranos.me:id/panel_code with value = :
get text on field value is : CAL1, CPT: 82310
Trying to get text on field :com.theranos.me:id/state_availability with value = :
get text on field value is : Available for Direct Testing in AZ
Trying to get text on field :com.theranos.me:id/price with value = :
get text on field value is : $3.51
waiting for element
system executed the script successful 
Trying to click the button :com.theranos.me:id/add
Click button : com.theranos.me:id/add successful
waiting for element
system executed the script successful 
Trying to click the button :android:id/button1
Click button : android:id/button1 successful
waiting for element
system executed the script successful 
Trying to click the button :com.theranos.me:id/test_menu_clipboard
Click button : com.theranos.me:id/test_menu_clipboard successful
waiting for element
system executed the script successful 
waiting for element
system executed the script successful 
Trying to click the button :com.theranos.me:id/order_summary_state_selection_text
Click button : com.theranos.me:id/order_summary_state_selection_text successful
waiting for element
system executed the script successful 
Trying to click the button :Arizona
Click button : Arizona successful
waiting for element
system executed the script successful 
Trying to get text on field :com.theranos.me:id/cv_inputbase_inputfield with value = :
get text on field value is : Arizona
waiting for element
system executed the script successful 
Trying to click the button :com.theranos.me:id/order_summary_button
Click button : com.theranos.me:id/order_summary_button successful
waiting for element
system executed the script successful 
Trying to get text on field :Order Created! with value = :
get text on field value is : Order Created!
waiting for element
system executed the script successful 
Trying to click the button :android.widget.ImageButton
Click button : android.widget.ImageButton successful
waiting for element
system executed the script successful 
waiting for element
system executed the script successful 
Trying to click the button :android.widget.ImageButton
Click button : android.widget.ImageButton successful
waiting for element
system executed the script successful 
Trying to click the button :com.theranos.me:id/menu_item_text
Click button : com.theranos.me:id/menu_item_text successful
waiting for element
system executed the script successful 
Trying to click the button :Log Out
Click button : Log Out successful
waiting for element
system executed the script successful 
Trying to get text on field :Need help logging in? with value = :
get text on field value is : Need help logging in?</StdOut>
          </Output>
        </UnitTestResult>
        <UnitTestResult executionId="26252cc1-0f64-446a-a76b-f6980d32ccc7" parentExecutionId="9184c227-6e75-418e-b280-7ca28828642a" testId="0c06edc6-1278-6d5b-2eb6-bc4ff74abcdc" testName="CheckCenterIsDisplayed" computerName="GSR-D076" duration="00:01:57.0231496" startTime="2016-03-17T14:14:53.0913148+05:30" endTime="2016-03-17T14:16:50.1637246+05:30" testType="13cdc9d9-ddb5-4fa4-a97d-d965ccfc6d4b" outcome="Passed" testListId="8c84fa94-04c1-424b-9868-57a2d4851a1d" relativeResultsDirectory="26252cc1-0f64-446a-a76b-f6980d32ccc7">
          <Output>
            <StdOut>Executing Appium Script
waiting for element
system executed the script successful 
Trying to set text on field :com.theranos.me:id/login_username_edit with value = gsrautoh
Set text on field : com.theranos.me:id/login_username_edit successful
Trying to set text on field :com.theranos.me:id/login_password_edit with value = Theranos1
Set text on field : com.theranos.me:id/login_password_edit successful
Trying to click the button :com.theranos.me:id/bottom_button_text
Click button : com.theranos.me:id/bottom_button_text successful
waiting for element
system executed the script successful 
Trying to get text on field :Browse Tests with value = :
get text on field value is : Browse Tests
waiting for element
system executed the script successful 
waiting for element
system executed the script successful 
Trying to click the button :android.widget.ImageButton
Click button : android.widget.ImageButton successful
Trying to click the button :Orders
Click button : Orders successful
waiting for element
system executed the script successful 
waiting for element
system executed the script successful 
Trying to click the button :com.theranos.me:id/lab_orders_new_button
Click button : com.theranos.me:id/lab_orders_new_button successful
waiting for element
system executed the script successful 
Trying to click the button :Order from Test Menu
Click button : Order from Test Menu successful
waiting for element
system executed the script successful 
waiting for element
system executed the script successful 
Trying to click the button :com.theranos.me:id/search
Click button : com.theranos.me:id/search successful
waiting for element
system executed the script successful 
Trying to set text on field :Search by name or code with value = 84460
Set text on field : Search by name or code successful
waiting for element
system executed the script successful 
Trying to click the button :com.theranos.me:id/add
Click button : com.theranos.me:id/add successful
waiting for element
system executed the script successful 
Trying to click the button :android:id/button1
Click button : android:id/button1 successful
waiting for element
system executed the script successful 
Trying to click the button :com.theranos.me:id/test_menu_clipboard
Click button : com.theranos.me:id/test_menu_clipboard successful
waiting for element
system executed the script successful 
waiting for element
system executed the script successful 
Trying to click the button :com.theranos.me:id/order_summary_state_selection_text
Click button : com.theranos.me:id/order_summary_state_selection_text successful
waiting for element
system executed the script successful 
Trying to click the button :Arizona
Click button : Arizona successful
waiting for element
system executed the script successful 
Trying to get text on field :com.theranos.me:id/cv_inputbase_inputfield with value = :
get text on field value is : Arizona
waiting for element
system executed the script successful 
Trying to click the button :com.theranos.me:id/order_summary_button
Click button : com.theranos.me:id/order_summary_button successful
waiting for element
system executed the script successful 
Trying to get text on field :Order Created! with value = :
get text on field value is : Order Created!
waiting for element
system executed the script successful 
Trying to get text on field :com.theranos.me:id/bottom_button_text with value = :
get text on field value is : Find a Center
waiting for element
system executed the script successful 
Trying to click the button :android.widget.ImageButton
Click button : android.widget.ImageButton successful
waiting for element
system executed the script successful 
waiting for element
system executed the script successful 
Trying to click the button :android.widget.ImageButton
Click button : android.widget.ImageButton successful
waiting for element
system executed the script successful 
Trying to click the button :com.theranos.me:id/menu_item_text
Click button : com.theranos.me:id/menu_item_text successful
waiting for element
system executed the script successful 
Trying to click the button :Log Out
Click button : Log Out successful
waiting for element
system executed the script successful 
Trying to get text on field :Need help logging in? with value = :
get text on field value is : Need help logging in?</StdOut>
          </Output>
        </UnitTestResult>
        <UnitTestResult executionId="4d07fa37-b5ed-4c5d-8cf9-d513dbc0b2df" parentExecutionId="9184c227-6e75-418e-b280-7ca28828642a" testId="825ce4d4-ac01-03d6-e029-3fcd6fc3e4da" testName="CheckPanelTest" computerName="GSR-D076" duration="00:02:40.7171957" startTime="2016-03-17T14:16:50.1647248+05:30" endTime="2016-03-17T14:19:30.9178690+05:30" testType="13cdc9d9-ddb5-4fa4-a97d-d965ccfc6d4b" outcome="Passed" testListId="8c84fa94-04c1-424b-9868-57a2d4851a1d" relativeResultsDirectory="4d07fa37-b5ed-4c5d-8cf9-d513dbc0b2df">
          <Output>
            <StdOut>Executing Appium Script
waiting for element
system executed the script successful 
Trying to set text on field :com.theranos.me:id/login_username_edit with value = gsrautoh
Set text on field : com.theranos.me:id/login_username_edit successful
Trying to set text on field :com.theranos.me:id/login_password_edit with value = Theranos1
Set text on field : com.theranos.me:id/login_password_edit successful
Trying to click the button :com.theranos.me:id/bottom_button_text
Click button : com.theranos.me:id/bottom_button_text successful
waiting for element
system executed the script successful 
Trying to get text on field :Browse Tests with value = :
get text on field value is : Browse Tests
waiting for element
system executed the script successful 
waiting for element
system executed the script successful 
Trying to click the button :android.widget.ImageButton
Click button : android.widget.ImageButton successful
Trying to click the button :Orders
Click button : Orders successful
waiting for element
system executed the script successful 
waiting for element
system executed the script successful 
Trying to click the button :com.theranos.me:id/lab_orders_new_button
Click button : com.theranos.me:id/lab_orders_new_button successful
waiting for element
system executed the script successful 
Trying to click the button :Order from Test Menu
Click button : Order from Test Menu successful
waiting for element
system executed the script successful 
waiting for element
system executed the script successful 
Trying to click the button :com.theranos.me:id/search
Click button : com.theranos.me:id/search successful
waiting for element
system executed the script successful 
Trying to set text on field :Search by name or code with value = Basic Metabolic Panel (BMP)
Set text on field : Search by name or code successful
waiting for element
system executed the script successful 
waiting for element
system executed the script successful 
Trying to click the button :com.theranos.me:id/add
Click button : com.theranos.me:id/add successful
waiting for element
system executed the script successful 
Trying to click the button :android:id/button1
Click button : android:id/button1 successful
waiting for element
system executed the script successful 
Trying to click the button :com.theranos.me:id/test_menu_clipboard
Click button : com.theranos.me:id/test_menu_clipboard successful
waiting for element
system executed the script successful 
waiting for element
system executed the script successful 
Trying to click the button :com.theranos.me:id/order_summary_state_selection_text
Click button : com.theranos.me:id/order_summary_state_selection_text successful
waiting for element
system executed the script successful 
Trying to click the button :Arizona
Click button : Arizona successful
waiting for element
system executed the script successful 
Trying to click the button :com.theranos.me:id/order_summary_button
Click button : com.theranos.me:id/order_summary_button successful
waiting for element
system executed the script successful 
Trying to get text on field :Order Created! with value = :
get text on field value is : Order Created!
waiting for element
system executed the script successful 
Trying to click the button :android.widget.ImageButton
Click button : android.widget.ImageButton successful
waiting for element
system executed the script successful 
waiting for element
system executed the script successful 
Trying to click the button :android.widget.ImageButton
Click button : android.widget.ImageButton successful
Trying to click the button :Dashboard
Click button : Dashboard successful
waiting for element
system executed the script successful 
Trying to get text on field :Browse Tests with value = :
get text on field value is : Browse Tests
waiting for element
system executed the script successful 
Trying to get text on field :Browse Tests with value = :
get text on field value is : Browse Tests
Trying to click the button :android.widget.ImageButton
Click button : android.widget.ImageButton successful
waiting for element
system executed the script successful 
Trying to click the button :com.theranos.me:id/menu_item_text
Click button : com.theranos.me:id/menu_item_text successful
waiting for element
system executed the script successful 
Trying to click the button :Log Out
Click button : Log Out successful
waiting for element
system executed the script successful 
Trying to get text on field :Need help logging in? with value = :
get text on field value is : Need help logging in?</StdOut>
          </Output>
        </UnitTestResult>
        <UnitTestResult executionId="f58f66e5-07a9-412f-84c6-f64a20af416a" parentExecutionId="9184c227-6e75-418e-b280-7ca28828642a" testId="0c06edc6-1278-6d5b-2eb6-bc4ff74abcdc" testName="CheckCenterIsDisplayed" computerName="GSR-D076" duration="00:01:51.9854384" startTime="2016-03-17T14:19:30.9178690+05:30" endTime="2016-03-17T14:21:22.9262662+05:30" testType="13cdc9d9-ddb5-4fa4-a97d-d965ccfc6d4b" outcome="Passed" testListId="8c84fa94-04c1-424b-9868-57a2d4851a1d" relativeResultsDirectory="f58f66e5-07a9-412f-84c6-f64a20af416a">
          <Output>
            <StdOut>Executing Appium Script
waiting for element
system executed the script successful 
Trying to set text on field :com.theranos.me:id/login_username_edit with value = gsrautoh
Set text on field : com.theranos.me:id/login_username_edit successful
Trying to set text on field :com.theranos.me:id/login_password_edit with value = Theranos1
Set text on field : com.theranos.me:id/login_password_edit successful
Trying to click the button :com.theranos.me:id/bottom_button_text
Click button : com.theranos.me:id/bottom_button_text successful
waiting for element
system executed the script successful 
Trying to get text on field :Browse Tests with value = :
get text on field value is : Browse Tests
waiting for element
system executed the script successful 
waiting for element
system executed the script successful 
Trying to click the button :android.widget.ImageButton
Click button : android.widget.ImageButton successful
Trying to click the button :Orders
Click button : Orders successful
waiting for element
system executed the script successful 
waiting for element
system executed the script successful 
Trying to click the button :com.theranos.me:id/lab_orders_new_button
Click button : com.theranos.me:id/lab_orders_new_button successful
waiting for element
system executed the script successful 
Trying to click the button :Order from Test Menu
Click button : Order from Test Menu successful
waiting for element
system executed the script successful 
waiting for element
system executed the script successful 
Trying to click the button :com.theranos.me:id/search
Click button : com.theranos.me:id/search successful
waiting for element
system executed the script successful 
Trying to set text on field :Search by name or code with value = 84460
Set text on field : Search by name or code successful
waiting for element
system executed the script successful 
Trying to click the button :com.theranos.me:id/add
Click button : com.theranos.me:id/add successful
waiting for element
system executed the script successful 
Trying to click the button :android:id/button1
Click button : android:id/button1 successful
waiting for element
system executed the script successful 
Trying to click the button :com.theranos.me:id/test_menu_clipboard
Click button : com.theranos.me:id/test_menu_clipboard successful
waiting for element
system executed the script successful 
waiting for element
system executed the script successful 
Trying to click the button :com.theranos.me:id/order_summary_state_selection_text
Click button : com.theranos.me:id/order_summary_state_selection_text successful
waiting for element
system executed the script successful 
Trying to click the button :Arizona
Click button : Arizona successful
waiting for element
system executed the script successful 
Trying to get text on field :com.theranos.me:id/cv_inputbase_inputfield with value = :
get text on field value is : Arizona
waiting for element
system executed the script successful 
Trying to click the button :com.theranos.me:id/order_summary_button
Click button : com.theranos.me:id/order_summary_button successful
waiting for element
system executed the script successful 
Trying to get text on field :Order Created! with value = :
get text on field value is : Order Created!
waiting for element
system executed the script successful 
Trying to get text on field :com.theranos.me:id/bottom_button_text with value = :
get text on field value is : Find a Center
waiting for element
system executed the script successful 
Trying to click the button :android.widget.ImageButton
Click button : android.widget.ImageButton successful
waiting for element
system executed the script successful 
waiting for element
system executed the script successful 
Trying to click the button :android.widget.ImageButton
Click button : android.widget.ImageButton successful
waiting for element
system executed the script successful 
Trying to click the button :com.theranos.me:id/menu_item_text
Click button : com.theranos.me:id/menu_item_text successful
waiting for element
system executed the script successful 
Trying to click the button :Log Out
Click button : Log Out successful
waiting for element
system executed the script successful 
Trying to get text on field :Need help logging in? with value = :
get text on field value is : Need help logging in?</StdOut>
          </Output>
        </UnitTestResult>
        <UnitTestResult executionId="3f07d85b-992d-406c-aff5-28ce3d4999e9" parentExecutionId="9184c227-6e75-418e-b280-7ca28828642a" testId="67f1bfae-78d0-af22-4548-7e4bae53adff" testName="CheckCenterLocations" computerName="GSR-D076" duration="00:01:13.7971651" startTime="2016-03-17T14:21:22.9272664+05:30" endTime="2016-03-17T14:22:36.7570294+05:30" testType="13cdc9d9-ddb5-4fa4-a97d-d965ccfc6d4b" outcome="Passed" testListId="8c84fa94-04c1-424b-9868-57a2d4851a1d" relativeResultsDirectory="3f07d85b-992d-406c-aff5-28ce3d4999e9">
          <Output>
            <StdOut>Executing Appium Script
waiting for element
system executed the script successful 
Trying to set text on field :com.theranos.me:id/login_username_edit with value = gsrautoh
Set text on field : com.theranos.me:id/login_username_edit successful
Trying to set text on field :com.theranos.me:id/login_password_edit with value = Theranos1
Set text on field : com.theranos.me:id/login_password_edit successful
Trying to click the button :com.theranos.me:id/bottom_button_text
Click button : com.theranos.me:id/bottom_button_text successful
waiting for element
system executed the script successful 
Trying to get text on field :Browse Tests with value = :
get text on field value is : Browse Tests
waiting for element
system executed the script successful 
Trying to click the button :com.theranos.me:id/dashboard_centers
Click button : com.theranos.me:id/dashboard_centers successful
waiting for element
system executed the script successful 
Trying to get text on field :com.theranos.me:id/location_name_1 with value = :
get text on field value is : Theranos Wellness Center™
Trying to get text on field :com.theranos.me:id/location_distance with value = :
get text on field value is : 2.6 mi
Trying to get text on field :com.theranos.me:id/location_name_2 with value = :
get text on field value is : Theranos
Trying to get text on field :com.theranos.me:id/location_address with value = :
get text on field value is : 3200 Hillview Ave, Palo Alto
Trying to click the button :android.widget.ImageButton
Click button : android.widget.ImageButton successful
waiting for element
system executed the script successful 
Trying to click the button :com.theranos.me:id/menu_item_text
Click button : com.theranos.me:id/menu_item_text successful
waiting for element
system executed the script successful 
Trying to click the button :Log Out
Click button : Log Out successful
waiting for element
system executed the script successful 
Trying to get text on field :Need help logging in? with value = :
get text on field value is : Need help logging in?</StdOut>
          </Output>
        </UnitTestResult>
      </InnerResults>
    </TestResultAggregation>
  </Results>
</TestRun>