<?xml version="1.0" encoding="UTF-8"?>
<TestRun id="0251d9e9-60ff-4840-9fcf-da8ef44fc304" name="Chanduru.s@GSR-D0122 2016-03-28 10:36:23" runUser="GSRCHENNAI\Chanduru.s" xmlns="http://microsoft.com/schemas/VisualStudio/TeamTest/2010">
  <TestSettings name="Default Test Settings" id="16b0ac5a-0e6d-4ece-ad1b-c97a47bcbc5d">
    <Execution>
      <TestTypeSpecific />
      <AgentRule name="Execution Agents">
      </AgentRule>
    </Execution>
    <Deployment runDeploymentRoot="Chanduru.s_GSR-D0122 2016-03-28 10_36_23" />
    <Properties />
  </TestSettings>
  <Times creation="2016-03-28T10:36:23.6212343+05:30" queuing="2016-03-28T10:36:24.9263191+05:30" start="2016-03-28T10:36:24.9874167+05:30" finish="2016-03-28T10:36:42.1438231+05:30" />
  <ResultSummary outcome="Error">
    <Counters total="1" executed="1" error="1" failed="0" timeout="0" aborted="0" inconclusive="0" passedButRunAborted="0" notRunnable="0" notExecuted="0" disconnected="0" warning="0" passed="0" completed="0" inProgress="0" pending="0" />
  </ResultSummary>
  <TestDefinitions>
    <UnitTest name="Scenario1" storage="theranos.automation.me.android.dll" id="efed3fd1-d098-4dda-3a46-925659381346">
      <Execution id="b405784d-26f6-4bf0-bc3a-bcfef9efe84a" />
      <TestMethod codeBase="C:/csampathkumar/Source/Theranos.Test-Automation/References/Internal/.ME Android/Theranos.Automation.ME.Android.dll" adapterTypeName="Microsoft.VisualStudio.TestTools.TestTypes.Unit.UnitTestAdapter, Microsoft.VisualStudio.QualityTools.Tips.UnitTest.Adapter, Version=12.0.0.0, Culture=neutral, PublicKeyToken=b03f5f7f11d50a3a" className="Theranos.Automation.ME.Android.Scenario, Theranos.Automation.ME.Android, Version=1.0.0.0, Culture=neutral, PublicKeyToken=null" name="Scenario1" />
    </UnitTest>
  </TestDefinitions>
  <TestLists>
    <TestList name="Results Not in a List" id="8c84fa94-04c1-424b-9868-57a2d4851a1d" />
    <TestList name="All Loaded Results" id="19431567-8539-422a-85d7-44ee4e166bda" />
  </TestLists>
  <TestEntries>
    <TestEntry testId="efed3fd1-d098-4dda-3a46-925659381346" executionId="b405784d-26f6-4bf0-bc3a-bcfef9efe84a" testListId="8c84fa94-04c1-424b-9868-57a2d4851a1d" />
  </TestEntries>
  <Results>
    <UnitTestResult executionId="b405784d-26f6-4bf0-bc3a-bcfef9efe84a" testId="efed3fd1-d098-4dda-3a46-925659381346" testName="Scenario1" computerName="GSR-D0122" startTime="2016-03-28T10:36:25.0455095+05:30" endTime="2016-03-28T10:36:42.0967479+05:30" testType="13cdc9d9-ddb5-4fa4-a97d-d965ccfc6d4b" testListId="8c84fa94-04c1-424b-9868-57a2d4851a1d" relativeResultsDirectory="b405784d-26f6-4bf0-bc3a-bcfef9efe84a">
      <Output>
        <ErrorInfo>
          <Message>The agent process was stopped while the test was running.</Message>
        </ErrorInfo>
      </Output>
    </UnitTestResult>
  </Results>
</TestRun>